INFO - 2024-07-17 19:09:03 --> *****************************************************************************
INFO - 2024-07-17 19:09:03 --> *******************      editando_extension_old     ************************
INFO - 2024-07-17 19:09:03 -->  Extension:      =   16,       Nombre  = SOLICITUD ANATOMIA,    Tipo = 2   
INFO - 2024-07-17 19:09:03 -->  Padre           =   15, check   = 1                      
INFO - 2024-07-17 19:09:03 -->  arrPrivilegios  =   ["6"]                    
INFO - 2024-07-17 19:09:03 --> *****************************************************************************
INFO - 2024-07-17 19:14:46 --> **************************************************************************** 
INFO - 2024-07-17 19:14:46 --> *******************      editando_extension_old     ************************ 
INFO - 2024-07-17 19:14:46 -->  Extension:      =   16,       Nombre  = SOLICITUD ANATOMIA,    Tipo = 2   
INFO - 2024-07-17 19:14:46 -->  Padre           =   15, check   = 1                      
INFO - 2024-07-17 19:14:46 -->  arrPrivilegios  =   ["6"]                    
INFO - 2024-07-17 19:14:46 -->  sigMen  =   0
INFO - 2024-07-17 19:14:46 -->  idExt   =   16
INFO - 2024-07-17 19:14:46 -->  idPer   =   6
INFO - 2024-07-17 19:14:47 -->  sigMen  =   1
INFO - 2024-07-17 19:14:47 -->  idExt   =   15
INFO - 2024-07-17 19:14:47 -->  idPer   =   6
INFO - 2024-07-17 19:14:47 -->  sigMen  =   2
INFO - 2024-07-17 19:14:47 -->  idExt   =   14
INFO - 2024-07-17 19:14:47 -->  idPer   =   6
INFO - 2024-07-17 19:14:47 --> *****************************************************************************
INFO - 2024-07-17 19:16:07 --> **************************************************************************** 
INFO - 2024-07-17 19:16:07 --> *******************      editando_extension_old     ************************ 
INFO - 2024-07-17 19:16:07 -->  Extension:      =   14,       Nombre  = ANATOMIA PATOLOGICA,    Tipo = 0   
INFO - 2024-07-17 19:16:07 -->  Padre           =   0, check   = 1                      
INFO - 2024-07-17 19:16:07 -->  arrPrivilegios  =   ["1","6","7"]                    
INFO - 2024-07-17 19:16:07 -->  sigMen  =   0
INFO - 2024-07-17 19:16:07 -->  idExt   =   14
INFO - 2024-07-17 19:16:07 -->  idPer   =   1
INFO - 2024-07-17 19:16:07 -->  sigMen  =   0
INFO - 2024-07-17 19:16:07 -->  idExt   =   14
INFO - 2024-07-17 19:16:07 -->  idPer   =   6
INFO - 2024-07-17 19:16:07 -->  sigMen  =   0
INFO - 2024-07-17 19:16:07 -->  idExt   =   14
INFO - 2024-07-17 19:16:07 -->  idPer   =   7
INFO - 2024-07-17 19:16:07 --> *****************************************************************************
INFO - 2024-07-17 19:20:06 --> **************************************************************************** 
INFO - 2024-07-17 19:20:06 --> *******************      editando_extension_old     ************************ 
INFO - 2024-07-17 19:20:06 -->  Extension:      =   7,       Nombre  = DIALISIS,    Tipo = 0   
INFO - 2024-07-17 19:20:06 -->  Padre           =   0, check   = 1                      
INFO - 2024-07-17 19:20:06 -->  arrPrivilegios  =   ["1"]                    
INFO - 2024-07-17 19:20:06 -->  ---------------------------------   
INFO - 2024-07-17 19:20:06 -->  aux     =   0
INFO - 2024-07-17 19:20:06 -->  sigMen  =   0
INFO - 2024-07-17 19:20:06 -->  idExt   =   7
INFO - 2024-07-17 19:20:06 -->  idPer   =   1
INFO - 2024-07-17 19:20:06 --> *****************************************************************************
INFO - 2024-07-17 19:20:18 --> **************************************************************************** 
INFO - 2024-07-17 19:20:18 --> *******************      editando_extension_old     ************************ 
INFO - 2024-07-17 19:20:18 -->  Extension:      =   4,       Nombre  = PRESTADORES,    Tipo = 0   
INFO - 2024-07-17 19:20:18 -->  Padre           =   0, check   = 1                      
INFO - 2024-07-17 19:20:18 -->  arrPrivilegios  =   ["1"]                    
INFO - 2024-07-17 19:20:18 -->  ---------------------------------   
INFO - 2024-07-17 19:20:18 -->  aux     =   0
INFO - 2024-07-17 19:20:18 -->  sigMen  =   0
INFO - 2024-07-17 19:20:18 -->  idExt   =   4
INFO - 2024-07-17 19:20:18 -->  idPer   =   1
INFO - 2024-07-17 19:20:18 --> *****************************************************************************
INFO - 2024-07-17 19:20:30 --> **************************************************************************** 
INFO - 2024-07-17 19:20:30 --> *******************      editando_extension_old     ************************ 
INFO - 2024-07-17 19:20:30 -->  Extension:      =   1,       Nombre  = BDU PACIENTES,    Tipo = 0   
INFO - 2024-07-17 19:20:30 -->  Padre           =   0, check   = 1                      
INFO - 2024-07-17 19:20:30 -->  arrPrivilegios  =   ["1"]                    
INFO - 2024-07-17 19:20:30 -->  ---------------------------------   
INFO - 2024-07-17 19:20:30 -->  aux     =   0
INFO - 2024-07-17 19:20:30 -->  sigMen  =   0
INFO - 2024-07-17 19:20:30 -->  idExt   =   1
INFO - 2024-07-17 19:20:30 -->  idPer   =   1
INFO - 2024-07-17 19:20:30 --> *****************************************************************************
INFO - 2024-07-17 19:26:30 --> *****************************************************************************
INFO - 2024-07-17 19:26:43 --> *****************************************************************************
INFO - 2024-07-17 19:27:02 --> *****************************************************************************
