CRITICAL - 2023-11-28 13:16:43 --> Undefined variable $db
in APPPATH/Models/UserModel.php on line 19.
 1 APPPATH/Models/UserModel.php(19): CodeIgniter\Debug\Exceptions->errorHandler()
 2 APPPATH/Controllers/Home.php(22): App\Models\UserModel->ini_contendido()
 3 SYSTEMPATH/CodeIgniter.php(919): App\Controllers\Home->administrador()
 4 SYSTEMPATH/CodeIgniter.php(494): CodeIgniter\CodeIgniter->runController()
 5 SYSTEMPATH/CodeIgniter.php(353): CodeIgniter\CodeIgniter->handleRequest()
 6 FCPATH/index.php(79): CodeIgniter\CodeIgniter->run()
ERROR - 2023-11-28 13:17:33 --> mysqli_sql_exception: You have an error in your SQL syntax; check the manual that corresponds to your MySQL server version for the right syntax to use near 'WHERE PER_ESTADO = 1' at line 1 in /app/myapp/system/Database/MySQLi/Connection.php:306
Stack trace:
#0 /app/myapp/system/Database/MySQLi/Connection.php(306): mysqli->query()
#1 /app/myapp/system/Database/BaseConnection.php(692): CodeIgniter\Database\MySQLi\Connection->execute()
#2 /app/myapp/system/Database/BaseConnection.php(606): CodeIgniter\Database\BaseConnection->simpleQuery()
#3 /app/myapp/app/Models/UserModel.php(17): CodeIgniter\Database\BaseConnection->query()
#4 /app/myapp/app/Controllers/Home.php(22): App\Models\UserModel->ini_contendido()
#5 /app/myapp/system/CodeIgniter.php(919): App\Controllers\Home->administrador()
#6 /app/myapp/system/CodeIgniter.php(494): CodeIgniter\CodeIgniter->runController()
#7 /app/myapp/system/CodeIgniter.php(353): CodeIgniter\CodeIgniter->handleRequest()
#8 /app/myapp/public/index.php(79): CodeIgniter\CodeIgniter->run()
#9 {main}
CRITICAL - 2023-11-28 13:17:33 --> You have an error in your SQL syntax; check the manual that corresponds to your MySQL server version for the right syntax to use near 'WHERE PER_ESTADO = 1' at line 1
in SYSTEMPATH/Database/BaseConnection.php on line 646.
 1 APPPATH/Models/UserModel.php(17): CodeIgniter\Database\BaseConnection->query()
 2 APPPATH/Controllers/Home.php(22): App\Models\UserModel->ini_contendido()
 3 SYSTEMPATH/CodeIgniter.php(919): App\Controllers\Home->administrador()
 4 SYSTEMPATH/CodeIgniter.php(494): CodeIgniter\CodeIgniter->runController()
 5 SYSTEMPATH/CodeIgniter.php(353): CodeIgniter\CodeIgniter->handleRequest()
 6 FCPATH/index.php(79): CodeIgniter\CodeIgniter->run()
ERROR - 2023-11-28 13:20:18 --> mysqli_sql_exception: You have an error in your SQL syntax; check the manual that corresponds to your MySQL server version for the right syntax to use near 'WHERE PER_ESTADO = 1' at line 1 in /app/myapp/system/Database/MySQLi/Connection.php:306
Stack trace:
#0 /app/myapp/system/Database/MySQLi/Connection.php(306): mysqli->query()
#1 /app/myapp/system/Database/BaseConnection.php(692): CodeIgniter\Database\MySQLi\Connection->execute()
#2 /app/myapp/system/Database/BaseConnection.php(606): CodeIgniter\Database\BaseConnection->simpleQuery()
#3 /app/myapp/app/Models/UserModel.php(17): CodeIgniter\Database\BaseConnection->query()
#4 /app/myapp/app/Controllers/Home.php(22): App\Models\UserModel->ini_contendido()
#5 /app/myapp/system/CodeIgniter.php(919): App\Controllers\Home->administrador()
#6 /app/myapp/system/CodeIgniter.php(494): CodeIgniter\CodeIgniter->runController()
#7 /app/myapp/system/CodeIgniter.php(353): CodeIgniter\CodeIgniter->handleRequest()
#8 /app/myapp/public/index.php(79): CodeIgniter\CodeIgniter->run()
#9 {main}
CRITICAL - 2023-11-28 13:20:18 --> You have an error in your SQL syntax; check the manual that corresponds to your MySQL server version for the right syntax to use near 'WHERE PER_ESTADO = 1' at line 1
in SYSTEMPATH/Database/BaseConnection.php on line 646.
 1 APPPATH/Models/UserModel.php(17): CodeIgniter\Database\BaseConnection->query()
 2 APPPATH/Controllers/Home.php(22): App\Models\UserModel->ini_contendido()
 3 SYSTEMPATH/CodeIgniter.php(919): App\Controllers\Home->administrador()
 4 SYSTEMPATH/CodeIgniter.php(494): CodeIgniter\CodeIgniter->runController()
 5 SYSTEMPATH/CodeIgniter.php(353): CodeIgniter\CodeIgniter->handleRequest()
 6 FCPATH/index.php(79): CodeIgniter\CodeIgniter->run()
CRITICAL - 2023-11-28 13:21:13 --> Array to string conversion
in APPPATH/Views/administrador.php on line 47.
 1 APPPATH/Views/administrador.php(47): CodeIgniter\Debug\Exceptions->errorHandler()
 2 SYSTEMPATH/View/View.php(226): include('/app/myapp/app/Views/administrador.php')
 3 SYSTEMPATH/View/View.php(229): CodeIgniter\View\View->CodeIgniter\View\{closure}()
 4 SYSTEMPATH/Common.php(1188): CodeIgniter\View\View->render()
 5 APPPATH/Controllers/Home.php(25): view()
 6 SYSTEMPATH/CodeIgniter.php(919): App\Controllers\Home->administrador()
 7 SYSTEMPATH/CodeIgniter.php(494): CodeIgniter\CodeIgniter->runController()
 8 SYSTEMPATH/CodeIgniter.php(353): CodeIgniter\CodeIgniter->handleRequest()
 9 FCPATH/index.php(79): CodeIgniter\CodeIgniter->run()
CRITICAL - 2023-11-28 13:21:58 --> Array to string conversion
in APPPATH/Views/administrador.php on line 47.
 1 APPPATH/Views/administrador.php(47): CodeIgniter\Debug\Exceptions->errorHandler()
 2 SYSTEMPATH/View/View.php(226): include('/app/myapp/app/Views/administrador.php')
 3 SYSTEMPATH/View/View.php(229): CodeIgniter\View\View->CodeIgniter\View\{closure}()
 4 SYSTEMPATH/Common.php(1188): CodeIgniter\View\View->render()
 5 APPPATH/Controllers/Home.php(25): view()
 6 SYSTEMPATH/CodeIgniter.php(919): App\Controllers\Home->administrador()
 7 SYSTEMPATH/CodeIgniter.php(494): CodeIgniter\CodeIgniter->runController()
 8 SYSTEMPATH/CodeIgniter.php(353): CodeIgniter\CodeIgniter->handleRequest()
 9 FCPATH/index.php(79): CodeIgniter\CodeIgniter->run()
CRITICAL - 2023-11-28 13:22:02 --> Array to string conversion
in APPPATH/Views/administrador.php on line 47.
 1 APPPATH/Views/administrador.php(47): CodeIgniter\Debug\Exceptions->errorHandler()
 2 SYSTEMPATH/View/View.php(226): include('/app/myapp/app/Views/administrador.php')
 3 SYSTEMPATH/View/View.php(229): CodeIgniter\View\View->CodeIgniter\View\{closure}()
 4 SYSTEMPATH/Common.php(1188): CodeIgniter\View\View->render()
 5 APPPATH/Controllers/Home.php(25): view()
 6 SYSTEMPATH/CodeIgniter.php(919): App\Controllers\Home->administrador()
 7 SYSTEMPATH/CodeIgniter.php(494): CodeIgniter\CodeIgniter->runController()
 8 SYSTEMPATH/CodeIgniter.php(353): CodeIgniter\CodeIgniter->handleRequest()
 9 FCPATH/index.php(79): CodeIgniter\CodeIgniter->run()
CRITICAL - 2023-11-28 13:22:08 --> Array to string conversion
in APPPATH/Views/administrador.php on line 47.
 1 APPPATH/Views/administrador.php(47): CodeIgniter\Debug\Exceptions->errorHandler()
 2 SYSTEMPATH/View/View.php(226): include('/app/myapp/app/Views/administrador.php')
 3 SYSTEMPATH/View/View.php(229): CodeIgniter\View\View->CodeIgniter\View\{closure}()
 4 SYSTEMPATH/Common.php(1188): CodeIgniter\View\View->render()
 5 APPPATH/Controllers/Home.php(25): view()
 6 SYSTEMPATH/CodeIgniter.php(919): App\Controllers\Home->administrador()
 7 SYSTEMPATH/CodeIgniter.php(494): CodeIgniter\CodeIgniter->runController()
 8 SYSTEMPATH/CodeIgniter.php(353): CodeIgniter\CodeIgniter->handleRequest()
 9 FCPATH/index.php(79): CodeIgniter\CodeIgniter->run()
CRITICAL - 2023-11-28 13:23:36 --> Array to string conversion
in APPPATH/Views/administrador.php on line 47.
 1 APPPATH/Views/administrador.php(47): CodeIgniter\Debug\Exceptions->errorHandler()
 2 SYSTEMPATH/View/View.php(226): include('/app/myapp/app/Views/administrador.php')
 3 SYSTEMPATH/View/View.php(229): CodeIgniter\View\View->CodeIgniter\View\{closure}()
 4 SYSTEMPATH/Common.php(1188): CodeIgniter\View\View->render()
 5 APPPATH/Controllers/Home.php(25): view()
 6 SYSTEMPATH/CodeIgniter.php(919): App\Controllers\Home->administrador()
 7 SYSTEMPATH/CodeIgniter.php(494): CodeIgniter\CodeIgniter->runController()
 8 SYSTEMPATH/CodeIgniter.php(353): CodeIgniter\CodeIgniter->handleRequest()
 9 FCPATH/index.php(79): CodeIgniter\CodeIgniter->run()
CRITICAL - 2023-11-28 13:23:38 --> Array to string conversion
in APPPATH/Views/administrador.php on line 47.
 1 APPPATH/Views/administrador.php(47): CodeIgniter\Debug\Exceptions->errorHandler()
 2 SYSTEMPATH/View/View.php(226): include('/app/myapp/app/Views/administrador.php')
 3 SYSTEMPATH/View/View.php(229): CodeIgniter\View\View->CodeIgniter\View\{closure}()
 4 SYSTEMPATH/Common.php(1188): CodeIgniter\View\View->render()
 5 APPPATH/Controllers/Home.php(25): view()
 6 SYSTEMPATH/CodeIgniter.php(919): App\Controllers\Home->administrador()
 7 SYSTEMPATH/CodeIgniter.php(494): CodeIgniter\CodeIgniter->runController()
 8 SYSTEMPATH/CodeIgniter.php(353): CodeIgniter\CodeIgniter->handleRequest()
 9 FCPATH/index.php(79): CodeIgniter\CodeIgniter->run()
CRITICAL - 2023-11-28 13:23:41 --> Undefined variable $arr
in APPPATH/Controllers/Home.php on line 22.
 1 APPPATH/Controllers/Home.php(22): CodeIgniter\Debug\Exceptions->errorHandler()
 2 SYSTEMPATH/CodeIgniter.php(919): App\Controllers\Home->administrador()
 3 SYSTEMPATH/CodeIgniter.php(494): CodeIgniter\CodeIgniter->runController()
 4 SYSTEMPATH/CodeIgniter.php(353): CodeIgniter\CodeIgniter->handleRequest()
 5 FCPATH/index.php(79): CodeIgniter\CodeIgniter->run()
CRITICAL - 2023-11-28 13:23:47 --> Undefined variable $arr
in APPPATH/Controllers/Home.php on line 22.
 1 APPPATH/Controllers/Home.php(22): CodeIgniter\Debug\Exceptions->errorHandler()
 2 SYSTEMPATH/CodeIgniter.php(919): App\Controllers\Home->administrador()
 3 SYSTEMPATH/CodeIgniter.php(494): CodeIgniter\CodeIgniter->runController()
 4 SYSTEMPATH/CodeIgniter.php(353): CodeIgniter\CodeIgniter->handleRequest()
 5 FCPATH/index.php(79): CodeIgniter\CodeIgniter->run()
CRITICAL - 2023-11-28 13:23:49 --> Undefined variable $arr
in APPPATH/Controllers/Home.php on line 22.
 1 APPPATH/Controllers/Home.php(22): CodeIgniter\Debug\Exceptions->errorHandler()
 2 SYSTEMPATH/CodeIgniter.php(919): App\Controllers\Home->administrador()
 3 SYSTEMPATH/CodeIgniter.php(494): CodeIgniter\CodeIgniter->runController()
 4 SYSTEMPATH/CodeIgniter.php(353): CodeIgniter\CodeIgniter->handleRequest()
 5 FCPATH/index.php(79): CodeIgniter\CodeIgniter->run()
CRITICAL - 2023-11-28 13:23:57 --> Undefined variable $arr
in APPPATH/Controllers/Home.php on line 22.
 1 APPPATH/Controllers/Home.php(22): CodeIgniter\Debug\Exceptions->errorHandler()
 2 SYSTEMPATH/CodeIgniter.php(919): App\Controllers\Home->administrador()
 3 SYSTEMPATH/CodeIgniter.php(494): CodeIgniter\CodeIgniter->runController()
 4 SYSTEMPATH/CodeIgniter.php(353): CodeIgniter\CodeIgniter->handleRequest()
 5 FCPATH/index.php(79): CodeIgniter\CodeIgniter->run()
CRITICAL - 2023-11-28 13:24:11 --> Undefined variable $arr
in APPPATH/Controllers/Home.php on line 22.
 1 APPPATH/Controllers/Home.php(22): CodeIgniter\Debug\Exceptions->errorHandler()
 2 SYSTEMPATH/CodeIgniter.php(919): App\Controllers\Home->administrador()
 3 SYSTEMPATH/CodeIgniter.php(494): CodeIgniter\CodeIgniter->runController()
 4 SYSTEMPATH/CodeIgniter.php(353): CodeIgniter\CodeIgniter->handleRequest()
 5 FCPATH/index.php(79): CodeIgniter\CodeIgniter->run()
CRITICAL - 2023-11-28 13:24:52 --> You must set the database table to be used with your query.
in SYSTEMPATH/Database/BaseConnection.php on line 883.
 1 SYSTEMPATH/Model.php(635): CodeIgniter\Database\BaseConnection->table()
 2 SYSTEMPATH/Model.php(863): CodeIgniter\Model->builder()
 3 APPPATH/Controllers/Home.php(16): CodeIgniter\Model->__call()
 4 SYSTEMPATH/CodeIgniter.php(919): App\Controllers\Home->administrador()
 5 SYSTEMPATH/CodeIgniter.php(494): CodeIgniter\CodeIgniter->runController()
 6 SYSTEMPATH/CodeIgniter.php(353): CodeIgniter\CodeIgniter->handleRequest()
 7 FCPATH/index.php(79): CodeIgniter\CodeIgniter->run()
CRITICAL - 2023-11-28 13:24:55 --> You must set the database table to be used with your query.
in SYSTEMPATH/Database/BaseConnection.php on line 883.
 1 SYSTEMPATH/Model.php(635): CodeIgniter\Database\BaseConnection->table()
 2 SYSTEMPATH/Model.php(863): CodeIgniter\Model->builder()
 3 APPPATH/Controllers/Home.php(16): CodeIgniter\Model->__call()
 4 SYSTEMPATH/CodeIgniter.php(919): App\Controllers\Home->administrador()
 5 SYSTEMPATH/CodeIgniter.php(494): CodeIgniter\CodeIgniter->runController()
 6 SYSTEMPATH/CodeIgniter.php(353): CodeIgniter\CodeIgniter->handleRequest()
 7 FCPATH/index.php(79): CodeIgniter\CodeIgniter->run()
CRITICAL - 2023-11-28 13:25:03 --> You must set the database table to be used with your query.
in SYSTEMPATH/Database/BaseConnection.php on line 883.
 1 SYSTEMPATH/Model.php(635): CodeIgniter\Database\BaseConnection->table()
 2 SYSTEMPATH/Model.php(863): CodeIgniter\Model->builder()
 3 APPPATH/Controllers/Home.php(16): CodeIgniter\Model->__call()
 4 SYSTEMPATH/CodeIgniter.php(919): App\Controllers\Home->administrador()
 5 SYSTEMPATH/CodeIgniter.php(494): CodeIgniter\CodeIgniter->runController()
 6 SYSTEMPATH/CodeIgniter.php(353): CodeIgniter\CodeIgniter->handleRequest()
 7 FCPATH/index.php(79): CodeIgniter\CodeIgniter->run()
CRITICAL - 2023-11-28 13:37:11 --> Cannot use object of type stdClass as array
in APPPATH/Views/administrador.php on line 89.
 1 SYSTEMPATH/View/View.php(226): include()
 2 SYSTEMPATH/View/View.php(229): CodeIgniter\View\View->CodeIgniter\View\{closure}()
 3 SYSTEMPATH/Common.php(1188): CodeIgniter\View\View->render()
 4 APPPATH/Controllers/Home.php(22): view()
 5 SYSTEMPATH/CodeIgniter.php(919): App\Controllers\Home->administrador()
 6 SYSTEMPATH/CodeIgniter.php(494): CodeIgniter\CodeIgniter->runController()
 7 SYSTEMPATH/CodeIgniter.php(353): CodeIgniter\CodeIgniter->handleRequest()
 8 FCPATH/index.php(79): CodeIgniter\CodeIgniter->run()
CRITICAL - 2023-11-28 13:46:45 --> Undefined property: stdClass::$MENP_ID
in APPPATH/Views/administrador.php on line 110.
 1 APPPATH/Views/administrador.php(110): CodeIgniter\Debug\Exceptions->errorHandler()
 2 SYSTEMPATH/View/View.php(226): include('/app/myapp/app/Views/administrador.php')
 3 SYSTEMPATH/View/View.php(229): CodeIgniter\View\View->CodeIgniter\View\{closure}()
 4 SYSTEMPATH/Common.php(1188): CodeIgniter\View\View->render()
 5 APPPATH/Controllers/Home.php(22): view()
 6 SYSTEMPATH/CodeIgniter.php(919): App\Controllers\Home->administrador()
 7 SYSTEMPATH/CodeIgniter.php(494): CodeIgniter\CodeIgniter->runController()
 8 SYSTEMPATH/CodeIgniter.php(353): CodeIgniter\CodeIgniter->handleRequest()
 9 FCPATH/index.php(79): CodeIgniter\CodeIgniter->run()
CRITICAL - 2023-11-28 14:14:58 --> Class "App\Controllers\UsersModel" not found
in APPPATH/Controllers/Home.php on line 12.
 1 SYSTEMPATH/CodeIgniter.php(891): App\Controllers\Home->__construct()
 2 SYSTEMPATH/CodeIgniter.php(485): CodeIgniter\CodeIgniter->createController()
 3 SYSTEMPATH/CodeIgniter.php(353): CodeIgniter\CodeIgniter->handleRequest()
 4 FCPATH/index.php(79): CodeIgniter\CodeIgniter->run()
CRITICAL - 2023-11-28 14:15:17 --> Class "App\Controllers\UsersModel" not found
in APPPATH/Controllers/Home.php on line 16.
 1 SYSTEMPATH/CodeIgniter.php(891): App\Controllers\Home->__construct()
 2 SYSTEMPATH/CodeIgniter.php(485): CodeIgniter\CodeIgniter->createController()
 3 SYSTEMPATH/CodeIgniter.php(353): CodeIgniter\CodeIgniter->handleRequest()
 4 FCPATH/index.php(79): CodeIgniter\CodeIgniter->run()
CRITICAL - 2023-11-28 14:37:08 --> You must set the database table to be used with your query.
in SYSTEMPATH/Database/BaseConnection.php on line 883.
 1 SYSTEMPATH/Model.php(635): CodeIgniter\Database\BaseConnection->table()
 2 SYSTEMPATH/Model.php(838): CodeIgniter\Model->builder()
 3 APPPATH/Models/UserModel.php(57): CodeIgniter\Model->__get()
 4 APPPATH/Controllers/Home.php(44): App\Models\UserModel->buscaExtArch()
 5 SYSTEMPATH/CodeIgniter.php(919): App\Controllers\Home->buscaExtArch()
 6 SYSTEMPATH/CodeIgniter.php(494): CodeIgniter\CodeIgniter->runController()
 7 SYSTEMPATH/CodeIgniter.php(353): CodeIgniter\CodeIgniter->handleRequest()
 8 FCPATH/index.php(79): CodeIgniter\CodeIgniter->run()
CRITICAL - 2023-11-28 14:37:14 --> You must set the database table to be used with your query.
in SYSTEMPATH/Database/BaseConnection.php on line 883.
 1 SYSTEMPATH/Model.php(635): CodeIgniter\Database\BaseConnection->table()
 2 SYSTEMPATH/Model.php(838): CodeIgniter\Model->builder()
 3 APPPATH/Models/UserModel.php(57): CodeIgniter\Model->__get()
 4 APPPATH/Controllers/Home.php(44): App\Models\UserModel->buscaExtArch()
 5 SYSTEMPATH/CodeIgniter.php(919): App\Controllers\Home->buscaExtArch()
 6 SYSTEMPATH/CodeIgniter.php(494): CodeIgniter\CodeIgniter->runController()
 7 SYSTEMPATH/CodeIgniter.php(353): CodeIgniter\CodeIgniter->handleRequest()
 8 FCPATH/index.php(79): CodeIgniter\CodeIgniter->run()
CRITICAL - 2023-11-28 14:40:00 --> syntax error, unexpected token "}"
in APPPATH/Controllers/Home.php on line 47.
 1 SYSTEMPATH/Autoloader/Autoloader.php(285): CodeIgniter\Autoloader\Autoloader->includeFile()
 2 SYSTEMPATH/Autoloader/Autoloader.php(263): CodeIgniter\Autoloader\Autoloader->loadInNamespace()
 3 [internal function]: CodeIgniter\Autoloader\Autoloader->loadClass()
 4 SYSTEMPATH/CodeIgniter.php(877): class_exists()
 5 SYSTEMPATH/CodeIgniter.php(481): CodeIgniter\CodeIgniter->startController()
 6 SYSTEMPATH/CodeIgniter.php(353): CodeIgniter\CodeIgniter->handleRequest()
 7 FCPATH/index.php(79): CodeIgniter\CodeIgniter->run()
CRITICAL - 2023-11-28 14:40:07 --> syntax error, unexpected token "}"
in APPPATH/Controllers/Home.php on line 47.
 1 SYSTEMPATH/Autoloader/Autoloader.php(285): CodeIgniter\Autoloader\Autoloader->includeFile()
 2 SYSTEMPATH/Autoloader/Autoloader.php(263): CodeIgniter\Autoloader\Autoloader->loadInNamespace()
 3 [internal function]: CodeIgniter\Autoloader\Autoloader->loadClass()
 4 SYSTEMPATH/CodeIgniter.php(877): class_exists()
 5 SYSTEMPATH/CodeIgniter.php(481): CodeIgniter\CodeIgniter->startController()
 6 SYSTEMPATH/CodeIgniter.php(353): CodeIgniter\CodeIgniter->handleRequest()
 7 FCPATH/index.php(79): CodeIgniter\CodeIgniter->run()
CRITICAL - 2023-11-28 14:40:09 --> syntax error, unexpected token "}"
in APPPATH/Controllers/Home.php on line 47.
 1 SYSTEMPATH/Autoloader/Autoloader.php(285): CodeIgniter\Autoloader\Autoloader->includeFile()
 2 SYSTEMPATH/Autoloader/Autoloader.php(263): CodeIgniter\Autoloader\Autoloader->loadInNamespace()
 3 [internal function]: CodeIgniter\Autoloader\Autoloader->loadClass()
 4 SYSTEMPATH/CodeIgniter.php(877): class_exists()
 5 SYSTEMPATH/CodeIgniter.php(481): CodeIgniter\CodeIgniter->startController()
 6 SYSTEMPATH/CodeIgniter.php(353): CodeIgniter\CodeIgniter->handleRequest()
 7 FCPATH/index.php(79): CodeIgniter\CodeIgniter->run()
CRITICAL - 2023-11-28 14:41:29 --> syntax error, unexpected token "}"
in APPPATH/Controllers/Home.php on line 51.
 1 SYSTEMPATH/Autoloader/Autoloader.php(285): CodeIgniter\Autoloader\Autoloader->includeFile()
 2 SYSTEMPATH/Autoloader/Autoloader.php(263): CodeIgniter\Autoloader\Autoloader->loadInNamespace()
 3 [internal function]: CodeIgniter\Autoloader\Autoloader->loadClass()
 4 SYSTEMPATH/CodeIgniter.php(877): class_exists()
 5 SYSTEMPATH/CodeIgniter.php(481): CodeIgniter\CodeIgniter->startController()
 6 SYSTEMPATH/CodeIgniter.php(353): CodeIgniter\CodeIgniter->handleRequest()
 7 FCPATH/index.php(79): CodeIgniter\CodeIgniter->run()
CRITICAL - 2023-11-28 17:47:36 --> Undefined property: CodeIgniter\HTTP\IncomingRequest::$getPost
in APPPATH/Controllers/Home.php on line 37.
 1 APPPATH/Controllers/Home.php(37): CodeIgniter\Debug\Exceptions->errorHandler()
 2 SYSTEMPATH/CodeIgniter.php(919): App\Controllers\Home->grabraExt()
 3 SYSTEMPATH/CodeIgniter.php(494): CodeIgniter\CodeIgniter->runController()
 4 SYSTEMPATH/CodeIgniter.php(353): CodeIgniter\CodeIgniter->handleRequest()
 5 FCPATH/index.php(79): CodeIgniter\CodeIgniter->run()
CRITICAL - 2023-11-28 17:48:19 --> Undefined property: CodeIgniter\HTTP\IncomingRequest::$getPost
in APPPATH/Controllers/Home.php on line 35.
 1 APPPATH/Controllers/Home.php(35): CodeIgniter\Debug\Exceptions->errorHandler()
 2 SYSTEMPATH/CodeIgniter.php(919): App\Controllers\Home->grabraExt()
 3 SYSTEMPATH/CodeIgniter.php(494): CodeIgniter\CodeIgniter->runController()
 4 SYSTEMPATH/CodeIgniter.php(353): CodeIgniter\CodeIgniter->handleRequest()
 5 FCPATH/index.php(79): CodeIgniter\CodeIgniter->run()
CRITICAL - 2023-11-28 18:27:43 --> syntax error, unexpected token "return"
in APPPATH/Models/UserModel.php on line 157.
 1 SYSTEMPATH/Autoloader/Autoloader.php(285): CodeIgniter\Autoloader\Autoloader->includeFile()
 2 SYSTEMPATH/Autoloader/Autoloader.php(263): CodeIgniter\Autoloader\Autoloader->loadInNamespace()
 3 APPPATH/Controllers/Home.php(12): CodeIgniter\Autoloader\Autoloader->loadClass()
 4 SYSTEMPATH/CodeIgniter.php(891): App\Controllers\Home->__construct()
 5 SYSTEMPATH/CodeIgniter.php(485): CodeIgniter\CodeIgniter->createController()
 6 SYSTEMPATH/CodeIgniter.php(353): CodeIgniter\CodeIgniter->handleRequest()
 7 FCPATH/index.php(79): CodeIgniter\CodeIgniter->run()
CRITICAL - 2023-11-28 18:27:48 --> syntax error, unexpected token "return"
in APPPATH/Models/UserModel.php on line 157.
 1 SYSTEMPATH/Autoloader/Autoloader.php(285): CodeIgniter\Autoloader\Autoloader->includeFile()
 2 SYSTEMPATH/Autoloader/Autoloader.php(263): CodeIgniter\Autoloader\Autoloader->loadInNamespace()
 3 APPPATH/Controllers/Home.php(12): CodeIgniter\Autoloader\Autoloader->loadClass()
 4 SYSTEMPATH/CodeIgniter.php(891): App\Controllers\Home->__construct()
 5 SYSTEMPATH/CodeIgniter.php(485): CodeIgniter\CodeIgniter->createController()
 6 SYSTEMPATH/CodeIgniter.php(353): CodeIgniter\CodeIgniter->handleRequest()
 7 FCPATH/index.php(79): CodeIgniter\CodeIgniter->run()
CRITICAL - 2023-11-28 18:28:04 --> syntax error, unexpected token "return"
in APPPATH/Models/UserModel.php on line 157.
 1 SYSTEMPATH/Autoloader/Autoloader.php(285): CodeIgniter\Autoloader\Autoloader->includeFile()
 2 SYSTEMPATH/Autoloader/Autoloader.php(263): CodeIgniter\Autoloader\Autoloader->loadInNamespace()
 3 APPPATH/Controllers/Home.php(12): CodeIgniter\Autoloader\Autoloader->loadClass()
 4 SYSTEMPATH/CodeIgniter.php(891): App\Controllers\Home->__construct()
 5 SYSTEMPATH/CodeIgniter.php(485): CodeIgniter\CodeIgniter->createController()
 6 SYSTEMPATH/CodeIgniter.php(353): CodeIgniter\CodeIgniter->handleRequest()
 7 FCPATH/index.php(79): CodeIgniter\CodeIgniter->run()
CRITICAL - 2023-11-28 18:28:25 --> Undefined variable $post
in APPPATH/Controllers/Home.php on line 48.
 1 APPPATH/Controllers/Home.php(48): CodeIgniter\Debug\Exceptions->errorHandler()
 2 SYSTEMPATH/CodeIgniter.php(919): App\Controllers\Home->grabraExt()
 3 SYSTEMPATH/CodeIgniter.php(494): CodeIgniter\CodeIgniter->runController()
 4 SYSTEMPATH/CodeIgniter.php(353): CodeIgniter\CodeIgniter->handleRequest()
 5 FCPATH/index.php(79): CodeIgniter\CodeIgniter->run()
CRITICAL - 2023-11-28 18:28:43 --> Undefined variable $post
in APPPATH/Controllers/Home.php on line 48.
 1 APPPATH/Controllers/Home.php(48): CodeIgniter\Debug\Exceptions->errorHandler()
 2 SYSTEMPATH/CodeIgniter.php(919): App\Controllers\Home->grabraExt()
 3 SYSTEMPATH/CodeIgniter.php(494): CodeIgniter\CodeIgniter->runController()
 4 SYSTEMPATH/CodeIgniter.php(353): CodeIgniter\CodeIgniter->handleRequest()
 5 FCPATH/index.php(79): CodeIgniter\CodeIgniter->run()
CRITICAL - 2023-11-28 18:30:36 --> Undefined variable $post
in APPPATH/Controllers/Home.php on line 53.
 1 APPPATH/Controllers/Home.php(53): CodeIgniter\Debug\Exceptions->errorHandler()
 2 SYSTEMPATH/CodeIgniter.php(919): App\Controllers\Home->grabraExt()
 3 SYSTEMPATH/CodeIgniter.php(494): CodeIgniter\CodeIgniter->runController()
 4 SYSTEMPATH/CodeIgniter.php(353): CodeIgniter\CodeIgniter->handleRequest()
 5 FCPATH/index.php(79): CodeIgniter\CodeIgniter->run()
CRITICAL - 2023-11-28 18:30:57 --> Undefined variable $post
in APPPATH/Controllers/Home.php on line 53.
 1 APPPATH/Controllers/Home.php(53): CodeIgniter\Debug\Exceptions->errorHandler()
 2 SYSTEMPATH/CodeIgniter.php(919): App\Controllers\Home->grabraExt()
 3 SYSTEMPATH/CodeIgniter.php(494): CodeIgniter\CodeIgniter->runController()
 4 SYSTEMPATH/CodeIgniter.php(353): CodeIgniter\CodeIgniter->handleRequest()
 5 FCPATH/index.php(79): CodeIgniter\CodeIgniter->run()
CRITICAL - 2023-11-28 18:31:09 --> Undefined variable $post
in APPPATH/Controllers/Home.php on line 53.
 1 APPPATH/Controllers/Home.php(53): CodeIgniter\Debug\Exceptions->errorHandler()
 2 SYSTEMPATH/CodeIgniter.php(919): App\Controllers\Home->grabraExt()
 3 SYSTEMPATH/CodeIgniter.php(494): CodeIgniter\CodeIgniter->runController()
 4 SYSTEMPATH/CodeIgniter.php(353): CodeIgniter\CodeIgniter->handleRequest()
 5 FCPATH/index.php(79): CodeIgniter\CodeIgniter->run()
CRITICAL - 2023-11-28 18:39:12 --> Undefined array key "arr_permisos"
in APPPATH/Models/UserModel.php on line 66.
 1 APPPATH/Models/UserModel.php(66): CodeIgniter\Debug\Exceptions->errorHandler()
 2 APPPATH/Controllers/Home.php(52): App\Models\UserModel->grabarExt()
 3 SYSTEMPATH/CodeIgniter.php(919): App\Controllers\Home->grabraExt()
 4 SYSTEMPATH/CodeIgniter.php(494): CodeIgniter\CodeIgniter->runController()
 5 SYSTEMPATH/CodeIgniter.php(353): CodeIgniter\CodeIgniter->handleRequest()
 6 FCPATH/index.php(79): CodeIgniter\CodeIgniter->run()
CRITICAL - 2023-11-28 18:46:46 --> syntax error, unexpected token "}"
in APPPATH/Models/UserModel.php on line 79.
 1 SYSTEMPATH/Autoloader/Autoloader.php(285): CodeIgniter\Autoloader\Autoloader->includeFile()
 2 SYSTEMPATH/Autoloader/Autoloader.php(263): CodeIgniter\Autoloader\Autoloader->loadInNamespace()
 3 APPPATH/Controllers/Home.php(12): CodeIgniter\Autoloader\Autoloader->loadClass()
 4 SYSTEMPATH/CodeIgniter.php(891): App\Controllers\Home->__construct()
 5 SYSTEMPATH/CodeIgniter.php(485): CodeIgniter\CodeIgniter->createController()
 6 SYSTEMPATH/CodeIgniter.php(353): CodeIgniter\CodeIgniter->handleRequest()
 7 FCPATH/index.php(79): CodeIgniter\CodeIgniter->run()
CRITICAL - 2023-11-28 18:54:41 --> Call to undefined method CodeIgniter\Database\MySQLi\Connection::trans_start()
in APPPATH/Models/UserModel.php on line 92.
 1 APPPATH/Controllers/Home.php(47): App\Models\UserModel->grabarExt()
 2 SYSTEMPATH/CodeIgniter.php(919): App\Controllers\Home->grabraExt()
 3 SYSTEMPATH/CodeIgniter.php(494): CodeIgniter\CodeIgniter->runController()
 4 SYSTEMPATH/CodeIgniter.php(353): CodeIgniter\CodeIgniter->handleRequest()
 5 FCPATH/index.php(79): CodeIgniter\CodeIgniter->run()
CRITICAL - 2023-11-28 19:14:55 --> syntax error, unexpected token "}"
in APPPATH/Models/UserModel.php on line 74.
 1 SYSTEMPATH/Autoloader/Autoloader.php(285): CodeIgniter\Autoloader\Autoloader->includeFile()
 2 SYSTEMPATH/Autoloader/Autoloader.php(263): CodeIgniter\Autoloader\Autoloader->loadInNamespace()
 3 APPPATH/Controllers/Home.php(12): CodeIgniter\Autoloader\Autoloader->loadClass()
 4 SYSTEMPATH/CodeIgniter.php(891): App\Controllers\Home->__construct()
 5 SYSTEMPATH/CodeIgniter.php(485): CodeIgniter\CodeIgniter->createController()
 6 SYSTEMPATH/CodeIgniter.php(353): CodeIgniter\CodeIgniter->handleRequest()
 7 FCPATH/index.php(79): CodeIgniter\CodeIgniter->run()
CRITICAL - 2023-11-28 19:14:58 --> syntax error, unexpected token "}"
in APPPATH/Models/UserModel.php on line 74.
 1 SYSTEMPATH/Autoloader/Autoloader.php(285): CodeIgniter\Autoloader\Autoloader->includeFile()
 2 SYSTEMPATH/Autoloader/Autoloader.php(263): CodeIgniter\Autoloader\Autoloader->loadInNamespace()
 3 APPPATH/Controllers/Home.php(12): CodeIgniter\Autoloader\Autoloader->loadClass()
 4 SYSTEMPATH/CodeIgniter.php(891): App\Controllers\Home->__construct()
 5 SYSTEMPATH/CodeIgniter.php(485): CodeIgniter\CodeIgniter->createController()
 6 SYSTEMPATH/CodeIgniter.php(353): CodeIgniter\CodeIgniter->handleRequest()
 7 FCPATH/index.php(79): CodeIgniter\CodeIgniter->run()
CRITICAL - 2023-11-28 19:15:44 --> Call to undefined method CodeIgniter\Database\MySQLi\Connection::insert()
in APPPATH/Models/UserModel.php on line 85.
 1 APPPATH/Controllers/Home.php(48): App\Models\UserModel->grabarExt()
 2 SYSTEMPATH/CodeIgniter.php(919): App\Controllers\Home->grabraExt()
 3 SYSTEMPATH/CodeIgniter.php(494): CodeIgniter\CodeIgniter->runController()
 4 SYSTEMPATH/CodeIgniter.php(353): CodeIgniter\CodeIgniter->handleRequest()
 5 FCPATH/index.php(79): CodeIgniter\CodeIgniter->run()
CRITICAL - 2023-11-28 19:18:42 --> You must set the database table to be used with your query.
in SYSTEMPATH/Database/BaseConnection.php on line 883.
 1 SYSTEMPATH/Model.php(635): CodeIgniter\Database\BaseConnection->table()
 2 SYSTEMPATH/Model.php(838): CodeIgniter\Model->builder()
 3 APPPATH/Models/UserModel.php(12): CodeIgniter\Model->__get()
 4 APPPATH/Controllers/Home.php(12): App\Models\UserModel->__construct()
 5 SYSTEMPATH/CodeIgniter.php(891): App\Controllers\Home->__construct()
 6 SYSTEMPATH/CodeIgniter.php(485): CodeIgniter\CodeIgniter->createController()
 7 SYSTEMPATH/CodeIgniter.php(353): CodeIgniter\CodeIgniter->handleRequest()
 8 FCPATH/index.php(79): CodeIgniter\CodeIgniter->run()
CRITICAL - 2023-11-28 19:26:32 --> syntax error, unexpected token "*"
in APPPATH/Models/UserModel.php on line 144.
 1 SYSTEMPATH/Autoloader/Autoloader.php(285): CodeIgniter\Autoloader\Autoloader->includeFile()
 2 SYSTEMPATH/Autoloader/Autoloader.php(263): CodeIgniter\Autoloader\Autoloader->loadInNamespace()
 3 APPPATH/Controllers/Home.php(12): CodeIgniter\Autoloader\Autoloader->loadClass()
 4 SYSTEMPATH/CodeIgniter.php(891): App\Controllers\Home->__construct()
 5 SYSTEMPATH/CodeIgniter.php(485): CodeIgniter\CodeIgniter->createController()
 6 SYSTEMPATH/CodeIgniter.php(353): CodeIgniter\CodeIgniter->handleRequest()
 7 FCPATH/index.php(79): CodeIgniter\CodeIgniter->run()
CRITICAL - 2023-11-28 19:26:35 --> syntax error, unexpected token "*"
in APPPATH/Models/UserModel.php on line 144.
 1 SYSTEMPATH/Autoloader/Autoloader.php(285): CodeIgniter\Autoloader\Autoloader->includeFile()
 2 SYSTEMPATH/Autoloader/Autoloader.php(263): CodeIgniter\Autoloader\Autoloader->loadInNamespace()
 3 APPPATH/Controllers/Home.php(12): CodeIgniter\Autoloader\Autoloader->loadClass()
 4 SYSTEMPATH/CodeIgniter.php(891): App\Controllers\Home->__construct()
 5 SYSTEMPATH/CodeIgniter.php(485): CodeIgniter\CodeIgniter->createController()
 6 SYSTEMPATH/CodeIgniter.php(353): CodeIgniter\CodeIgniter->handleRequest()
 7 FCPATH/index.php(79): CodeIgniter\CodeIgniter->run()
ERROR - 2023-11-28 23:00:20 --> mysqli_sql_exception: Table 'ADMIN.GU_TMENPTIENEPER' doesn't exist in /app/myapp/system/Database/MySQLi/Connection.php:306
Stack trace:
#0 /app/myapp/system/Database/MySQLi/Connection.php(306): mysqli->query()
#1 /app/myapp/system/Database/BaseConnection.php(692): CodeIgniter\Database\MySQLi\Connection->execute()
#2 /app/myapp/system/Database/BaseConnection.php(606): CodeIgniter\Database\BaseConnection->simpleQuery()
#3 /app/myapp/app/Models/UserModel.php(101): CodeIgniter\Database\BaseConnection->query()
#4 /app/myapp/app/Controllers/Home.php(47): App\Models\UserModel->grabarExt()
#5 /app/myapp/system/CodeIgniter.php(919): App\Controllers\Home->grabraExt()
#6 /app/myapp/system/CodeIgniter.php(494): CodeIgniter\CodeIgniter->runController()
#7 /app/myapp/system/CodeIgniter.php(353): CodeIgniter\CodeIgniter->handleRequest()
#8 /app/myapp/public/index.php(79): CodeIgniter\CodeIgniter->run()
#9 {main}
CRITICAL - 2023-11-28 23:00:20 --> Table 'ADMIN.GU_TMENPTIENEPER' doesn't exist
in SYSTEMPATH/Database/BaseConnection.php on line 646.
 1 APPPATH/Models/UserModel.php(101): CodeIgniter\Database\BaseConnection->query()
 2 APPPATH/Controllers/Home.php(47): App\Models\UserModel->grabarExt()
 3 SYSTEMPATH/CodeIgniter.php(919): App\Controllers\Home->grabraExt()
 4 SYSTEMPATH/CodeIgniter.php(494): CodeIgniter\CodeIgniter->runController()
 5 SYSTEMPATH/CodeIgniter.php(353): CodeIgniter\CodeIgniter->handleRequest()
 6 FCPATH/index.php(79): CodeIgniter\CodeIgniter->run()
CRITICAL - 2023-11-28 23:00:28 --> Undefined array key "opt"
in APPPATH/Models/UserModel.php on line 61.
 1 APPPATH/Models/UserModel.php(61): CodeIgniter\Debug\Exceptions->errorHandler()
 2 APPPATH/Controllers/Home.php(47): App\Models\UserModel->grabarExt()
 3 SYSTEMPATH/CodeIgniter.php(919): App\Controllers\Home->grabraExt()
 4 SYSTEMPATH/CodeIgniter.php(494): CodeIgniter\CodeIgniter->runController()
 5 SYSTEMPATH/CodeIgniter.php(353): CodeIgniter\CodeIgniter->handleRequest()
 6 FCPATH/index.php(79): CodeIgniter\CodeIgniter->run()
ERROR - 2023-11-28 23:02:51 --> Error connecting to the database: mysqli_sql_exception: Connection refused in /app/myapp/system/Database/MySQLi/Connection.php:185
Stack trace:
#0 /app/myapp/system/Database/MySQLi/Connection.php(185): mysqli->real_connect()
#1 /app/myapp/system/Database/BaseConnection.php(391): CodeIgniter\Database\MySQLi\Connection->connect()
#2 /app/myapp/system/Database/BaseConnection.php(574): CodeIgniter\Database\BaseConnection->initialize()
#3 /app/myapp/app/Models/UserModel.php(15): CodeIgniter\Database\BaseConnection->query()
#4 /app/myapp/app/Controllers/Home.php(22): App\Models\UserModel->ini_contendido()
#5 /app/myapp/system/CodeIgniter.php(919): App\Controllers\Home->administrador()
#6 /app/myapp/system/CodeIgniter.php(494): CodeIgniter\CodeIgniter->runController()
#7 /app/myapp/system/CodeIgniter.php(353): CodeIgniter\CodeIgniter->handleRequest()
#8 /app/myapp/public/index.php(79): CodeIgniter\CodeIgniter->run()
#9 {main}

Next CodeIgniter\Database\Exceptions\DatabaseException: Connection refused in /app/myapp/system/Database/MySQLi/Connection.php:229
Stack trace:
#0 /app/myapp/system/Database/BaseConnection.php(391): CodeIgniter\Database\MySQLi\Connection->connect()
#1 /app/myapp/system/Database/BaseConnection.php(574): CodeIgniter\Database\BaseConnection->initialize()
#2 /app/myapp/app/Models/UserModel.php(15): CodeIgniter\Database\BaseConnection->query()
#3 /app/myapp/app/Controllers/Home.php(22): App\Models\UserModel->ini_contendido()
#4 /app/myapp/system/CodeIgniter.php(919): App\Controllers\Home->administrador()
#5 /app/myapp/system/CodeIgniter.php(494): CodeIgniter\CodeIgniter->runController()
#6 /app/myapp/system/CodeIgniter.php(353): CodeIgniter\CodeIgniter->handleRequest()
#7 /app/myapp/public/index.php(79): CodeIgniter\CodeIgniter->run()
#8 {main}
CRITICAL - 2023-11-28 23:02:51 --> Unable to connect to the database.
Main connection [MySQLi]: Connection refused
in SYSTEMPATH/Database/BaseConnection.php on line 427.
 1 SYSTEMPATH/Database/BaseConnection.php(574): CodeIgniter\Database\BaseConnection->initialize()
 2 APPPATH/Models/UserModel.php(15): CodeIgniter\Database\BaseConnection->query()
 3 APPPATH/Controllers/Home.php(22): App\Models\UserModel->ini_contendido()
 4 SYSTEMPATH/CodeIgniter.php(919): App\Controllers\Home->administrador()
 5 SYSTEMPATH/CodeIgniter.php(494): CodeIgniter\CodeIgniter->runController()
 6 SYSTEMPATH/CodeIgniter.php(353): CodeIgniter\CodeIgniter->handleRequest()
 7 FCPATH/index.php(79): CodeIgniter\CodeIgniter->run()
ERROR - 2023-11-28 23:02:55 --> Error connecting to the database: mysqli_sql_exception: Connection refused in /app/myapp/system/Database/MySQLi/Connection.php:185
Stack trace:
#0 /app/myapp/system/Database/MySQLi/Connection.php(185): mysqli->real_connect()
#1 /app/myapp/system/Database/BaseConnection.php(391): CodeIgniter\Database\MySQLi\Connection->connect()
#2 /app/myapp/system/Database/BaseConnection.php(574): CodeIgniter\Database\BaseConnection->initialize()
#3 /app/myapp/app/Models/UserModel.php(15): CodeIgniter\Database\BaseConnection->query()
#4 /app/myapp/app/Controllers/Home.php(22): App\Models\UserModel->ini_contendido()
#5 /app/myapp/system/CodeIgniter.php(919): App\Controllers\Home->administrador()
#6 /app/myapp/system/CodeIgniter.php(494): CodeIgniter\CodeIgniter->runController()
#7 /app/myapp/system/CodeIgniter.php(353): CodeIgniter\CodeIgniter->handleRequest()
#8 /app/myapp/public/index.php(79): CodeIgniter\CodeIgniter->run()
#9 {main}

Next CodeIgniter\Database\Exceptions\DatabaseException: Connection refused in /app/myapp/system/Database/MySQLi/Connection.php:229
Stack trace:
#0 /app/myapp/system/Database/BaseConnection.php(391): CodeIgniter\Database\MySQLi\Connection->connect()
#1 /app/myapp/system/Database/BaseConnection.php(574): CodeIgniter\Database\BaseConnection->initialize()
#2 /app/myapp/app/Models/UserModel.php(15): CodeIgniter\Database\BaseConnection->query()
#3 /app/myapp/app/Controllers/Home.php(22): App\Models\UserModel->ini_contendido()
#4 /app/myapp/system/CodeIgniter.php(919): App\Controllers\Home->administrador()
#5 /app/myapp/system/CodeIgniter.php(494): CodeIgniter\CodeIgniter->runController()
#6 /app/myapp/system/CodeIgniter.php(353): CodeIgniter\CodeIgniter->handleRequest()
#7 /app/myapp/public/index.php(79): CodeIgniter\CodeIgniter->run()
#8 {main}
CRITICAL - 2023-11-28 23:02:55 --> Unable to connect to the database.
Main connection [MySQLi]: Connection refused
in SYSTEMPATH/Database/BaseConnection.php on line 427.
 1 SYSTEMPATH/Database/BaseConnection.php(574): CodeIgniter\Database\BaseConnection->initialize()
 2 APPPATH/Models/UserModel.php(15): CodeIgniter\Database\BaseConnection->query()
 3 APPPATH/Controllers/Home.php(22): App\Models\UserModel->ini_contendido()
 4 SYSTEMPATH/CodeIgniter.php(919): App\Controllers\Home->administrador()
 5 SYSTEMPATH/CodeIgniter.php(494): CodeIgniter\CodeIgniter->runController()
 6 SYSTEMPATH/CodeIgniter.php(353): CodeIgniter\CodeIgniter->handleRequest()
 7 FCPATH/index.php(79): CodeIgniter\CodeIgniter->run()
CRITICAL - 2023-11-28 23:04:09 --> Call to undefined method CodeIgniter\Database\MySQLi\Result::result_array()
in APPPATH/Models/UserModel.php on line 102.
 1 APPPATH/Controllers/Home.php(47): App\Models\UserModel->grabarExt()
 2 SYSTEMPATH/CodeIgniter.php(919): App\Controllers\Home->grabraExt()
 3 SYSTEMPATH/CodeIgniter.php(494): CodeIgniter\CodeIgniter->runController()
 4 SYSTEMPATH/CodeIgniter.php(353): CodeIgniter\CodeIgniter->handleRequest()
 5 FCPATH/index.php(79): CodeIgniter\CodeIgniter->run()
CRITICAL - 2023-11-28 23:32:56 --> Call to undefined method CodeIgniter\Database\MySQLi\Connection::set()
in APPPATH/Models/UserModel.php on line 98.
 1 APPPATH/Controllers/Home.php(47): App\Models\UserModel->grabarExt()
 2 SYSTEMPATH/CodeIgniter.php(919): App\Controllers\Home->grabraExt()
 3 SYSTEMPATH/CodeIgniter.php(494): CodeIgniter\CodeIgniter->runController()
 4 SYSTEMPATH/CodeIgniter.php(353): CodeIgniter\CodeIgniter->handleRequest()
 5 FCPATH/index.php(79): CodeIgniter\CodeIgniter->run()
CRITICAL - 2023-11-28 23:36:52 --> Call to undefined method CodeIgniter\Database\MySQLi\Connection::trans_complete()
in APPPATH/Models/UserModel.php on line 137.
 1 APPPATH/Controllers/Home.php(47): App\Models\UserModel->grabarExt()
 2 SYSTEMPATH/CodeIgniter.php(919): App\Controllers\Home->grabraExt()
 3 SYSTEMPATH/CodeIgniter.php(494): CodeIgniter\CodeIgniter->runController()
 4 SYSTEMPATH/CodeIgniter.php(353): CodeIgniter\CodeIgniter->handleRequest()
 5 FCPATH/index.php(79): CodeIgniter\CodeIgniter->run()
