CRITICAL - 2024-07-16 21:41:46 --> syntax error, unexpected token "return"
in APPPATH/Models/UserModel.php on line 656.
 1 SYSTEMPATH/Autoloader/Autoloader.php(285): CodeIgniter\Autoloader\Autoloader->includeFile()
 2 SYSTEMPATH/Autoloader/Autoloader.php(263): CodeIgniter\Autoloader\Autoloader->loadInNamespace()
 3 APPPATH/Controllers/Home.php(12): CodeIgniter\Autoloader\Autoloader->loadClass()
 4 SYSTEMPATH/CodeIgniter.php(891): App\Controllers\Home->__construct()
 5 SYSTEMPATH/CodeIgniter.php(485): CodeIgniter\CodeIgniter->createController()
 6 SYSTEMPATH/CodeIgniter.php(353): CodeIgniter\CodeIgniter->handleRequest()
 7 FCPATH/index.php(79): CodeIgniter\CodeIgniter->run()
CRITICAL - 2024-07-16 21:41:48 --> syntax error, unexpected token "return"
in APPPATH/Models/UserModel.php on line 656.
 1 SYSTEMPATH/Autoloader/Autoloader.php(285): CodeIgniter\Autoloader\Autoloader->includeFile()
 2 SYSTEMPATH/Autoloader/Autoloader.php(263): CodeIgniter\Autoloader\Autoloader->loadInNamespace()
 3 APPPATH/Controllers/Home.php(12): CodeIgniter\Autoloader\Autoloader->loadClass()
 4 SYSTEMPATH/CodeIgniter.php(891): App\Controllers\Home->__construct()
 5 SYSTEMPATH/CodeIgniter.php(485): CodeIgniter\CodeIgniter->createController()
 6 SYSTEMPATH/CodeIgniter.php(353): CodeIgniter\CodeIgniter->handleRequest()
 7 FCPATH/index.php(79): CodeIgniter\CodeIgniter->run()
CRITICAL - 2024-07-16 21:42:19 --> Undefined variable $id
in APPPATH/Models/UserModel.php on line 650.
 1 APPPATH/Models/UserModel.php(650): CodeIgniter\Debug\Exceptions->errorHandler()
 2 APPPATH/Controllers/Home.php(261): App\Models\UserModel->get_obtenerPermisosHeredados()
 3 SYSTEMPATH/CodeIgniter.php(919): App\Controllers\Home->buscaEditar()
 4 SYSTEMPATH/CodeIgniter.php(494): CodeIgniter\CodeIgniter->runController()
 5 SYSTEMPATH/CodeIgniter.php(353): CodeIgniter\CodeIgniter->handleRequest()
 6 FCPATH/index.php(79): CodeIgniter\CodeIgniter->run()
ERROR - 2024-07-16 21:43:01 --> mysqli_sql_exception: Table 'ADMIN.GU_TPERMISOMENU' doesn't exist in /app/myapp/system/Database/MySQLi/Connection.php:306
Stack trace:
#0 /app/myapp/system/Database/MySQLi/Connection.php(306): mysqli->query()
#1 /app/myapp/system/Database/BaseConnection.php(692): CodeIgniter\Database\MySQLi\Connection->execute()
#2 /app/myapp/system/Database/BaseConnection.php(606): CodeIgniter\Database\BaseConnection->simpleQuery()
#3 /app/myapp/app/Models/UserModel.php(655): CodeIgniter\Database\BaseConnection->query()
#4 /app/myapp/app/Controllers/Home.php(261): App\Models\UserModel->get_obtenerPermisosHeredados()
#5 /app/myapp/system/CodeIgniter.php(919): App\Controllers\Home->buscaEditar()
#6 /app/myapp/system/CodeIgniter.php(494): CodeIgniter\CodeIgniter->runController()
#7 /app/myapp/system/CodeIgniter.php(353): CodeIgniter\CodeIgniter->handleRequest()
#8 /app/myapp/public/index.php(79): CodeIgniter\CodeIgniter->run()
#9 {main}
CRITICAL - 2024-07-16 21:43:01 --> Table 'ADMIN.GU_TPERMISOMENU' doesn't exist
in SYSTEMPATH/Database/BaseConnection.php on line 646.
 1 APPPATH/Models/UserModel.php(655): CodeIgniter\Database\BaseConnection->query()
 2 APPPATH/Controllers/Home.php(261): App\Models\UserModel->get_obtenerPermisosHeredados()
 3 SYSTEMPATH/CodeIgniter.php(919): App\Controllers\Home->buscaEditar()
 4 SYSTEMPATH/CodeIgniter.php(494): CodeIgniter\CodeIgniter->runController()
 5 SYSTEMPATH/CodeIgniter.php(353): CodeIgniter\CodeIgniter->handleRequest()
 6 FCPATH/index.php(79): CodeIgniter\CodeIgniter->run()
