CRITICAL - 2023-11-27 15:05:08 --> syntax error, unexpected token ";", expecting ")"
in APPPATH/Controllers/Home.php on line 29.
 1 SYSTEMPATH/Autoloader/Autoloader.php(285): CodeIgniter\Autoloader\Autoloader->includeFile()
 2 SYSTEMPATH/Autoloader/Autoloader.php(263): CodeIgniter\Autoloader\Autoloader->loadInNamespace()
 3 [internal function]: CodeIgniter\Autoloader\Autoloader->loadClass()
 4 SYSTEMPATH/CodeIgniter.php(877): class_exists()
 5 SYSTEMPATH/CodeIgniter.php(481): CodeIgniter\CodeIgniter->startController()
 6 SYSTEMPATH/CodeIgniter.php(353): CodeIgniter\CodeIgniter->handleRequest()
 7 FCPATH/index.php(79): CodeIgniter\CodeIgniter->run()
CRITICAL - 2023-11-27 15:05:10 --> syntax error, unexpected token ";", expecting ")"
in APPPATH/Controllers/Home.php on line 29.
 1 SYSTEMPATH/Autoloader/Autoloader.php(285): CodeIgniter\Autoloader\Autoloader->includeFile()
 2 SYSTEMPATH/Autoloader/Autoloader.php(263): CodeIgniter\Autoloader\Autoloader->loadInNamespace()
 3 [internal function]: CodeIgniter\Autoloader\Autoloader->loadClass()
 4 SYSTEMPATH/CodeIgniter.php(877): class_exists()
 5 SYSTEMPATH/CodeIgniter.php(481): CodeIgniter\CodeIgniter->startController()
 6 SYSTEMPATH/CodeIgniter.php(353): CodeIgniter\CodeIgniter->handleRequest()
 7 FCPATH/index.php(79): CodeIgniter\CodeIgniter->run()
CRITICAL - 2023-11-27 19:05:02 --> syntax error, unexpected variable "$data"
in APPPATH/Controllers/Home.php on line 18.
 1 SYSTEMPATH/Autoloader/Autoloader.php(285): CodeIgniter\Autoloader\Autoloader->includeFile()
 2 SYSTEMPATH/Autoloader/Autoloader.php(263): CodeIgniter\Autoloader\Autoloader->loadInNamespace()
 3 [internal function]: CodeIgniter\Autoloader\Autoloader->loadClass()
 4 SYSTEMPATH/CodeIgniter.php(877): class_exists()
 5 SYSTEMPATH/CodeIgniter.php(481): CodeIgniter\CodeIgniter->startController()
 6 SYSTEMPATH/CodeIgniter.php(353): CodeIgniter\CodeIgniter->handleRequest()
 7 FCPATH/index.php(79): CodeIgniter\CodeIgniter->run()
CRITICAL - 2023-11-27 19:05:04 --> syntax error, unexpected variable "$data"
in APPPATH/Controllers/Home.php on line 18.
 1 SYSTEMPATH/Autoloader/Autoloader.php(285): CodeIgniter\Autoloader\Autoloader->includeFile()
 2 SYSTEMPATH/Autoloader/Autoloader.php(263): CodeIgniter\Autoloader\Autoloader->loadInNamespace()
 3 [internal function]: CodeIgniter\Autoloader\Autoloader->loadClass()
 4 SYSTEMPATH/CodeIgniter.php(877): class_exists()
 5 SYSTEMPATH/CodeIgniter.php(481): CodeIgniter\CodeIgniter->startController()
 6 SYSTEMPATH/CodeIgniter.php(353): CodeIgniter\CodeIgniter->handleRequest()
 7 FCPATH/index.php(79): CodeIgniter\CodeIgniter->run()
CRITICAL - 2023-11-27 19:05:08 --> syntax error, unexpected variable "$data"
in APPPATH/Controllers/Home.php on line 18.
 1 SYSTEMPATH/Autoloader/Autoloader.php(285): CodeIgniter\Autoloader\Autoloader->includeFile()
 2 SYSTEMPATH/Autoloader/Autoloader.php(263): CodeIgniter\Autoloader\Autoloader->loadInNamespace()
 3 [internal function]: CodeIgniter\Autoloader\Autoloader->loadClass()
 4 SYSTEMPATH/CodeIgniter.php(877): class_exists()
 5 SYSTEMPATH/CodeIgniter.php(481): CodeIgniter\CodeIgniter->startController()
 6 SYSTEMPATH/CodeIgniter.php(353): CodeIgniter\CodeIgniter->handleRequest()
 7 FCPATH/index.php(79): CodeIgniter\CodeIgniter->run()
CRITICAL - 2023-11-27 19:14:52 --> syntax error, unexpected token "}", expecting ";"
in APPPATH/Models/Administrador_model.php on line 12.
 1 SYSTEMPATH/Autoloader/Autoloader.php(285): CodeIgniter\Autoloader\Autoloader->includeFile()
 2 SYSTEMPATH/Autoloader/Autoloader.php(263): CodeIgniter\Autoloader\Autoloader->loadInNamespace()
 3 APPPATH/Controllers/Home.php(15): CodeIgniter\Autoloader\Autoloader->loadClass()
 4 SYSTEMPATH/CodeIgniter.php(919): App\Controllers\Home->administrador()
 5 SYSTEMPATH/CodeIgniter.php(494): CodeIgniter\CodeIgniter->runController()
 6 SYSTEMPATH/CodeIgniter.php(353): CodeIgniter\CodeIgniter->handleRequest()
 7 FCPATH/index.php(79): CodeIgniter\CodeIgniter->run()
CRITICAL - 2023-11-27 19:34:34 --> syntax error, unexpected token "}", expecting ";"
in APPPATH/Models/Administrador_model.php on line 12.
 1 SYSTEMPATH/Autoloader/Autoloader.php(285): CodeIgniter\Autoloader\Autoloader->includeFile()
 2 SYSTEMPATH/Autoloader/Autoloader.php(263): CodeIgniter\Autoloader\Autoloader->loadInNamespace()
 3 APPPATH/Controllers/Home.php(16): CodeIgniter\Autoloader\Autoloader->loadClass()
 4 SYSTEMPATH/CodeIgniter.php(919): App\Controllers\Home->administrador()
 5 SYSTEMPATH/CodeIgniter.php(494): CodeIgniter\CodeIgniter->runController()
 6 SYSTEMPATH/CodeIgniter.php(353): CodeIgniter\CodeIgniter->handleRequest()
 7 FCPATH/index.php(79): CodeIgniter\CodeIgniter->run()
CRITICAL - 2023-11-27 19:36:56 --> Class "App\Controllers\UserModel" not found
in APPPATH/Controllers/Home.php on line 20.
 1 SYSTEMPATH/CodeIgniter.php(919): App\Controllers\Home->administrador()
 2 SYSTEMPATH/CodeIgniter.php(494): CodeIgniter\CodeIgniter->runController()
 3 SYSTEMPATH/CodeIgniter.php(353): CodeIgniter\CodeIgniter->handleRequest()
 4 FCPATH/index.php(79): CodeIgniter\CodeIgniter->run()
CRITICAL - 2023-11-27 19:37:01 --> Class "App\Controllers\UserModel" not found
in APPPATH/Controllers/Home.php on line 20.
 1 SYSTEMPATH/CodeIgniter.php(919): App\Controllers\Home->administrador()
 2 SYSTEMPATH/CodeIgniter.php(494): CodeIgniter\CodeIgniter->runController()
 3 SYSTEMPATH/CodeIgniter.php(353): CodeIgniter\CodeIgniter->handleRequest()
 4 FCPATH/index.php(79): CodeIgniter\CodeIgniter->run()
CRITICAL - 2023-11-27 19:37:02 --> Class "App\Controllers\UserModel" not found
in APPPATH/Controllers/Home.php on line 20.
 1 SYSTEMPATH/CodeIgniter.php(919): App\Controllers\Home->administrador()
 2 SYSTEMPATH/CodeIgniter.php(494): CodeIgniter\CodeIgniter->runController()
 3 SYSTEMPATH/CodeIgniter.php(353): CodeIgniter\CodeIgniter->handleRequest()
 4 FCPATH/index.php(79): CodeIgniter\CodeIgniter->run()
CRITICAL - 2023-11-27 19:37:15 --> syntax error, unexpected token "}", expecting ";"
in APPPATH/Models/Administrador_model.php on line 17.
 1 SYSTEMPATH/Autoloader/Autoloader.php(285): CodeIgniter\Autoloader\Autoloader->includeFile()
 2 SYSTEMPATH/Autoloader/Autoloader.php(263): CodeIgniter\Autoloader\Autoloader->loadInNamespace()
 3 APPPATH/Controllers/Home.php(20): CodeIgniter\Autoloader\Autoloader->loadClass()
 4 SYSTEMPATH/CodeIgniter.php(919): App\Controllers\Home->administrador()
 5 SYSTEMPATH/CodeIgniter.php(494): CodeIgniter\CodeIgniter->runController()
 6 SYSTEMPATH/CodeIgniter.php(353): CodeIgniter\CodeIgniter->handleRequest()
 7 FCPATH/index.php(79): CodeIgniter\CodeIgniter->run()
CRITICAL - 2023-11-27 19:38:57 --> Class "App\Controllers\UserModel" not found
in APPPATH/Controllers/Home.php on line 20.
 1 SYSTEMPATH/CodeIgniter.php(919): App\Controllers\Home->administrador()
 2 SYSTEMPATH/CodeIgniter.php(494): CodeIgniter\CodeIgniter->runController()
 3 SYSTEMPATH/CodeIgniter.php(353): CodeIgniter\CodeIgniter->handleRequest()
 4 FCPATH/index.php(79): CodeIgniter\CodeIgniter->run()
CRITICAL - 2023-11-27 19:38:59 --> Class "App\Controllers\UserModel" not found
in APPPATH/Controllers/Home.php on line 20.
 1 SYSTEMPATH/CodeIgniter.php(919): App\Controllers\Home->administrador()
 2 SYSTEMPATH/CodeIgniter.php(494): CodeIgniter\CodeIgniter->runController()
 3 SYSTEMPATH/CodeIgniter.php(353): CodeIgniter\CodeIgniter->handleRequest()
 4 FCPATH/index.php(79): CodeIgniter\CodeIgniter->run()
CRITICAL - 2023-11-27 19:52:40 --> Class "CodeIgniter\Database\pdo\Connection" not found
in SYSTEMPATH/Database/Database.php on line 137.
 1 SYSTEMPATH/Database/Database.php(55): CodeIgniter\Database\Database->initDriver()
 2 SYSTEMPATH/Database/Config.php(81): CodeIgniter\Database\Database->load()
 3 SYSTEMPATH/Common.php(363): CodeIgniter\Database\Config::connect()
 4 APPPATH/Models/UserModel.php(16): db_connect()
 5 APPPATH/Controllers/Home.php(19): App\Models\UserModel->test()
 6 SYSTEMPATH/CodeIgniter.php(919): App\Controllers\Home->administrador()
 7 SYSTEMPATH/CodeIgniter.php(494): CodeIgniter\CodeIgniter->runController()
 8 SYSTEMPATH/CodeIgniter.php(353): CodeIgniter\CodeIgniter->handleRequest()
 9 FCPATH/index.php(79): CodeIgniter\CodeIgniter->run()
CRITICAL - 2023-11-27 19:54:31 --> Undefined constant "CodeIgniter\Database\OCI8\OCI_COMMIT_ON_SUCCESS"
in SYSTEMPATH/Database/Database.php on line 137.
 1 SYSTEMPATH/Database/Database.php(55): CodeIgniter\Database\Database->initDriver()
 2 SYSTEMPATH/Database/Config.php(81): CodeIgniter\Database\Database->load()
 3 SYSTEMPATH/Model.php(151): CodeIgniter\Database\Config::connect()
 4 APPPATH/Models/UserModel.php(10): CodeIgniter\Model->__construct()
 5 APPPATH/Controllers/Home.php(18): App\Models\UserModel->__construct()
 6 SYSTEMPATH/CodeIgniter.php(919): App\Controllers\Home->administrador()
 7 SYSTEMPATH/CodeIgniter.php(494): CodeIgniter\CodeIgniter->runController()
 8 SYSTEMPATH/CodeIgniter.php(353): CodeIgniter\CodeIgniter->handleRequest()
 9 FCPATH/index.php(79): CodeIgniter\CodeIgniter->run()
CRITICAL - 2023-11-27 19:54:48 --> Undefined constant "CodeIgniter\Database\OCI8\OCI_COMMIT_ON_SUCCESS"
in SYSTEMPATH/Database/Database.php on line 137.
 1 SYSTEMPATH/Database/Database.php(55): CodeIgniter\Database\Database->initDriver()
 2 SYSTEMPATH/Database/Config.php(81): CodeIgniter\Database\Database->load()
 3 SYSTEMPATH/Model.php(151): CodeIgniter\Database\Config::connect()
 4 APPPATH/Models/UserModel.php(10): CodeIgniter\Model->__construct()
 5 APPPATH/Controllers/Home.php(18): App\Models\UserModel->__construct()
 6 SYSTEMPATH/CodeIgniter.php(919): App\Controllers\Home->administrador()
 7 SYSTEMPATH/CodeIgniter.php(494): CodeIgniter\CodeIgniter->runController()
 8 SYSTEMPATH/CodeIgniter.php(353): CodeIgniter\CodeIgniter->handleRequest()
 9 FCPATH/index.php(79): CodeIgniter\CodeIgniter->run()
CRITICAL - 2023-11-27 19:54:52 --> Undefined constant "CodeIgniter\Database\OCI8\OCI_COMMIT_ON_SUCCESS"
in SYSTEMPATH/Database/Database.php on line 137.
 1 SYSTEMPATH/Database/Database.php(55): CodeIgniter\Database\Database->initDriver()
 2 SYSTEMPATH/Database/Config.php(81): CodeIgniter\Database\Database->load()
 3 SYSTEMPATH/Model.php(151): CodeIgniter\Database\Config::connect()
 4 APPPATH/Models/UserModel.php(10): CodeIgniter\Model->__construct()
 5 APPPATH/Controllers/Home.php(18): App\Models\UserModel->__construct()
 6 SYSTEMPATH/CodeIgniter.php(919): App\Controllers\Home->administrador()
 7 SYSTEMPATH/CodeIgniter.php(494): CodeIgniter\CodeIgniter->runController()
 8 SYSTEMPATH/CodeIgniter.php(353): CodeIgniter\CodeIgniter->handleRequest()
 9 FCPATH/index.php(79): CodeIgniter\CodeIgniter->run()
CRITICAL - 2023-11-27 19:54:55 --> Undefined constant "CodeIgniter\Database\OCI8\OCI_COMMIT_ON_SUCCESS"
in SYSTEMPATH/Database/Database.php on line 137.
 1 SYSTEMPATH/Database/Database.php(55): CodeIgniter\Database\Database->initDriver()
 2 SYSTEMPATH/Database/Config.php(81): CodeIgniter\Database\Database->load()
 3 SYSTEMPATH/Model.php(151): CodeIgniter\Database\Config::connect()
 4 APPPATH/Models/UserModel.php(10): CodeIgniter\Model->__construct()
 5 APPPATH/Controllers/Home.php(18): App\Models\UserModel->__construct()
 6 SYSTEMPATH/CodeIgniter.php(919): App\Controllers\Home->administrador()
 7 SYSTEMPATH/CodeIgniter.php(494): CodeIgniter\CodeIgniter->runController()
 8 SYSTEMPATH/CodeIgniter.php(353): CodeIgniter\CodeIgniter->handleRequest()
 9 FCPATH/index.php(79): CodeIgniter\CodeIgniter->run()
CRITICAL - 2023-11-27 19:54:56 --> Undefined constant "CodeIgniter\Database\OCI8\OCI_COMMIT_ON_SUCCESS"
in SYSTEMPATH/Database/Database.php on line 137.
 1 SYSTEMPATH/Database/Database.php(55): CodeIgniter\Database\Database->initDriver()
 2 SYSTEMPATH/Database/Config.php(81): CodeIgniter\Database\Database->load()
 3 SYSTEMPATH/Model.php(151): CodeIgniter\Database\Config::connect()
 4 APPPATH/Models/UserModel.php(10): CodeIgniter\Model->__construct()
 5 APPPATH/Controllers/Home.php(18): App\Models\UserModel->__construct()
 6 SYSTEMPATH/CodeIgniter.php(919): App\Controllers\Home->administrador()
 7 SYSTEMPATH/CodeIgniter.php(494): CodeIgniter\CodeIgniter->runController()
 8 SYSTEMPATH/CodeIgniter.php(353): CodeIgniter\CodeIgniter->handleRequest()
 9 FCPATH/index.php(79): CodeIgniter\CodeIgniter->run()
CRITICAL - 2023-11-27 20:20:29 --> Undefined constant "CodeIgniter\Database\OCI8\OCI_COMMIT_ON_SUCCESS"
in SYSTEMPATH/Database/Database.php on line 137.
 1 SYSTEMPATH/Database/Database.php(55): CodeIgniter\Database\Database->initDriver()
 2 SYSTEMPATH/Database/Config.php(81): CodeIgniter\Database\Database->load()
 3 SYSTEMPATH/Model.php(151): CodeIgniter\Database\Config::connect()
 4 APPPATH/Models/UserModel.php(10): CodeIgniter\Model->__construct()
 5 APPPATH/Controllers/Home.php(18): App\Models\UserModel->__construct()
 6 SYSTEMPATH/CodeIgniter.php(919): App\Controllers\Home->administrador()
 7 SYSTEMPATH/CodeIgniter.php(494): CodeIgniter\CodeIgniter->runController()
 8 SYSTEMPATH/CodeIgniter.php(353): CodeIgniter\CodeIgniter->handleRequest()
 9 FCPATH/index.php(79): CodeIgniter\CodeIgniter->run()
CRITICAL - 2023-11-27 20:20:49 --> Undefined constant "CodeIgniter\Database\OCI8\OCI_COMMIT_ON_SUCCESS"
in SYSTEMPATH/Database/Database.php on line 137.
 1 SYSTEMPATH/Database/Database.php(55): CodeIgniter\Database\Database->initDriver()
 2 SYSTEMPATH/Database/Config.php(81): CodeIgniter\Database\Database->load()
 3 SYSTEMPATH/Model.php(151): CodeIgniter\Database\Config::connect()
 4 APPPATH/Models/UserModel.php(10): CodeIgniter\Model->__construct()
 5 APPPATH/Controllers/Home.php(18): App\Models\UserModel->__construct()
 6 SYSTEMPATH/CodeIgniter.php(919): App\Controllers\Home->administrador()
 7 SYSTEMPATH/CodeIgniter.php(494): CodeIgniter\CodeIgniter->runController()
 8 SYSTEMPATH/CodeIgniter.php(353): CodeIgniter\CodeIgniter->handleRequest()
 9 FCPATH/index.php(79): CodeIgniter\CodeIgniter->run()
CRITICAL - 2023-11-27 20:20:51 --> Undefined constant "CodeIgniter\Database\OCI8\OCI_COMMIT_ON_SUCCESS"
in SYSTEMPATH/Database/Database.php on line 137.
 1 SYSTEMPATH/Database/Database.php(55): CodeIgniter\Database\Database->initDriver()
 2 SYSTEMPATH/Database/Config.php(81): CodeIgniter\Database\Database->load()
 3 SYSTEMPATH/Model.php(151): CodeIgniter\Database\Config::connect()
 4 APPPATH/Models/UserModel.php(10): CodeIgniter\Model->__construct()
 5 APPPATH/Controllers/Home.php(18): App\Models\UserModel->__construct()
 6 SYSTEMPATH/CodeIgniter.php(919): App\Controllers\Home->administrador()
 7 SYSTEMPATH/CodeIgniter.php(494): CodeIgniter\CodeIgniter->runController()
 8 SYSTEMPATH/CodeIgniter.php(353): CodeIgniter\CodeIgniter->handleRequest()
 9 FCPATH/index.php(79): CodeIgniter\CodeIgniter->run()
CRITICAL - 2023-11-27 20:21:01 --> Undefined constant "CodeIgniter\Database\OCI8\OCI_COMMIT_ON_SUCCESS"
in SYSTEMPATH/Database/Database.php on line 137.
 1 SYSTEMPATH/Database/Database.php(55): CodeIgniter\Database\Database->initDriver()
 2 SYSTEMPATH/Database/Config.php(81): CodeIgniter\Database\Database->load()
 3 SYSTEMPATH/Model.php(151): CodeIgniter\Database\Config::connect()
 4 APPPATH/Models/UserModel.php(10): CodeIgniter\Model->__construct()
 5 APPPATH/Controllers/Home.php(18): App\Models\UserModel->__construct()
 6 SYSTEMPATH/CodeIgniter.php(919): App\Controllers\Home->administrador()
 7 SYSTEMPATH/CodeIgniter.php(494): CodeIgniter\CodeIgniter->runController()
 8 SYSTEMPATH/CodeIgniter.php(353): CodeIgniter\CodeIgniter->handleRequest()
 9 FCPATH/index.php(79): CodeIgniter\CodeIgniter->run()
CRITICAL - 2023-11-27 20:21:11 --> Undefined variable $adata
in APPPATH/Controllers/Home.php on line 24.
 1 APPPATH/Controllers/Home.php(24): CodeIgniter\Debug\Exceptions->errorHandler()
 2 SYSTEMPATH/CodeIgniter.php(919): App\Controllers\Home->administrador()
 3 SYSTEMPATH/CodeIgniter.php(494): CodeIgniter\CodeIgniter->runController()
 4 SYSTEMPATH/CodeIgniter.php(353): CodeIgniter\CodeIgniter->handleRequest()
 5 FCPATH/index.php(79): CodeIgniter\CodeIgniter->run()
CRITICAL - 2023-11-27 20:21:41 --> Undefined constant "CodeIgniter\Database\OCI8\OCI_COMMIT_ON_SUCCESS"
in SYSTEMPATH/Database/Database.php on line 137.
 1 SYSTEMPATH/Database/Database.php(55): CodeIgniter\Database\Database->initDriver()
 2 SYSTEMPATH/Database/Config.php(81): CodeIgniter\Database\Database->load()
 3 SYSTEMPATH/Model.php(151): CodeIgniter\Database\Config::connect()
 4 APPPATH/Models/UserModel.php(10): CodeIgniter\Model->__construct()
 5 APPPATH/Controllers/Home.php(20): App\Models\UserModel->__construct()
 6 SYSTEMPATH/CodeIgniter.php(919): App\Controllers\Home->administrador()
 7 SYSTEMPATH/CodeIgniter.php(494): CodeIgniter\CodeIgniter->runController()
 8 SYSTEMPATH/CodeIgniter.php(353): CodeIgniter\CodeIgniter->handleRequest()
 9 FCPATH/index.php(79): CodeIgniter\CodeIgniter->run()
CRITICAL - 2023-11-27 20:22:09 --> Class "App\Controllers\UserModel" not found
in APPPATH/Controllers/Home.php on line 20.
 1 SYSTEMPATH/CodeIgniter.php(919): App\Controllers\Home->administrador()
 2 SYSTEMPATH/CodeIgniter.php(494): CodeIgniter\CodeIgniter->runController()
 3 SYSTEMPATH/CodeIgniter.php(353): CodeIgniter\CodeIgniter->handleRequest()
 4 FCPATH/index.php(79): CodeIgniter\CodeIgniter->run()
CRITICAL - 2023-11-27 20:22:28 --> Undefined variable $data
in APPPATH/Views/administrador.php on line 5.
 1 APPPATH/Views/administrador.php(5): CodeIgniter\Debug\Exceptions->errorHandler()
 2 SYSTEMPATH/View/View.php(226): include('/app/myapp/app/Views/administrador.php')
 3 SYSTEMPATH/View/View.php(229): CodeIgniter\View\View->CodeIgniter\View\{closure}()
 4 SYSTEMPATH/Common.php(1188): CodeIgniter\View\View->render()
 5 APPPATH/Controllers/Home.php(28): view()
 6 SYSTEMPATH/CodeIgniter.php(919): App\Controllers\Home->administrador()
 7 SYSTEMPATH/CodeIgniter.php(494): CodeIgniter\CodeIgniter->runController()
 8 SYSTEMPATH/CodeIgniter.php(353): CodeIgniter\CodeIgniter->handleRequest()
 9 FCPATH/index.php(79): CodeIgniter\CodeIgniter->run()
CRITICAL - 2023-11-27 20:23:03 --> Undefined variable $data
in APPPATH/Views/administrador.php on line 5.
 1 APPPATH/Views/administrador.php(5): CodeIgniter\Debug\Exceptions->errorHandler()
 2 SYSTEMPATH/View/View.php(226): include('/app/myapp/app/Views/administrador.php')
 3 SYSTEMPATH/View/View.php(229): CodeIgniter\View\View->CodeIgniter\View\{closure}()
 4 SYSTEMPATH/Common.php(1188): CodeIgniter\View\View->render()
 5 APPPATH/Controllers/Home.php(28): view()
 6 SYSTEMPATH/CodeIgniter.php(919): App\Controllers\Home->administrador()
 7 SYSTEMPATH/CodeIgniter.php(494): CodeIgniter\CodeIgniter->runController()
 8 SYSTEMPATH/CodeIgniter.php(353): CodeIgniter\CodeIgniter->handleRequest()
 9 FCPATH/index.php(79): CodeIgniter\CodeIgniter->run()
CRITICAL - 2023-11-27 20:23:53 --> Class "App\Controllers\Administrador_model" not found
in APPPATH/Controllers/Home.php on line 16.
 1 SYSTEMPATH/CodeIgniter.php(919): App\Controllers\Home->administrador()
 2 SYSTEMPATH/CodeIgniter.php(494): CodeIgniter\CodeIgniter->runController()
 3 SYSTEMPATH/CodeIgniter.php(353): CodeIgniter\CodeIgniter->handleRequest()
 4 FCPATH/index.php(79): CodeIgniter\CodeIgniter->run()
CRITICAL - 2023-11-27 20:24:05 --> syntax error, unexpected token "}", expecting ";"
in APPPATH/Models/Administrador_model.php on line 17.
 1 SYSTEMPATH/Autoloader/Autoloader.php(285): CodeIgniter\Autoloader\Autoloader->includeFile()
 2 SYSTEMPATH/Autoloader/Autoloader.php(263): CodeIgniter\Autoloader\Autoloader->loadInNamespace()
 3 APPPATH/Controllers/Home.php(16): CodeIgniter\Autoloader\Autoloader->loadClass()
 4 SYSTEMPATH/CodeIgniter.php(919): App\Controllers\Home->administrador()
 5 SYSTEMPATH/CodeIgniter.php(494): CodeIgniter\CodeIgniter->runController()
 6 SYSTEMPATH/CodeIgniter.php(353): CodeIgniter\CodeIgniter->handleRequest()
 7 FCPATH/index.php(79): CodeIgniter\CodeIgniter->run()
CRITICAL - 2023-11-27 20:24:22 --> syntax error, unexpected token "}", expecting ";"
in APPPATH/Models/Administrador_model.php on line 17.
 1 SYSTEMPATH/Autoloader/Autoloader.php(285): CodeIgniter\Autoloader\Autoloader->includeFile()
 2 SYSTEMPATH/Autoloader/Autoloader.php(263): CodeIgniter\Autoloader\Autoloader->loadInNamespace()
 3 APPPATH/Controllers/Home.php(16): CodeIgniter\Autoloader\Autoloader->loadClass()
 4 SYSTEMPATH/CodeIgniter.php(919): App\Controllers\Home->administrador()
 5 SYSTEMPATH/CodeIgniter.php(494): CodeIgniter\CodeIgniter->runController()
 6 SYSTEMPATH/CodeIgniter.php(353): CodeIgniter\CodeIgniter->handleRequest()
 7 FCPATH/index.php(79): CodeIgniter\CodeIgniter->run()
CRITICAL - 2023-11-27 20:25:08 --> syntax error, unexpected token "}", expecting ";"
in APPPATH/Models/Administrador_model.php on line 17.
 1 SYSTEMPATH/Autoloader/Autoloader.php(285): CodeIgniter\Autoloader\Autoloader->includeFile()
 2 SYSTEMPATH/Autoloader/Autoloader.php(263): CodeIgniter\Autoloader\Autoloader->loadInNamespace()
 3 APPPATH/Controllers/Home.php(16): CodeIgniter\Autoloader\Autoloader->loadClass()
 4 SYSTEMPATH/CodeIgniter.php(919): App\Controllers\Home->administrador()
 5 SYSTEMPATH/CodeIgniter.php(494): CodeIgniter\CodeIgniter->runController()
 6 SYSTEMPATH/CodeIgniter.php(353): CodeIgniter\CodeIgniter->handleRequest()
 7 FCPATH/index.php(79): CodeIgniter\CodeIgniter->run()
CRITICAL - 2023-11-27 20:45:43 --> syntax error, unexpected token "}", expecting ";"
in APPPATH/Models/Administrador_model.php on line 17.
 1 SYSTEMPATH/Autoloader/Autoloader.php(285): CodeIgniter\Autoloader\Autoloader->includeFile()
 2 SYSTEMPATH/Autoloader/Autoloader.php(263): CodeIgniter\Autoloader\Autoloader->loadInNamespace()
 3 APPPATH/Controllers/Home.php(16): CodeIgniter\Autoloader\Autoloader->loadClass()
 4 SYSTEMPATH/CodeIgniter.php(919): App\Controllers\Home->administrador()
 5 SYSTEMPATH/CodeIgniter.php(494): CodeIgniter\CodeIgniter->runController()
 6 SYSTEMPATH/CodeIgniter.php(353): CodeIgniter\CodeIgniter->handleRequest()
 7 FCPATH/index.php(79): CodeIgniter\CodeIgniter->run()
CRITICAL - 2023-11-27 20:46:04 --> syntax error, unexpected token "}", expecting ";"
in APPPATH/Models/Administrador_model.php on line 13.
 1 SYSTEMPATH/Autoloader/Autoloader.php(285): CodeIgniter\Autoloader\Autoloader->includeFile()
 2 SYSTEMPATH/Autoloader/Autoloader.php(263): CodeIgniter\Autoloader\Autoloader->loadInNamespace()
 3 APPPATH/Controllers/Home.php(16): CodeIgniter\Autoloader\Autoloader->loadClass()
 4 SYSTEMPATH/CodeIgniter.php(919): App\Controllers\Home->administrador()
 5 SYSTEMPATH/CodeIgniter.php(494): CodeIgniter\CodeIgniter->runController()
 6 SYSTEMPATH/CodeIgniter.php(353): CodeIgniter\CodeIgniter->handleRequest()
 7 FCPATH/index.php(79): CodeIgniter\CodeIgniter->run()
CRITICAL - 2023-11-27 20:46:10 --> syntax error, unexpected token "}", expecting ";"
in APPPATH/Models/Administrador_model.php on line 17.
 1 SYSTEMPATH/Autoloader/Autoloader.php(285): CodeIgniter\Autoloader\Autoloader->includeFile()
 2 SYSTEMPATH/Autoloader/Autoloader.php(263): CodeIgniter\Autoloader\Autoloader->loadInNamespace()
 3 APPPATH/Controllers/Home.php(16): CodeIgniter\Autoloader\Autoloader->loadClass()
 4 SYSTEMPATH/CodeIgniter.php(919): App\Controllers\Home->administrador()
 5 SYSTEMPATH/CodeIgniter.php(494): CodeIgniter\CodeIgniter->runController()
 6 SYSTEMPATH/CodeIgniter.php(353): CodeIgniter\CodeIgniter->handleRequest()
 7 FCPATH/index.php(79): CodeIgniter\CodeIgniter->run()
CRITICAL - 2023-11-27 20:46:23 --> syntax error, unexpected token "}", expecting ";"
in APPPATH/Models/Administrador_model.php on line 17.
 1 SYSTEMPATH/Autoloader/Autoloader.php(285): CodeIgniter\Autoloader\Autoloader->includeFile()
 2 SYSTEMPATH/Autoloader/Autoloader.php(263): CodeIgniter\Autoloader\Autoloader->loadInNamespace()
 3 APPPATH/Controllers/Home.php(16): CodeIgniter\Autoloader\Autoloader->loadClass()
 4 SYSTEMPATH/CodeIgniter.php(919): App\Controllers\Home->administrador()
 5 SYSTEMPATH/CodeIgniter.php(494): CodeIgniter\CodeIgniter->runController()
 6 SYSTEMPATH/CodeIgniter.php(353): CodeIgniter\CodeIgniter->handleRequest()
 7 FCPATH/index.php(79): CodeIgniter\CodeIgniter->run()
CRITICAL - 2023-11-27 20:47:15 --> syntax error, unexpected token "}", expecting ";"
in APPPATH/Models/Administrador_model.php on line 17.
 1 SYSTEMPATH/Autoloader/Autoloader.php(285): CodeIgniter\Autoloader\Autoloader->includeFile()
 2 SYSTEMPATH/Autoloader/Autoloader.php(263): CodeIgniter\Autoloader\Autoloader->loadInNamespace()
 3 APPPATH/Controllers/Home.php(16): CodeIgniter\Autoloader\Autoloader->loadClass()
 4 SYSTEMPATH/CodeIgniter.php(919): App\Controllers\Home->administrador()
 5 SYSTEMPATH/CodeIgniter.php(494): CodeIgniter\CodeIgniter->runController()
 6 SYSTEMPATH/CodeIgniter.php(353): CodeIgniter\CodeIgniter->handleRequest()
 7 FCPATH/index.php(79): CodeIgniter\CodeIgniter->run()
CRITICAL - 2023-11-27 20:47:27 --> syntax error, unexpected token "}", expecting ";"
in APPPATH/Models/Administrador_model.php on line 17.
 1 SYSTEMPATH/Autoloader/Autoloader.php(285): CodeIgniter\Autoloader\Autoloader->includeFile()
 2 SYSTEMPATH/Autoloader/Autoloader.php(263): CodeIgniter\Autoloader\Autoloader->loadInNamespace()
 3 APPPATH/Controllers/Home.php(16): CodeIgniter\Autoloader\Autoloader->loadClass()
 4 SYSTEMPATH/CodeIgniter.php(919): App\Controllers\Home->administrador()
 5 SYSTEMPATH/CodeIgniter.php(494): CodeIgniter\CodeIgniter->runController()
 6 SYSTEMPATH/CodeIgniter.php(353): CodeIgniter\CodeIgniter->handleRequest()
 7 FCPATH/index.php(79): CodeIgniter\CodeIgniter->run()
CRITICAL - 2023-11-27 20:48:54 --> Undefined constant "CodeIgniter\Database\OCI8\OCI_COMMIT_ON_SUCCESS"
in SYSTEMPATH/Database/Database.php on line 137.
 1 SYSTEMPATH/Database/Database.php(55): CodeIgniter\Database\Database->initDriver()
 2 SYSTEMPATH/Database/Config.php(81): CodeIgniter\Database\Database->load()
 3 SYSTEMPATH/Model.php(151): CodeIgniter\Database\Config::connect()
 4 APPPATH/Models/UserModel.php(10): CodeIgniter\Model->__construct()
 5 APPPATH/Controllers/Home.php(19): App\Models\UserModel->__construct()
 6 SYSTEMPATH/CodeIgniter.php(919): App\Controllers\Home->administrador()
 7 SYSTEMPATH/CodeIgniter.php(494): CodeIgniter\CodeIgniter->runController()
 8 SYSTEMPATH/CodeIgniter.php(353): CodeIgniter\CodeIgniter->handleRequest()
 9 FCPATH/index.php(79): CodeIgniter\CodeIgniter->run()
CRITICAL - 2023-11-27 20:50:05 --> syntax error, unexpected token "}", expecting ";"
in APPPATH/Models/UserModel.php on line 20.
 1 SYSTEMPATH/Autoloader/Autoloader.php(285): CodeIgniter\Autoloader\Autoloader->includeFile()
 2 SYSTEMPATH/Autoloader/Autoloader.php(263): CodeIgniter\Autoloader\Autoloader->loadInNamespace()
 3 APPPATH/Controllers/Home.php(17): CodeIgniter\Autoloader\Autoloader->loadClass()
 4 SYSTEMPATH/CodeIgniter.php(919): App\Controllers\Home->administrador()
 5 SYSTEMPATH/CodeIgniter.php(494): CodeIgniter\CodeIgniter->runController()
 6 SYSTEMPATH/CodeIgniter.php(353): CodeIgniter\CodeIgniter->handleRequest()
 7 FCPATH/index.php(79): CodeIgniter\CodeIgniter->run()
CRITICAL - 2023-11-27 20:54:26 --> Undefined constant "CodeIgniter\Database\OCI8\OCI_COMMIT_ON_SUCCESS"
in SYSTEMPATH/Database/Database.php on line 137.
 1 SYSTEMPATH/Database/Database.php(55): CodeIgniter\Database\Database->initDriver()
 2 SYSTEMPATH/Database/Config.php(81): CodeIgniter\Database\Database->load()
 3 SYSTEMPATH/Model.php(151): CodeIgniter\Database\Config::connect()
 4 APPPATH/Models/UserModel.php(10): CodeIgniter\Model->__construct()
 5 APPPATH/Controllers/Home.php(16): App\Models\UserModel->__construct()
 6 SYSTEMPATH/CodeIgniter.php(919): App\Controllers\Home->administrador()
 7 SYSTEMPATH/CodeIgniter.php(494): CodeIgniter\CodeIgniter->runController()
 8 SYSTEMPATH/CodeIgniter.php(353): CodeIgniter\CodeIgniter->handleRequest()
 9 FCPATH/index.php(79): CodeIgniter\CodeIgniter->run()
CRITICAL - 2023-11-27 20:54:36 --> Undefined constant "CodeIgniter\Database\OCI8\OCI_COMMIT_ON_SUCCESS"
in SYSTEMPATH/Database/Database.php on line 137.
 1 SYSTEMPATH/Database/Database.php(55): CodeIgniter\Database\Database->initDriver()
 2 SYSTEMPATH/Database/Config.php(81): CodeIgniter\Database\Database->load()
 3 SYSTEMPATH/Model.php(151): CodeIgniter\Database\Config::connect()
 4 APPPATH/Models/UserModel.php(10): CodeIgniter\Model->__construct()
 5 APPPATH/Controllers/Home.php(16): App\Models\UserModel->__construct()
 6 SYSTEMPATH/CodeIgniter.php(919): App\Controllers\Home->administrador()
 7 SYSTEMPATH/CodeIgniter.php(494): CodeIgniter\CodeIgniter->runController()
 8 SYSTEMPATH/CodeIgniter.php(353): CodeIgniter\CodeIgniter->handleRequest()
 9 FCPATH/index.php(79): CodeIgniter\CodeIgniter->run()
CRITICAL - 2023-11-27 20:59:11 --> Undefined constant "CodeIgniter\Database\OCI8\OCI_COMMIT_ON_SUCCESS"
in SYSTEMPATH/Database/Database.php on line 137.
 1 SYSTEMPATH/Database/Database.php(55): CodeIgniter\Database\Database->initDriver()
 2 SYSTEMPATH/Database/Config.php(81): CodeIgniter\Database\Database->load()
 3 SYSTEMPATH/Model.php(151): CodeIgniter\Database\Config::connect()
 4 APPPATH/Models/UserModel.php(10): CodeIgniter\Model->__construct()
 5 APPPATH/Controllers/Home.php(14): App\Models\UserModel->__construct()
 6 SYSTEMPATH/CodeIgniter.php(919): App\Controllers\Home->administrador()
 7 SYSTEMPATH/CodeIgniter.php(494): CodeIgniter\CodeIgniter->runController()
 8 SYSTEMPATH/CodeIgniter.php(353): CodeIgniter\CodeIgniter->handleRequest()
 9 FCPATH/index.php(79): CodeIgniter\CodeIgniter->run()
CRITICAL - 2023-11-27 20:59:15 --> Undefined constant "CodeIgniter\Database\OCI8\OCI_COMMIT_ON_SUCCESS"
in SYSTEMPATH/Database/Database.php on line 137.
 1 SYSTEMPATH/Database/Database.php(55): CodeIgniter\Database\Database->initDriver()
 2 SYSTEMPATH/Database/Config.php(81): CodeIgniter\Database\Database->load()
 3 SYSTEMPATH/Model.php(151): CodeIgniter\Database\Config::connect()
 4 APPPATH/Models/UserModel.php(10): CodeIgniter\Model->__construct()
 5 APPPATH/Controllers/Home.php(14): App\Models\UserModel->__construct()
 6 SYSTEMPATH/CodeIgniter.php(919): App\Controllers\Home->administrador()
 7 SYSTEMPATH/CodeIgniter.php(494): CodeIgniter\CodeIgniter->runController()
 8 SYSTEMPATH/CodeIgniter.php(353): CodeIgniter\CodeIgniter->handleRequest()
 9 FCPATH/index.php(79): CodeIgniter\CodeIgniter->run()
CRITICAL - 2023-11-27 20:59:19 --> Undefined constant "CodeIgniter\Database\OCI8\OCI_COMMIT_ON_SUCCESS"
in SYSTEMPATH/Database/Database.php on line 137.
 1 SYSTEMPATH/Database/Database.php(55): CodeIgniter\Database\Database->initDriver()
 2 SYSTEMPATH/Database/Config.php(81): CodeIgniter\Database\Database->load()
 3 SYSTEMPATH/Model.php(151): CodeIgniter\Database\Config::connect()
 4 APPPATH/Models/UserModel.php(10): CodeIgniter\Model->__construct()
 5 APPPATH/Controllers/Home.php(14): App\Models\UserModel->__construct()
 6 SYSTEMPATH/CodeIgniter.php(919): App\Controllers\Home->administrador()
 7 SYSTEMPATH/CodeIgniter.php(494): CodeIgniter\CodeIgniter->runController()
 8 SYSTEMPATH/CodeIgniter.php(353): CodeIgniter\CodeIgniter->handleRequest()
 9 FCPATH/index.php(79): CodeIgniter\CodeIgniter->run()
CRITICAL - 2023-11-27 20:59:21 --> Undefined constant "CodeIgniter\Database\OCI8\OCI_COMMIT_ON_SUCCESS"
in SYSTEMPATH/Database/Database.php on line 137.
 1 SYSTEMPATH/Database/Database.php(55): CodeIgniter\Database\Database->initDriver()
 2 SYSTEMPATH/Database/Config.php(81): CodeIgniter\Database\Database->load()
 3 SYSTEMPATH/Model.php(151): CodeIgniter\Database\Config::connect()
 4 APPPATH/Models/UserModel.php(10): CodeIgniter\Model->__construct()
 5 APPPATH/Controllers/Home.php(14): App\Models\UserModel->__construct()
 6 SYSTEMPATH/CodeIgniter.php(919): App\Controllers\Home->administrador()
 7 SYSTEMPATH/CodeIgniter.php(494): CodeIgniter\CodeIgniter->runController()
 8 SYSTEMPATH/CodeIgniter.php(353): CodeIgniter\CodeIgniter->handleRequest()
 9 FCPATH/index.php(79): CodeIgniter\CodeIgniter->run()
CRITICAL - 2023-11-27 20:59:32 --> Undefined constant "CodeIgniter\Database\OCI8\OCI_COMMIT_ON_SUCCESS"
in SYSTEMPATH/Database/Database.php on line 137.
 1 SYSTEMPATH/Database/Database.php(55): CodeIgniter\Database\Database->initDriver()
 2 SYSTEMPATH/Database/Config.php(81): CodeIgniter\Database\Database->load()
 3 SYSTEMPATH/Model.php(151): CodeIgniter\Database\Config::connect()
 4 APPPATH/Models/UserModel.php(10): CodeIgniter\Model->__construct()
 5 APPPATH/Controllers/Home.php(14): App\Models\UserModel->__construct()
 6 SYSTEMPATH/CodeIgniter.php(919): App\Controllers\Home->administrador()
 7 SYSTEMPATH/CodeIgniter.php(494): CodeIgniter\CodeIgniter->runController()
 8 SYSTEMPATH/CodeIgniter.php(353): CodeIgniter\CodeIgniter->handleRequest()
 9 FCPATH/index.php(79): CodeIgniter\CodeIgniter->run()
CRITICAL - 2023-11-27 20:59:39 --> oracle is not a valid database connection group.
in SYSTEMPATH/Database/Config.php on line 69.
 1 SYSTEMPATH/Model.php(151): CodeIgniter\Database\Config::connect()
 2 APPPATH/Models/UserModel.php(10): CodeIgniter\Model->__construct()
 3 APPPATH/Controllers/Home.php(14): App\Models\UserModel->__construct()
 4 SYSTEMPATH/CodeIgniter.php(919): App\Controllers\Home->administrador()
 5 SYSTEMPATH/CodeIgniter.php(494): CodeIgniter\CodeIgniter->runController()
 6 SYSTEMPATH/CodeIgniter.php(353): CodeIgniter\CodeIgniter->handleRequest()
 7 FCPATH/index.php(79): CodeIgniter\CodeIgniter->run()
CRITICAL - 2023-11-27 21:01:15 --> Undefined constant "CodeIgniter\Database\OCI8\OCI_COMMIT_ON_SUCCESS"
in SYSTEMPATH/Database/Database.php on line 137.
 1 SYSTEMPATH/Database/Database.php(55): CodeIgniter\Database\Database->initDriver()
 2 SYSTEMPATH/Database/Config.php(81): CodeIgniter\Database\Database->load()
 3 SYSTEMPATH/Model.php(151): CodeIgniter\Database\Config::connect()
 4 APPPATH/Models/UserModel.php(10): CodeIgniter\Model->__construct()
 5 APPPATH/Controllers/Home.php(14): App\Models\UserModel->__construct()
 6 SYSTEMPATH/CodeIgniter.php(919): App\Controllers\Home->administrador()
 7 SYSTEMPATH/CodeIgniter.php(494): CodeIgniter\CodeIgniter->runController()
 8 SYSTEMPATH/CodeIgniter.php(353): CodeIgniter\CodeIgniter->handleRequest()
 9 FCPATH/index.php(79): CodeIgniter\CodeIgniter->run()
CRITICAL - 2023-11-27 21:02:18 --> Undefined constant "CodeIgniter\Database\OCI8\OCI_COMMIT_ON_SUCCESS"
in SYSTEMPATH/Database/Database.php on line 137.
 1 SYSTEMPATH/Database/Database.php(55): CodeIgniter\Database\Database->initDriver()
 2 SYSTEMPATH/Database/Config.php(81): CodeIgniter\Database\Database->load()
 3 SYSTEMPATH/Model.php(151): CodeIgniter\Database\Config::connect()
 4 APPPATH/Models/UserModel.php(10): CodeIgniter\Model->__construct()
 5 APPPATH/Controllers/Home.php(14): App\Models\UserModel->__construct()
 6 SYSTEMPATH/CodeIgniter.php(919): App\Controllers\Home->administrador()
 7 SYSTEMPATH/CodeIgniter.php(494): CodeIgniter\CodeIgniter->runController()
 8 SYSTEMPATH/CodeIgniter.php(353): CodeIgniter\CodeIgniter->handleRequest()
 9 FCPATH/index.php(79): CodeIgniter\CodeIgniter->run()
CRITICAL - 2023-11-27 21:27:01 --> Undefined constant "CodeIgniter\Database\OCI8\OCI_COMMIT_ON_SUCCESS"
in SYSTEMPATH/Database/Database.php on line 137.
 1 SYSTEMPATH/Database/Database.php(55): CodeIgniter\Database\Database->initDriver()
 2 SYSTEMPATH/Database/Config.php(81): CodeIgniter\Database\Database->load()
 3 SYSTEMPATH/Model.php(151): CodeIgniter\Database\Config::connect()
 4 APPPATH/Models/UserModel.php(10): CodeIgniter\Model->__construct()
 5 APPPATH/Controllers/Home.php(14): App\Models\UserModel->__construct()
 6 SYSTEMPATH/CodeIgniter.php(919): App\Controllers\Home->administrador()
 7 SYSTEMPATH/CodeIgniter.php(494): CodeIgniter\CodeIgniter->runController()
 8 SYSTEMPATH/CodeIgniter.php(353): CodeIgniter\CodeIgniter->handleRequest()
 9 FCPATH/index.php(79): CodeIgniter\CodeIgniter->run()
CRITICAL - 2023-11-27 21:27:52 --> Class "CodeIgniter\Database\PDO\Connection" not found
in SYSTEMPATH/Database/Database.php on line 137.
 1 SYSTEMPATH/Database/Database.php(55): CodeIgniter\Database\Database->initDriver()
 2 SYSTEMPATH/Database/Config.php(81): CodeIgniter\Database\Database->load()
 3 SYSTEMPATH/Model.php(151): CodeIgniter\Database\Config::connect()
 4 APPPATH/Models/UserModel.php(10): CodeIgniter\Model->__construct()
 5 APPPATH/Controllers/Home.php(14): App\Models\UserModel->__construct()
 6 SYSTEMPATH/CodeIgniter.php(919): App\Controllers\Home->administrador()
 7 SYSTEMPATH/CodeIgniter.php(494): CodeIgniter\CodeIgniter->runController()
 8 SYSTEMPATH/CodeIgniter.php(353): CodeIgniter\CodeIgniter->handleRequest()
 9 FCPATH/index.php(79): CodeIgniter\CodeIgniter->run()
CRITICAL - 2023-11-27 21:29:06 --> Class "CodeIgniter\Database\PDO\Connection" not found
in SYSTEMPATH/Database/Database.php on line 137.
 1 SYSTEMPATH/Database/Database.php(55): CodeIgniter\Database\Database->initDriver()
 2 SYSTEMPATH/Database/Config.php(81): CodeIgniter\Database\Database->load()
 3 APPPATH/Models/UserModel.php(12): CodeIgniter\Database\Config::connect()
 4 APPPATH/Controllers/Home.php(14): App\Models\UserModel->__construct()
 5 SYSTEMPATH/CodeIgniter.php(919): App\Controllers\Home->administrador()
 6 SYSTEMPATH/CodeIgniter.php(494): CodeIgniter\CodeIgniter->runController()
 7 SYSTEMPATH/CodeIgniter.php(353): CodeIgniter\CodeIgniter->handleRequest()
 8 FCPATH/index.php(79): CodeIgniter\CodeIgniter->run()
CRITICAL - 2023-11-27 21:31:03 --> Object of class CodeIgniter\Database\MySQLi\Connection could not be converted to string
in APPPATH/Views/administrador.php on line 5.
 1 SYSTEMPATH/View/View.php(226): include()
 2 SYSTEMPATH/View/View.php(229): CodeIgniter\View\View->CodeIgniter\View\{closure}()
 3 SYSTEMPATH/Common.php(1188): CodeIgniter\View\View->render()
 4 APPPATH/Controllers/Home.php(21): view()
 5 SYSTEMPATH/CodeIgniter.php(919): App\Controllers\Home->administrador()
 6 SYSTEMPATH/CodeIgniter.php(494): CodeIgniter\CodeIgniter->runController()
 7 SYSTEMPATH/CodeIgniter.php(353): CodeIgniter\CodeIgniter->handleRequest()
 8 FCPATH/index.php(79): CodeIgniter\CodeIgniter->run()
CRITICAL - 2023-11-27 21:31:32 --> Class "CodeIgniter\Database\PDO\Connection" not found
in SYSTEMPATH/Database/Database.php on line 137.
 1 SYSTEMPATH/Database/Database.php(55): CodeIgniter\Database\Database->initDriver()
 2 SYSTEMPATH/Database/Config.php(81): CodeIgniter\Database\Database->load()
 3 SYSTEMPATH/Common.php(363): CodeIgniter\Database\Config::connect()
 4 APPPATH/Models/UserModel.php(18): db_connect()
 5 APPPATH/Controllers/Home.php(18): App\Models\UserModel->test()
 6 SYSTEMPATH/CodeIgniter.php(919): App\Controllers\Home->administrador()
 7 SYSTEMPATH/CodeIgniter.php(494): CodeIgniter\CodeIgniter->runController()
 8 SYSTEMPATH/CodeIgniter.php(353): CodeIgniter\CodeIgniter->handleRequest()
 9 FCPATH/index.php(79): CodeIgniter\CodeIgniter->run()
CRITICAL - 2023-11-27 21:32:57 --> Undefined constant "CodeIgniter\Database\OCI8\OCI_COMMIT_ON_SUCCESS"
in SYSTEMPATH/Database/Database.php on line 137.
 1 SYSTEMPATH/Database/Database.php(55): CodeIgniter\Database\Database->initDriver()
 2 SYSTEMPATH/Database/Config.php(81): CodeIgniter\Database\Database->load()
 3 SYSTEMPATH/Common.php(363): CodeIgniter\Database\Config::connect()
 4 APPPATH/Models/UserModel.php(18): db_connect()
 5 APPPATH/Controllers/Home.php(18): App\Models\UserModel->test()
 6 SYSTEMPATH/CodeIgniter.php(919): App\Controllers\Home->administrador()
 7 SYSTEMPATH/CodeIgniter.php(494): CodeIgniter\CodeIgniter->runController()
 8 SYSTEMPATH/CodeIgniter.php(353): CodeIgniter\CodeIgniter->handleRequest()
 9 FCPATH/index.php(79): CodeIgniter\CodeIgniter->run()
CRITICAL - 2023-11-27 21:33:20 --> Undefined variable $db
in APPPATH/Models/UserModel.php on line 19.
 1 APPPATH/Models/UserModel.php(19): CodeIgniter\Debug\Exceptions->errorHandler()
 2 APPPATH/Controllers/Home.php(18): App\Models\UserModel->test()
 3 SYSTEMPATH/CodeIgniter.php(919): App\Controllers\Home->administrador()
 4 SYSTEMPATH/CodeIgniter.php(494): CodeIgniter\CodeIgniter->runController()
 5 SYSTEMPATH/CodeIgniter.php(353): CodeIgniter\CodeIgniter->handleRequest()
 6 FCPATH/index.php(79): CodeIgniter\CodeIgniter->run()
CRITICAL - 2023-11-27 21:33:33 --> Undefined constant "CodeIgniter\Database\OCI8\OCI_COMMIT_ON_SUCCESS"
in SYSTEMPATH/Database/Database.php on line 137.
 1 SYSTEMPATH/Database/Database.php(55): CodeIgniter\Database\Database->initDriver()
 2 SYSTEMPATH/Database/Config.php(81): CodeIgniter\Database\Database->load()
 3 APPPATH/Models/UserModel.php(11): CodeIgniter\Database\Config::connect()
 4 APPPATH/Controllers/Home.php(14): App\Models\UserModel->__construct()
 5 SYSTEMPATH/CodeIgniter.php(919): App\Controllers\Home->administrador()
 6 SYSTEMPATH/CodeIgniter.php(494): CodeIgniter\CodeIgniter->runController()
 7 SYSTEMPATH/CodeIgniter.php(353): CodeIgniter\CodeIgniter->handleRequest()
 8 FCPATH/index.php(79): CodeIgniter\CodeIgniter->run()
CRITICAL - 2023-11-27 21:38:55 --> Class "CodeIgniter\Database\PDO\Connection" not found
in SYSTEMPATH/Database/Database.php on line 137.
 1 SYSTEMPATH/Database/Database.php(55): CodeIgniter\Database\Database->initDriver()
 2 SYSTEMPATH/Database/Config.php(81): CodeIgniter\Database\Database->load()
 3 APPPATH/Models/UserModel.php(11): CodeIgniter\Database\Config::connect()
 4 APPPATH/Controllers/Home.php(14): App\Models\UserModel->__construct()
 5 SYSTEMPATH/CodeIgniter.php(919): App\Controllers\Home->administrador()
 6 SYSTEMPATH/CodeIgniter.php(494): CodeIgniter\CodeIgniter->runController()
 7 SYSTEMPATH/CodeIgniter.php(353): CodeIgniter\CodeIgniter->handleRequest()
 8 FCPATH/index.php(79): CodeIgniter\CodeIgniter->run()
CRITICAL - 2023-11-27 21:39:30 --> Class "CodeIgniter\Database\PDO\Connection" not found
in SYSTEMPATH/Database/Database.php on line 137.
 1 SYSTEMPATH/Database/Database.php(55): CodeIgniter\Database\Database->initDriver()
 2 SYSTEMPATH/Database/Config.php(81): CodeIgniter\Database\Database->load()
 3 APPPATH/Models/UserModel.php(11): CodeIgniter\Database\Config::connect()
 4 APPPATH/Controllers/Home.php(14): App\Models\UserModel->__construct()
 5 SYSTEMPATH/CodeIgniter.php(919): App\Controllers\Home->administrador()
 6 SYSTEMPATH/CodeIgniter.php(494): CodeIgniter\CodeIgniter->runController()
 7 SYSTEMPATH/CodeIgniter.php(353): CodeIgniter\CodeIgniter->handleRequest()
 8 FCPATH/index.php(79): CodeIgniter\CodeIgniter->run()
CRITICAL - 2023-11-27 21:45:07 --> Undefined constant "CodeIgniter\Database\OCI8\OCI_COMMIT_ON_SUCCESS"
in SYSTEMPATH/Database/Database.php on line 137.
 1 SYSTEMPATH/Database/Database.php(55): CodeIgniter\Database\Database->initDriver()
 2 SYSTEMPATH/Database/Config.php(81): CodeIgniter\Database\Database->load()
 3 APPPATH/Models/UserModel.php(11): CodeIgniter\Database\Config::connect()
 4 APPPATH/Controllers/Home.php(14): App\Models\UserModel->__construct()
 5 SYSTEMPATH/CodeIgniter.php(919): App\Controllers\Home->administrador()
 6 SYSTEMPATH/CodeIgniter.php(494): CodeIgniter\CodeIgniter->runController()
 7 SYSTEMPATH/CodeIgniter.php(353): CodeIgniter\CodeIgniter->handleRequest()
 8 FCPATH/index.php(79): CodeIgniter\CodeIgniter->run()
CRITICAL - 2023-11-27 21:45:36 --> Class "CodeIgniter\Database\PDO\Connection" not found
in SYSTEMPATH/Database/Database.php on line 137.
 1 SYSTEMPATH/Database/Database.php(55): CodeIgniter\Database\Database->initDriver()
 2 SYSTEMPATH/Database/Config.php(81): CodeIgniter\Database\Database->load()
 3 APPPATH/Models/UserModel.php(11): CodeIgniter\Database\Config::connect()
 4 APPPATH/Controllers/Home.php(14): App\Models\UserModel->__construct()
 5 SYSTEMPATH/CodeIgniter.php(919): App\Controllers\Home->administrador()
 6 SYSTEMPATH/CodeIgniter.php(494): CodeIgniter\CodeIgniter->runController()
 7 SYSTEMPATH/CodeIgniter.php(353): CodeIgniter\CodeIgniter->handleRequest()
 8 FCPATH/index.php(79): CodeIgniter\CodeIgniter->run()
CRITICAL - 2023-11-27 21:45:52 --> Class "CodeIgniter\Database\PDO\Connection" not found
in SYSTEMPATH/Database/Database.php on line 137.
 1 SYSTEMPATH/Database/Database.php(55): CodeIgniter\Database\Database->initDriver()
 2 SYSTEMPATH/Database/Config.php(81): CodeIgniter\Database\Database->load()
 3 APPPATH/Models/UserModel.php(11): CodeIgniter\Database\Config::connect()
 4 APPPATH/Controllers/Home.php(14): App\Models\UserModel->__construct()
 5 SYSTEMPATH/CodeIgniter.php(919): App\Controllers\Home->administrador()
 6 SYSTEMPATH/CodeIgniter.php(494): CodeIgniter\CodeIgniter->runController()
 7 SYSTEMPATH/CodeIgniter.php(353): CodeIgniter\CodeIgniter->handleRequest()
 8 FCPATH/index.php(79): CodeIgniter\CodeIgniter->run()
CRITICAL - 2023-11-27 21:46:02 --> Undefined constant "CodeIgniter\Database\OCI8\OCI_COMMIT_ON_SUCCESS"
in SYSTEMPATH/Database/Database.php on line 137.
 1 SYSTEMPATH/Database/Database.php(55): CodeIgniter\Database\Database->initDriver()
 2 SYSTEMPATH/Database/Config.php(81): CodeIgniter\Database\Database->load()
 3 APPPATH/Models/UserModel.php(11): CodeIgniter\Database\Config::connect()
 4 APPPATH/Controllers/Home.php(14): App\Models\UserModel->__construct()
 5 SYSTEMPATH/CodeIgniter.php(919): App\Controllers\Home->administrador()
 6 SYSTEMPATH/CodeIgniter.php(494): CodeIgniter\CodeIgniter->runController()
 7 SYSTEMPATH/CodeIgniter.php(353): CodeIgniter\CodeIgniter->handleRequest()
 8 FCPATH/index.php(79): CodeIgniter\CodeIgniter->run()
CRITICAL - 2023-11-27 22:10:58 --> Class "App\Models\PDO" not found
in APPPATH/Models/UserModel.php on line 30.
 1 APPPATH/Controllers/Home.php(18): App\Models\UserModel->test()
 2 SYSTEMPATH/CodeIgniter.php(919): App\Controllers\Home->administrador()
 3 SYSTEMPATH/CodeIgniter.php(494): CodeIgniter\CodeIgniter->runController()
 4 SYSTEMPATH/CodeIgniter.php(353): CodeIgniter\CodeIgniter->handleRequest()
 5 FCPATH/index.php(79): CodeIgniter\CodeIgniter->run()
CRITICAL - 2023-11-27 22:25:54 --> Undefined constant "CodeIgniter\Database\OCI8\OCI_COMMIT_ON_SUCCESS"
in SYSTEMPATH/Database/Database.php on line 137.
 1 SYSTEMPATH/Database/Database.php(55): CodeIgniter\Database\Database->initDriver()
 2 SYSTEMPATH/Database/Config.php(81): CodeIgniter\Database\Database->load()
 3 APPPATH/Models/UserModel.php(11): CodeIgniter\Database\Config::connect()
 4 APPPATH/Controllers/Home.php(14): App\Models\UserModel->__construct()
 5 SYSTEMPATH/CodeIgniter.php(919): App\Controllers\Home->administrador()
 6 SYSTEMPATH/CodeIgniter.php(494): CodeIgniter\CodeIgniter->runController()
 7 SYSTEMPATH/CodeIgniter.php(353): CodeIgniter\CodeIgniter->handleRequest()
 8 FCPATH/index.php(79): CodeIgniter\CodeIgniter->run()
CRITICAL - 2023-11-27 22:26:03 --> Undefined constant "CodeIgniter\Database\OCI8\OCI_COMMIT_ON_SUCCESS"
in SYSTEMPATH/Database/Database.php on line 137.
 1 SYSTEMPATH/Database/Database.php(55): CodeIgniter\Database\Database->initDriver()
 2 SYSTEMPATH/Database/Config.php(81): CodeIgniter\Database\Database->load()
 3 APPPATH/Models/UserModel.php(11): CodeIgniter\Database\Config::connect()
 4 APPPATH/Controllers/Home.php(14): App\Models\UserModel->__construct()
 5 SYSTEMPATH/CodeIgniter.php(919): App\Controllers\Home->administrador()
 6 SYSTEMPATH/CodeIgniter.php(494): CodeIgniter\CodeIgniter->runController()
 7 SYSTEMPATH/CodeIgniter.php(353): CodeIgniter\CodeIgniter->handleRequest()
 8 FCPATH/index.php(79): CodeIgniter\CodeIgniter->run()
CRITICAL - 2023-11-27 22:36:21 --> Undefined constant "CodeIgniter\Database\OCI8\OCI_COMMIT_ON_SUCCESS"
in SYSTEMPATH/Database/Database.php on line 137.
 1 SYSTEMPATH/Database/Database.php(55): CodeIgniter\Database\Database->initDriver()
 2 SYSTEMPATH/Database/Config.php(81): CodeIgniter\Database\Database->load()
 3 APPPATH/Models/UserModel.php(11): CodeIgniter\Database\Config::connect()
 4 APPPATH/Controllers/Home.php(14): App\Models\UserModel->__construct()
 5 SYSTEMPATH/CodeIgniter.php(919): App\Controllers\Home->administrador()
 6 SYSTEMPATH/CodeIgniter.php(494): CodeIgniter\CodeIgniter->runController()
 7 SYSTEMPATH/CodeIgniter.php(353): CodeIgniter\CodeIgniter->handleRequest()
 8 FCPATH/index.php(79): CodeIgniter\CodeIgniter->run()
CRITICAL - 2023-11-27 22:39:18 --> Undefined constant "CodeIgniter\Database\OCI8\OCI_COMMIT_ON_SUCCESS"
in SYSTEMPATH/Database/Database.php on line 137.
 1 SYSTEMPATH/Database/Database.php(55): CodeIgniter\Database\Database->initDriver()
 2 SYSTEMPATH/Database/Config.php(81): CodeIgniter\Database\Database->load()
 3 APPPATH/Models/UserModel.php(11): CodeIgniter\Database\Config::connect()
 4 APPPATH/Controllers/Home.php(14): App\Models\UserModel->__construct()
 5 SYSTEMPATH/CodeIgniter.php(919): App\Controllers\Home->administrador()
 6 SYSTEMPATH/CodeIgniter.php(494): CodeIgniter\CodeIgniter->runController()
 7 SYSTEMPATH/CodeIgniter.php(353): CodeIgniter\CodeIgniter->handleRequest()
 8 FCPATH/index.php(79): CodeIgniter\CodeIgniter->run()
CRITICAL - 2023-11-27 22:52:43 --> Undefined constant "App\Models\extension_loaded"
in APPPATH/Models/UserModel.php on line 24.
 1 APPPATH/Controllers/Home.php(18): App\Models\UserModel->test()
 2 SYSTEMPATH/CodeIgniter.php(919): App\Controllers\Home->administrador()
 3 SYSTEMPATH/CodeIgniter.php(494): CodeIgniter\CodeIgniter->runController()
 4 SYSTEMPATH/CodeIgniter.php(353): CodeIgniter\CodeIgniter->handleRequest()
 5 FCPATH/index.php(79): CodeIgniter\CodeIgniter->run()
CRITICAL - 2023-11-27 22:52:51 --> Undefined constant "App\Models\extension_loaded"
in APPPATH/Models/UserModel.php on line 24.
 1 APPPATH/Controllers/Home.php(18): App\Models\UserModel->test()
 2 SYSTEMPATH/CodeIgniter.php(919): App\Controllers\Home->administrador()
 3 SYSTEMPATH/CodeIgniter.php(494): CodeIgniter\CodeIgniter->runController()
 4 SYSTEMPATH/CodeIgniter.php(353): CodeIgniter\CodeIgniter->handleRequest()
 5 FCPATH/index.php(79): CodeIgniter\CodeIgniter->run()
CRITICAL - 2023-11-27 23:00:55 --> Class "App\Models\PDO" not found
in APPPATH/Models/UserModel.php on line 28.
 1 APPPATH/Controllers/Home.php(18): App\Models\UserModel->test()
 2 SYSTEMPATH/CodeIgniter.php(919): App\Controllers\Home->administrador()
 3 SYSTEMPATH/CodeIgniter.php(494): CodeIgniter\CodeIgniter->runController()
 4 SYSTEMPATH/CodeIgniter.php(353): CodeIgniter\CodeIgniter->handleRequest()
 5 FCPATH/index.php(79): CodeIgniter\CodeIgniter->run()
CRITICAL - 2023-11-27 23:01:07 --> Class "App\Models\PDO" not found
in APPPATH/Models/UserModel.php on line 28.
 1 APPPATH/Controllers/Home.php(18): App\Models\UserModel->test()
 2 SYSTEMPATH/CodeIgniter.php(919): App\Controllers\Home->administrador()
 3 SYSTEMPATH/CodeIgniter.php(494): CodeIgniter\CodeIgniter->runController()
 4 SYSTEMPATH/CodeIgniter.php(353): CodeIgniter\CodeIgniter->handleRequest()
 5 FCPATH/index.php(79): CodeIgniter\CodeIgniter->run()
CRITICAL - 2023-11-27 23:01:17 --> Class "App\Models\PDO" not found
in APPPATH/Models/UserModel.php on line 25.
 1 APPPATH/Controllers/Home.php(18): App\Models\UserModel->test()
 2 SYSTEMPATH/CodeIgniter.php(919): App\Controllers\Home->administrador()
 3 SYSTEMPATH/CodeIgniter.php(494): CodeIgniter\CodeIgniter->runController()
 4 SYSTEMPATH/CodeIgniter.php(353): CodeIgniter\CodeIgniter->handleRequest()
 5 FCPATH/index.php(79): CodeIgniter\CodeIgniter->run()
CRITICAL - 2023-11-27 23:45:15 --> Class "App\Models\PDO" not found
in APPPATH/Models/UserModel.php on line 32.
 1 APPPATH/Controllers/Home.php(18): App\Models\UserModel->test()
 2 SYSTEMPATH/CodeIgniter.php(919): App\Controllers\Home->administrador()
 3 SYSTEMPATH/CodeIgniter.php(494): CodeIgniter\CodeIgniter->runController()
 4 SYSTEMPATH/CodeIgniter.php(353): CodeIgniter\CodeIgniter->handleRequest()
 5 FCPATH/index.php(79): CodeIgniter\CodeIgniter->run()
