CRITICAL - 2023-11-30 13:26:27 --> count(): Argument #1 ($value) must be of type Countable|array, null given
in APPPATH/Views/html_administrador.php on line 7.
 1 SYSTEMPATH/View/View.php(226): include()
 2 SYSTEMPATH/View/View.php(229): CodeIgniter\View\View->CodeIgniter\View\{closure}()
 3 SYSTEMPATH/View/View.php(242): CodeIgniter\View\View->render()
 4 SYSTEMPATH/Common.php(1188): CodeIgniter\View\View->render()
 5 APPPATH/Controllers/Home.php(28): view()
 6 SYSTEMPATH/CodeIgniter.php(919): App\Controllers\Home->administrador()
 7 SYSTEMPATH/CodeIgniter.php(494): CodeIgniter\CodeIgniter->runController()
 8 SYSTEMPATH/CodeIgniter.php(353): CodeIgniter\CodeIgniter->handleRequest()
 9 FCPATH/index.php(79): CodeIgniter\CodeIgniter->run()
CRITICAL - 2023-11-30 14:30:07 --> Cannot redeclare App\Controllers\Home::grabraExt()
in APPPATH/Controllers/Home.php on line 163.
 1 [internal function]: CodeIgniter\Debug\Exceptions->shutdownHandler()
CRITICAL - 2023-11-30 18:32:22 --> syntax error, unexpected token "<"
in APPPATH/Views/administrador.php on line 162.
 1 SYSTEMPATH/View/View.php(229): CodeIgniter\View\View->CodeIgniter\View\{closure}()
 2 SYSTEMPATH/Common.php(1188): CodeIgniter\View\View->render()
 3 APPPATH/Controllers/Home.php(28): view()
 4 SYSTEMPATH/CodeIgniter.php(919): App\Controllers\Home->administrador()
 5 SYSTEMPATH/CodeIgniter.php(494): CodeIgniter\CodeIgniter->runController()
 6 SYSTEMPATH/CodeIgniter.php(353): CodeIgniter\CodeIgniter->handleRequest()
 7 FCPATH/index.php(79): CodeIgniter\CodeIgniter->run()
CRITICAL - 2023-11-30 18:32:26 --> syntax error, unexpected token "<"
in APPPATH/Views/administrador.php on line 162.
 1 SYSTEMPATH/View/View.php(229): CodeIgniter\View\View->CodeIgniter\View\{closure}()
 2 SYSTEMPATH/Common.php(1188): CodeIgniter\View\View->render()
 3 APPPATH/Controllers/Home.php(28): view()
 4 SYSTEMPATH/CodeIgniter.php(919): App\Controllers\Home->administrador()
 5 SYSTEMPATH/CodeIgniter.php(494): CodeIgniter\CodeIgniter->runController()
 6 SYSTEMPATH/CodeIgniter.php(353): CodeIgniter\CodeIgniter->handleRequest()
 7 FCPATH/index.php(79): CodeIgniter\CodeIgniter->run()
CRITICAL - 2023-11-30 18:36:10 --> syntax error, unexpected token "<"
in APPPATH/Views/administrador.php on line 162.
 1 SYSTEMPATH/View/View.php(229): CodeIgniter\View\View->CodeIgniter\View\{closure}()
 2 SYSTEMPATH/Common.php(1188): CodeIgniter\View\View->render()
 3 APPPATH/Controllers/Home.php(28): view()
 4 SYSTEMPATH/CodeIgniter.php(919): App\Controllers\Home->administrador()
 5 SYSTEMPATH/CodeIgniter.php(494): CodeIgniter\CodeIgniter->runController()
 6 SYSTEMPATH/CodeIgniter.php(353): CodeIgniter\CodeIgniter->handleRequest()
 7 FCPATH/index.php(79): CodeIgniter\CodeIgniter->run()
CRITICAL - 2023-11-30 18:37:01 --> syntax error, unexpected token "<"
in APPPATH/Views/administrador.php on line 164.
 1 SYSTEMPATH/View/View.php(229): CodeIgniter\View\View->CodeIgniter\View\{closure}()
 2 SYSTEMPATH/Common.php(1188): CodeIgniter\View\View->render()
 3 APPPATH/Controllers/Home.php(28): view()
 4 SYSTEMPATH/CodeIgniter.php(919): App\Controllers\Home->administrador()
 5 SYSTEMPATH/CodeIgniter.php(494): CodeIgniter\CodeIgniter->runController()
 6 SYSTEMPATH/CodeIgniter.php(353): CodeIgniter\CodeIgniter->handleRequest()
 7 FCPATH/index.php(79): CodeIgniter\CodeIgniter->run()
CRITICAL - 2023-11-30 18:37:02 --> syntax error, unexpected token "<"
in APPPATH/Views/administrador.php on line 164.
 1 SYSTEMPATH/View/View.php(229): CodeIgniter\View\View->CodeIgniter\View\{closure}()
 2 SYSTEMPATH/Common.php(1188): CodeIgniter\View\View->render()
 3 APPPATH/Controllers/Home.php(28): view()
 4 SYSTEMPATH/CodeIgniter.php(919): App\Controllers\Home->administrador()
 5 SYSTEMPATH/CodeIgniter.php(494): CodeIgniter\CodeIgniter->runController()
 6 SYSTEMPATH/CodeIgniter.php(353): CodeIgniter\CodeIgniter->handleRequest()
 7 FCPATH/index.php(79): CodeIgniter\CodeIgniter->run()
CRITICAL - 2023-11-30 18:46:04 --> syntax error, unexpected token "<"
in APPPATH/Views/administrador.php on line 164.
 1 SYSTEMPATH/View/View.php(229): CodeIgniter\View\View->CodeIgniter\View\{closure}()
 2 SYSTEMPATH/Common.php(1188): CodeIgniter\View\View->render()
 3 APPPATH/Controllers/Home.php(28): view()
 4 SYSTEMPATH/CodeIgniter.php(919): App\Controllers\Home->administrador()
 5 SYSTEMPATH/CodeIgniter.php(494): CodeIgniter\CodeIgniter->runController()
 6 SYSTEMPATH/CodeIgniter.php(353): CodeIgniter\CodeIgniter->handleRequest()
 7 FCPATH/index.php(79): CodeIgniter\CodeIgniter->run()
CRITICAL - 2023-11-30 18:46:17 --> syntax error, unexpected token "<"
in APPPATH/Views/administrador.php on line 164.
 1 SYSTEMPATH/View/View.php(229): CodeIgniter\View\View->CodeIgniter\View\{closure}()
 2 SYSTEMPATH/Common.php(1188): CodeIgniter\View\View->render()
 3 APPPATH/Controllers/Home.php(28): view()
 4 SYSTEMPATH/CodeIgniter.php(919): App\Controllers\Home->administrador()
 5 SYSTEMPATH/CodeIgniter.php(494): CodeIgniter\CodeIgniter->runController()
 6 SYSTEMPATH/CodeIgniter.php(353): CodeIgniter\CodeIgniter->handleRequest()
 7 FCPATH/index.php(79): CodeIgniter\CodeIgniter->run()
CRITICAL - 2023-11-30 18:46:21 --> syntax error, unexpected token "<"
in APPPATH/Views/administrador.php on line 164.
 1 SYSTEMPATH/View/View.php(229): CodeIgniter\View\View->CodeIgniter\View\{closure}()
 2 SYSTEMPATH/Common.php(1188): CodeIgniter\View\View->render()
 3 APPPATH/Controllers/Home.php(28): view()
 4 SYSTEMPATH/CodeIgniter.php(919): App\Controllers\Home->administrador()
 5 SYSTEMPATH/CodeIgniter.php(494): CodeIgniter\CodeIgniter->runController()
 6 SYSTEMPATH/CodeIgniter.php(353): CodeIgniter\CodeIgniter->handleRequest()
 7 FCPATH/index.php(79): CodeIgniter\CodeIgniter->run()
CRITICAL - 2023-11-30 19:26:05 --> Cannot redeclare App\Models\UserModel::creaPrivilegio()
in APPPATH/Models/UserModel.php on line 181.
 1 [internal function]: CodeIgniter\Debug\Exceptions->shutdownHandler()
CRITICAL - 2023-11-30 19:26:19 --> Cannot redeclare App\Models\UserModel::creaPrivilegio()
in APPPATH/Models/UserModel.php on line 181.
 1 [internal function]: CodeIgniter\Debug\Exceptions->shutdownHandler()
CRITICAL - 2023-11-30 19:26:51 --> Undefined variable $nombre
in APPPATH/Controllers/Home.php on line 182.
 1 APPPATH/Controllers/Home.php(182): CodeIgniter\Debug\Exceptions->errorHandler()
 2 SYSTEMPATH/CodeIgniter.php(919): App\Controllers\Home->actualiza_privilegio()
 3 SYSTEMPATH/CodeIgniter.php(494): CodeIgniter\CodeIgniter->runController()
 4 SYSTEMPATH/CodeIgniter.php(353): CodeIgniter\CodeIgniter->handleRequest()
 5 FCPATH/index.php(79): CodeIgniter\CodeIgniter->run()
CRITICAL - 2023-11-30 19:27:35 --> Undefined variable $nombre
in APPPATH/Controllers/Home.php on line 182.
 1 APPPATH/Controllers/Home.php(182): CodeIgniter\Debug\Exceptions->errorHandler()
 2 SYSTEMPATH/CodeIgniter.php(919): App\Controllers\Home->actualiza_privilegio()
 3 SYSTEMPATH/CodeIgniter.php(494): CodeIgniter\CodeIgniter->runController()
 4 SYSTEMPATH/CodeIgniter.php(353): CodeIgniter\CodeIgniter->handleRequest()
 5 FCPATH/index.php(79): CodeIgniter\CodeIgniter->run()
CRITICAL - 2023-11-30 19:28:07 --> Undefined variable $nombre
in APPPATH/Controllers/Home.php on line 182.
 1 APPPATH/Controllers/Home.php(182): CodeIgniter\Debug\Exceptions->errorHandler()
 2 SYSTEMPATH/CodeIgniter.php(919): App\Controllers\Home->actualiza_privilegio()
 3 SYSTEMPATH/CodeIgniter.php(494): CodeIgniter\CodeIgniter->runController()
 4 SYSTEMPATH/CodeIgniter.php(353): CodeIgniter\CodeIgniter->handleRequest()
 5 FCPATH/index.php(79): CodeIgniter\CodeIgniter->run()
CRITICAL - 2023-11-30 19:28:16 --> Undefined variable $nombre
in APPPATH/Controllers/Home.php on line 182.
 1 APPPATH/Controllers/Home.php(182): CodeIgniter\Debug\Exceptions->errorHandler()
 2 SYSTEMPATH/CodeIgniter.php(919): App\Controllers\Home->actualiza_privilegio()
 3 SYSTEMPATH/CodeIgniter.php(494): CodeIgniter\CodeIgniter->runController()
 4 SYSTEMPATH/CodeIgniter.php(353): CodeIgniter\CodeIgniter->handleRequest()
 5 FCPATH/index.php(79): CodeIgniter\CodeIgniter->run()
CRITICAL - 2023-11-30 19:28:39 --> Undefined variable $nombre
in APPPATH/Controllers/Home.php on line 182.
 1 APPPATH/Controllers/Home.php(182): CodeIgniter\Debug\Exceptions->errorHandler()
 2 SYSTEMPATH/CodeIgniter.php(919): App\Controllers\Home->actualiza_privilegio()
 3 SYSTEMPATH/CodeIgniter.php(494): CodeIgniter\CodeIgniter->runController()
 4 SYSTEMPATH/CodeIgniter.php(353): CodeIgniter\CodeIgniter->handleRequest()
 5 FCPATH/index.php(79): CodeIgniter\CodeIgniter->run()
CRITICAL - 2023-11-30 19:29:17 --> Undefined variable $nombre
in APPPATH/Controllers/Home.php on line 182.
 1 APPPATH/Controllers/Home.php(182): CodeIgniter\Debug\Exceptions->errorHandler()
 2 SYSTEMPATH/CodeIgniter.php(919): App\Controllers\Home->actualiza_privilegio()
 3 SYSTEMPATH/CodeIgniter.php(494): CodeIgniter\CodeIgniter->runController()
 4 SYSTEMPATH/CodeIgniter.php(353): CodeIgniter\CodeIgniter->handleRequest()
 5 FCPATH/index.php(79): CodeIgniter\CodeIgniter->run()
CRITICAL - 2023-11-30 19:29:32 --> Undefined variable $nombre
in APPPATH/Controllers/Home.php on line 182.
 1 APPPATH/Controllers/Home.php(182): CodeIgniter\Debug\Exceptions->errorHandler()
 2 SYSTEMPATH/CodeIgniter.php(919): App\Controllers\Home->actualiza_privilegio()
 3 SYSTEMPATH/CodeIgniter.php(494): CodeIgniter\CodeIgniter->runController()
 4 SYSTEMPATH/CodeIgniter.php(353): CodeIgniter\CodeIgniter->handleRequest()
 5 FCPATH/index.php(79): CodeIgniter\CodeIgniter->run()
CRITICAL - 2023-11-30 19:29:59 --> Undefined variable $nombre
in APPPATH/Controllers/Home.php on line 182.
 1 APPPATH/Controllers/Home.php(182): CodeIgniter\Debug\Exceptions->errorHandler()
 2 SYSTEMPATH/CodeIgniter.php(919): App\Controllers\Home->actualiza_privilegio()
 3 SYSTEMPATH/CodeIgniter.php(494): CodeIgniter\CodeIgniter->runController()
 4 SYSTEMPATH/CodeIgniter.php(353): CodeIgniter\CodeIgniter->handleRequest()
 5 FCPATH/index.php(79): CodeIgniter\CodeIgniter->run()
CRITICAL - 2023-11-30 19:30:03 --> Undefined variable $nombre
in APPPATH/Controllers/Home.php on line 182.
 1 APPPATH/Controllers/Home.php(182): CodeIgniter\Debug\Exceptions->errorHandler()
 2 SYSTEMPATH/CodeIgniter.php(919): App\Controllers\Home->actualiza_privilegio()
 3 SYSTEMPATH/CodeIgniter.php(494): CodeIgniter\CodeIgniter->runController()
 4 SYSTEMPATH/CodeIgniter.php(353): CodeIgniter\CodeIgniter->handleRequest()
 5 FCPATH/index.php(79): CodeIgniter\CodeIgniter->run()
ERROR - 2023-11-30 19:34:33 --> mysqli_sql_exception: Unknown column 'MENP_ID' in 'where clause' in /app/myapp/system/Database/MySQLi/Connection.php:306
Stack trace:
#0 /app/myapp/system/Database/MySQLi/Connection.php(306): mysqli->query()
#1 /app/myapp/system/Database/BaseConnection.php(692): CodeIgniter\Database\MySQLi\Connection->execute()
#2 /app/myapp/system/Database/BaseConnection.php(606): CodeIgniter\Database\BaseConnection->simpleQuery()
#3 /app/myapp/system/Database/BaseBuilder.php(2475): CodeIgniter\Database\BaseConnection->query()
#4 /app/myapp/app/Models/UserModel.php(187): CodeIgniter\Database\BaseBuilder->update()
#5 /app/myapp/app/Controllers/Home.php(178): App\Models\UserModel->actualiza_Privilegio()
#6 /app/myapp/system/CodeIgniter.php(919): App\Controllers\Home->actualiza_privilegio()
#7 /app/myapp/system/CodeIgniter.php(494): CodeIgniter\CodeIgniter->runController()
#8 /app/myapp/system/CodeIgniter.php(353): CodeIgniter\CodeIgniter->handleRequest()
#9 /app/myapp/public/index.php(79): CodeIgniter\CodeIgniter->run()
#10 {main}
ERROR - 2023-11-30 19:34:39 --> mysqli_sql_exception: Unknown column 'MENP_ID' in 'where clause' in /app/myapp/system/Database/MySQLi/Connection.php:306
Stack trace:
#0 /app/myapp/system/Database/MySQLi/Connection.php(306): mysqli->query()
#1 /app/myapp/system/Database/BaseConnection.php(692): CodeIgniter\Database\MySQLi\Connection->execute()
#2 /app/myapp/system/Database/BaseConnection.php(606): CodeIgniter\Database\BaseConnection->simpleQuery()
#3 /app/myapp/system/Database/BaseBuilder.php(2475): CodeIgniter\Database\BaseConnection->query()
#4 /app/myapp/app/Models/UserModel.php(187): CodeIgniter\Database\BaseBuilder->update()
#5 /app/myapp/app/Controllers/Home.php(178): App\Models\UserModel->actualiza_Privilegio()
#6 /app/myapp/system/CodeIgniter.php(919): App\Controllers\Home->actualiza_privilegio()
#7 /app/myapp/system/CodeIgniter.php(494): CodeIgniter\CodeIgniter->runController()
#8 /app/myapp/system/CodeIgniter.php(353): CodeIgniter\CodeIgniter->handleRequest()
#9 /app/myapp/public/index.php(79): CodeIgniter\CodeIgniter->run()
#10 {main}
ERROR - 2023-11-30 19:39:15 --> mysqli_sql_exception: Unknown column 'MENP_ID' in 'where clause' in /app/myapp/system/Database/MySQLi/Connection.php:306
Stack trace:
#0 /app/myapp/system/Database/MySQLi/Connection.php(306): mysqli->query()
#1 /app/myapp/system/Database/BaseConnection.php(692): CodeIgniter\Database\MySQLi\Connection->execute()
#2 /app/myapp/system/Database/BaseConnection.php(606): CodeIgniter\Database\BaseConnection->simpleQuery()
#3 /app/myapp/system/Database/BaseBuilder.php(2475): CodeIgniter\Database\BaseConnection->query()
#4 /app/myapp/app/Models/UserModel.php(187): CodeIgniter\Database\BaseBuilder->update()
#5 /app/myapp/app/Controllers/Home.php(178): App\Models\UserModel->actualiza_Privilegio()
#6 /app/myapp/system/CodeIgniter.php(919): App\Controllers\Home->actualiza_privilegio()
#7 /app/myapp/system/CodeIgniter.php(494): CodeIgniter\CodeIgniter->runController()
#8 /app/myapp/system/CodeIgniter.php(353): CodeIgniter\CodeIgniter->handleRequest()
#9 /app/myapp/public/index.php(79): CodeIgniter\CodeIgniter->run()
#10 {main}
ERROR - 2023-11-30 19:41:03 --> mysqli_sql_exception: Unknown column 'MENP_ID_' in 'where clause' in /app/myapp/system/Database/MySQLi/Connection.php:306
Stack trace:
#0 /app/myapp/system/Database/MySQLi/Connection.php(306): mysqli->query()
#1 /app/myapp/system/Database/BaseConnection.php(692): CodeIgniter\Database\MySQLi\Connection->execute()
#2 /app/myapp/system/Database/BaseConnection.php(606): CodeIgniter\Database\BaseConnection->simpleQuery()
#3 /app/myapp/system/Database/BaseBuilder.php(2475): CodeIgniter\Database\BaseConnection->query()
#4 /app/myapp/app/Models/UserModel.php(187): CodeIgniter\Database\BaseBuilder->update()
#5 /app/myapp/app/Controllers/Home.php(178): App\Models\UserModel->actualiza_Privilegio()
#6 /app/myapp/system/CodeIgniter.php(919): App\Controllers\Home->actualiza_privilegio()
#7 /app/myapp/system/CodeIgniter.php(494): CodeIgniter\CodeIgniter->runController()
#8 /app/myapp/system/CodeIgniter.php(353): CodeIgniter\CodeIgniter->handleRequest()
#9 /app/myapp/public/index.php(79): CodeIgniter\CodeIgniter->run()
#10 {main}
ERROR - 2023-11-30 19:41:37 --> mysqli_sql_exception: Table 'ADMIN.GU_TPERMISOS_' doesn't exist in /app/myapp/system/Database/MySQLi/Connection.php:306
Stack trace:
#0 /app/myapp/system/Database/MySQLi/Connection.php(306): mysqli->query()
#1 /app/myapp/system/Database/BaseConnection.php(692): CodeIgniter\Database\MySQLi\Connection->execute()
#2 /app/myapp/system/Database/BaseConnection.php(606): CodeIgniter\Database\BaseConnection->simpleQuery()
#3 /app/myapp/system/Database/BaseBuilder.php(2475): CodeIgniter\Database\BaseConnection->query()
#4 /app/myapp/app/Models/UserModel.php(187): CodeIgniter\Database\BaseBuilder->update()
#5 /app/myapp/app/Controllers/Home.php(178): App\Models\UserModel->actualiza_Privilegio()
#6 /app/myapp/system/CodeIgniter.php(919): App\Controllers\Home->actualiza_privilegio()
#7 /app/myapp/system/CodeIgniter.php(494): CodeIgniter\CodeIgniter->runController()
#8 /app/myapp/system/CodeIgniter.php(353): CodeIgniter\CodeIgniter->handleRequest()
#9 /app/myapp/public/index.php(79): CodeIgniter\CodeIgniter->run()
#10 {main}
ERROR - 2023-11-30 19:42:36 --> mysqli_sql_exception: Table 'ADMIN.GU_TPERMISOS_' doesn't exist in /app/myapp/system/Database/MySQLi/Connection.php:306
Stack trace:
#0 /app/myapp/system/Database/MySQLi/Connection.php(306): mysqli->query()
#1 /app/myapp/system/Database/BaseConnection.php(692): CodeIgniter\Database\MySQLi\Connection->execute()
#2 /app/myapp/system/Database/BaseConnection.php(606): CodeIgniter\Database\BaseConnection->simpleQuery()
#3 /app/myapp/system/Database/BaseBuilder.php(2475): CodeIgniter\Database\BaseConnection->query()
#4 /app/myapp/app/Models/UserModel.php(187): CodeIgniter\Database\BaseBuilder->update()
#5 /app/myapp/app/Controllers/Home.php(178): App\Models\UserModel->actualiza_Privilegio()
#6 /app/myapp/system/CodeIgniter.php(919): App\Controllers\Home->actualiza_privilegio()
#7 /app/myapp/system/CodeIgniter.php(494): CodeIgniter\CodeIgniter->runController()
#8 /app/myapp/system/CodeIgniter.php(353): CodeIgniter\CodeIgniter->handleRequest()
#9 /app/myapp/public/index.php(79): CodeIgniter\CodeIgniter->run()
#10 {main}
ERROR - 2023-11-30 19:43:24 --> mysqli_sql_exception: Table 'ADMIN.GU_TPERMISOS_' doesn't exist in /app/myapp/system/Database/MySQLi/Connection.php:306
Stack trace:
#0 /app/myapp/system/Database/MySQLi/Connection.php(306): mysqli->query()
#1 /app/myapp/system/Database/BaseConnection.php(692): CodeIgniter\Database\MySQLi\Connection->execute()
#2 /app/myapp/system/Database/BaseConnection.php(606): CodeIgniter\Database\BaseConnection->simpleQuery()
#3 /app/myapp/system/Database/BaseBuilder.php(2475): CodeIgniter\Database\BaseConnection->query()
#4 /app/myapp/app/Models/UserModel.php(187): CodeIgniter\Database\BaseBuilder->update()
#5 /app/myapp/app/Controllers/Home.php(178): App\Models\UserModel->actualiza_Privilegio()
#6 /app/myapp/system/CodeIgniter.php(919): App\Controllers\Home->actualiza_privilegio()
#7 /app/myapp/system/CodeIgniter.php(494): CodeIgniter\CodeIgniter->runController()
#8 /app/myapp/system/CodeIgniter.php(353): CodeIgniter\CodeIgniter->handleRequest()
#9 /app/myapp/public/index.php(79): CodeIgniter\CodeIgniter->run()
#10 {main}
ERROR - 2023-11-30 19:43:47 --> mysqli_sql_exception: Table 'ADMIN.GU_TPERMISOS_' doesn't exist in /app/myapp/system/Database/MySQLi/Connection.php:306
Stack trace:
#0 /app/myapp/system/Database/MySQLi/Connection.php(306): mysqli->query()
#1 /app/myapp/system/Database/BaseConnection.php(692): CodeIgniter\Database\MySQLi\Connection->execute()
#2 /app/myapp/system/Database/BaseConnection.php(606): CodeIgniter\Database\BaseConnection->simpleQuery()
#3 /app/myapp/system/Database/BaseBuilder.php(2475): CodeIgniter\Database\BaseConnection->query()
#4 /app/myapp/app/Models/UserModel.php(187): CodeIgniter\Database\BaseBuilder->update()
#5 /app/myapp/app/Controllers/Home.php(178): App\Models\UserModel->actualiza_Privilegio()
#6 /app/myapp/system/CodeIgniter.php(919): App\Controllers\Home->actualiza_privilegio()
#7 /app/myapp/system/CodeIgniter.php(494): CodeIgniter\CodeIgniter->runController()
#8 /app/myapp/system/CodeIgniter.php(353): CodeIgniter\CodeIgniter->handleRequest()
#9 /app/myapp/public/index.php(79): CodeIgniter\CodeIgniter->run()
#10 {main}
