CRITICAL - 2023-11-24 00:14:05 --> foreach() argument must be of type array|object, string given
in APPPATH/Views/base.php on line 36.
 1 APPPATH/Views/base.php(36): CodeIgniter\Debug\Exceptions->errorHandler()
 2 SYSTEMPATH/View/View.php(226): include('/app/myapp/app/Views/base.php')
 3 SYSTEMPATH/View/View.php(229): CodeIgniter\View\View->CodeIgniter\View\{closure}()
 4 SYSTEMPATH/View/View.php(242): CodeIgniter\View\View->render()
 5 SYSTEMPATH/Common.php(1188): CodeIgniter\View\View->render()
 6 APPPATH/Controllers/Home.php(29): view()
 7 SYSTEMPATH/CodeIgniter.php(919): App\Controllers\Home->administrador()
 8 SYSTEMPATH/CodeIgniter.php(494): CodeIgniter\CodeIgniter->runController()
 9 SYSTEMPATH/CodeIgniter.php(353): CodeIgniter\CodeIgniter->handleRequest()
10 FCPATH/index.php(79): CodeIgniter\CodeIgniter->run()
CRITICAL - 2023-11-24 00:14:07 --> foreach() argument must be of type array|object, string given
in APPPATH/Views/base.php on line 36.
 1 APPPATH/Views/base.php(36): CodeIgniter\Debug\Exceptions->errorHandler()
 2 SYSTEMPATH/View/View.php(226): include('/app/myapp/app/Views/base.php')
 3 SYSTEMPATH/View/View.php(229): CodeIgniter\View\View->CodeIgniter\View\{closure}()
 4 SYSTEMPATH/View/View.php(242): CodeIgniter\View\View->render()
 5 SYSTEMPATH/Common.php(1188): CodeIgniter\View\View->render()
 6 APPPATH/Controllers/Home.php(29): view()
 7 SYSTEMPATH/CodeIgniter.php(919): App\Controllers\Home->administrador()
 8 SYSTEMPATH/CodeIgniter.php(494): CodeIgniter\CodeIgniter->runController()
 9 SYSTEMPATH/CodeIgniter.php(353): CodeIgniter\CodeIgniter->handleRequest()
10 FCPATH/index.php(79): CodeIgniter\CodeIgniter->run()
CRITICAL - 2023-11-24 00:14:10 --> foreach() argument must be of type array|object, string given
in APPPATH/Views/base.php on line 36.
 1 APPPATH/Views/base.php(36): CodeIgniter\Debug\Exceptions->errorHandler()
 2 SYSTEMPATH/View/View.php(226): include('/app/myapp/app/Views/base.php')
 3 SYSTEMPATH/View/View.php(229): CodeIgniter\View\View->CodeIgniter\View\{closure}()
 4 SYSTEMPATH/View/View.php(242): CodeIgniter\View\View->render()
 5 SYSTEMPATH/Common.php(1188): CodeIgniter\View\View->render()
 6 APPPATH/Controllers/Home.php(29): view()
 7 SYSTEMPATH/CodeIgniter.php(919): App\Controllers\Home->administrador()
 8 SYSTEMPATH/CodeIgniter.php(494): CodeIgniter\CodeIgniter->runController()
 9 SYSTEMPATH/CodeIgniter.php(353): CodeIgniter\CodeIgniter->handleRequest()
10 FCPATH/index.php(79): CodeIgniter\CodeIgniter->run()
CRITICAL - 2023-11-24 00:16:39 --> syntax error, unexpected token ";"
in APPPATH/Views/administrador.php on line 1.
 1 SYSTEMPATH/View/View.php(229): CodeIgniter\View\View->CodeIgniter\View\{closure}()
 2 SYSTEMPATH/Common.php(1188): CodeIgniter\View\View->render()
 3 APPPATH/Controllers/Home.php(24): view()
 4 SYSTEMPATH/CodeIgniter.php(919): App\Controllers\Home->administrador()
 5 SYSTEMPATH/CodeIgniter.php(494): CodeIgniter\CodeIgniter->runController()
 6 SYSTEMPATH/CodeIgniter.php(353): CodeIgniter\CodeIgniter->handleRequest()
 7 FCPATH/index.php(79): CodeIgniter\CodeIgniter->run()
CRITICAL - 2023-11-24 00:17:14 --> Call to undefined method App\Controllers\Home::extend()
in APPPATH/Controllers/Home.php on line 16.
 1 SYSTEMPATH/CodeIgniter.php(919): App\Controllers\Home->administrador()
 2 SYSTEMPATH/CodeIgniter.php(494): CodeIgniter\CodeIgniter->runController()
 3 SYSTEMPATH/CodeIgniter.php(353): CodeIgniter\CodeIgniter->handleRequest()
 4 FCPATH/index.php(79): CodeIgniter\CodeIgniter->run()
CRITICAL - 2023-11-24 00:18:15 --> Undefined property: CodeIgniter\View\View::$load
in APPPATH/Views/administrador.php on line 73.
 1 APPPATH/Views/administrador.php(73): CodeIgniter\Debug\Exceptions->errorHandler()
 2 SYSTEMPATH/View/View.php(226): include('/app/myapp/app/Views/administrador.php')
 3 SYSTEMPATH/View/View.php(229): CodeIgniter\View\View->CodeIgniter\View\{closure}()
 4 SYSTEMPATH/Common.php(1188): CodeIgniter\View\View->render()
 5 APPPATH/Controllers/Home.php(23): view()
 6 SYSTEMPATH/CodeIgniter.php(919): App\Controllers\Home->administrador()
 7 SYSTEMPATH/CodeIgniter.php(494): CodeIgniter\CodeIgniter->runController()
 8 SYSTEMPATH/CodeIgniter.php(353): CodeIgniter\CodeIgniter->handleRequest()
 9 FCPATH/index.php(79): CodeIgniter\CodeIgniter->run()
CRITICAL - 2023-11-24 00:18:34 --> Undefined variable $token
in APPPATH/Views/administrador.php on line 151.
 1 APPPATH/Views/administrador.php(151): CodeIgniter\Debug\Exceptions->errorHandler()
 2 SYSTEMPATH/View/View.php(226): include('/app/myapp/app/Views/administrador.php')
 3 SYSTEMPATH/View/View.php(229): CodeIgniter\View\View->CodeIgniter\View\{closure}()
 4 SYSTEMPATH/Common.php(1188): CodeIgniter\View\View->render()
 5 APPPATH/Controllers/Home.php(23): view()
 6 SYSTEMPATH/CodeIgniter.php(919): App\Controllers\Home->administrador()
 7 SYSTEMPATH/CodeIgniter.php(494): CodeIgniter\CodeIgniter->runController()
 8 SYSTEMPATH/CodeIgniter.php(353): CodeIgniter\CodeIgniter->handleRequest()
 9 FCPATH/index.php(79): CodeIgniter\CodeIgniter->run()
CRITICAL - 2023-11-24 00:18:37 --> Undefined variable $token
in APPPATH/Views/administrador.php on line 151.
 1 APPPATH/Views/administrador.php(151): CodeIgniter\Debug\Exceptions->errorHandler()
 2 SYSTEMPATH/View/View.php(226): include('/app/myapp/app/Views/administrador.php')
 3 SYSTEMPATH/View/View.php(229): CodeIgniter\View\View->CodeIgniter\View\{closure}()
 4 SYSTEMPATH/Common.php(1188): CodeIgniter\View\View->render()
 5 APPPATH/Controllers/Home.php(23): view()
 6 SYSTEMPATH/CodeIgniter.php(919): App\Controllers\Home->administrador()
 7 SYSTEMPATH/CodeIgniter.php(494): CodeIgniter\CodeIgniter->runController()
 8 SYSTEMPATH/CodeIgniter.php(353): CodeIgniter\CodeIgniter->handleRequest()
 9 FCPATH/index.php(79): CodeIgniter\CodeIgniter->run()
CRITICAL - 2023-11-24 00:36:33 --> Undefined property: CodeIgniter\View\View::$load
in APPPATH/Views/administrador.php on line 70.
 1 APPPATH/Views/administrador.php(70): CodeIgniter\Debug\Exceptions->errorHandler()
 2 SYSTEMPATH/View/View.php(226): include('/app/myapp/app/Views/administrador.php')
 3 SYSTEMPATH/View/View.php(229): CodeIgniter\View\View->CodeIgniter\View\{closure}()
 4 SYSTEMPATH/Common.php(1188): CodeIgniter\View\View->render()
 5 APPPATH/Controllers/Home.php(23): view()
 6 SYSTEMPATH/CodeIgniter.php(919): App\Controllers\Home->administrador()
 7 SYSTEMPATH/CodeIgniter.php(494): CodeIgniter\CodeIgniter->runController()
 8 SYSTEMPATH/CodeIgniter.php(353): CodeIgniter\CodeIgniter->handleRequest()
 9 FCPATH/index.php(79): CodeIgniter\CodeIgniter->run()
