INFO - 2024-09-03 13:54:47 --> -------------------------------------------
INFO - 2024-09-03 13:54:47 --> get_tusutieneper 
INFO - 2024-09-03 13:54:47 --> [{"ID_UTP":"7"}]
INFO - 2024-09-03 13:54:47 --> v_id_utp : 7  
INFO - 2024-09-03 13:54:47 --> -------------------------------------------
INFO - 2024-09-03 13:54:47 --> get_tusutieneper 
INFO - 2024-09-03 13:54:47 --> []
INFO - 2024-09-03 13:54:47 --> -------------------------------------------
INFO - 2024-09-03 13:54:47 --> get_tusutieneper 
INFO - 2024-09-03 13:54:47 --> [{"ID_UTP":"6"}]
INFO - 2024-09-03 13:54:47 --> v_id_utp : 6  
INFO - 2024-09-03 14:05:24 --> -------------------------------------------
INFO - 2024-09-03 14:05:24 --> get_tusutieneper 
INFO - 2024-09-03 14:05:24 --> [{"ID_UTP":"7"}]
INFO - 2024-09-03 14:05:24 --> v_id_utp : 7  
INFO - 2024-09-03 14:05:24 --> -------------------------------------------
INFO - 2024-09-03 14:05:24 --> get_tusutieneper 
INFO - 2024-09-03 14:05:24 --> [{"ID_UTP":"9"}]
INFO - 2024-09-03 14:05:24 --> v_id_utp : 9  
INFO - 2024-09-03 14:05:24 --> -------------------------------------------
INFO - 2024-09-03 14:05:24 --> get_tusutieneper 
INFO - 2024-09-03 14:05:24 --> [{"ID_UTP":"6"}]
INFO - 2024-09-03 14:05:24 --> v_id_utp : 6  
INFO - 2024-09-03 14:05:52 --> -------------------------------------------
INFO - 2024-09-03 14:05:52 --> get_tusutieneper 
INFO - 2024-09-03 14:05:52 --> [{"ID_UTP":"7"}]
INFO - 2024-09-03 14:05:52 --> v_id_utp : 7  
INFO - 2024-09-03 14:05:52 --> -------------------------------------------
INFO - 2024-09-03 14:05:52 --> get_tusutieneper 
INFO - 2024-09-03 14:05:52 --> [{"ID_UTP":"9"}]
INFO - 2024-09-03 14:05:52 --> v_id_utp : 9  
INFO - 2024-09-03 14:05:52 --> -------------------------------------------
INFO - 2024-09-03 14:05:52 --> get_tusutieneper 
INFO - 2024-09-03 14:05:52 --> [{"ID_UTP":"6"}]
INFO - 2024-09-03 14:05:52 --> v_id_utp : 6  
INFO - 2024-09-03 14:06:42 --> -------------------------------------------
INFO - 2024-09-03 14:06:42 --> get_tusutieneper 
INFO - 2024-09-03 14:06:42 --> [{"ID_UTP":"7"}]
INFO - 2024-09-03 14:06:42 --> v_id_utp : 7  
INFO - 2024-09-03 14:06:42 --> -------------------------------------------
INFO - 2024-09-03 14:06:42 --> get_tusutieneper 
INFO - 2024-09-03 14:06:42 --> [{"ID_UTP":"9"}]
INFO - 2024-09-03 14:06:42 --> v_id_utp : 9  
INFO - 2024-09-03 14:06:42 --> -------------------------------------------
INFO - 2024-09-03 14:06:42 --> get_tusutieneper 
INFO - 2024-09-03 14:06:42 --> [{"ID_UTP":"6"}]
INFO - 2024-09-03 14:06:42 --> v_id_utp : 6  
INFO - 2024-09-03 14:07:23 --> -------------------------------------------
INFO - 2024-09-03 14:07:23 --> get_tusutieneper 
INFO - 2024-09-03 14:07:23 --> [{"ID_UTP":"7"}]
INFO - 2024-09-03 14:07:23 --> v_id_utp : 7  
INFO - 2024-09-03 14:07:23 --> -------------------------------------------
INFO - 2024-09-03 14:07:23 --> get_tusutieneper 
INFO - 2024-09-03 14:07:23 --> [{"ID_UTP":"9"}]
INFO - 2024-09-03 14:07:23 --> v_id_utp : 9  
INFO - 2024-09-03 14:07:23 --> -------------------------------------------
INFO - 2024-09-03 14:07:23 --> get_tusutieneper 
INFO - 2024-09-03 14:07:23 --> [{"ID_UTP":"6"}]
INFO - 2024-09-03 14:07:23 --> v_id_utp : 6  
INFO - 2024-09-03 14:11:08 --> v_id_utp : 7  
INFO - 2024-09-03 14:11:08 --> v_id_utp : 9  
INFO - 2024-09-03 14:11:08 --> v_id_utp : 6  
INFO - 2024-09-03 14:11:08 --> -------------------------------------------
INFO - 2024-09-03 14:11:08 --> arrEmpresas
INFO - 2024-09-03 14:11:08 --> ["029"]
INFO - 2024-09-03 14:11:24 --> v_id_utp : 7  
INFO - 2024-09-03 14:11:24 --> v_id_utp : 9  
INFO - 2024-09-03 14:11:24 --> v_id_utp : 6  
INFO - 2024-09-03 14:11:24 --> -------------------------------------------
INFO - 2024-09-03 14:11:24 --> arrEmpresas
INFO - 2024-09-03 14:11:24 --> ["800"]
