CRITICAL - 2025-04-24 13:58:26 --> Config\App::$baseURL is invalid.
in SYSTEMPATH/HTTP/SiteURI.php on line 197.
 1 SYSTEMPATH/HTTP/SiteURI.php(143): CodeIgniter\HTTP\SiteURI->normalizeBaseURL()
 2 SYSTEMPATH/HTTP/SiteURI.php(98): CodeIgniter\HTTP\SiteURI->determineBaseURL()
 3 SYSTEMPATH/HTTP/SiteURIFactory.php(222): CodeIgniter\HTTP\SiteURI->__construct()
 4 SYSTEMPATH/HTTP/SiteURIFactory.php(43): CodeIgniter\HTTP\SiteURIFactory->createURIFromRoutePath()
 5 SYSTEMPATH/Config/Services.php(798): CodeIgniter\HTTP\SiteURIFactory->createFromGlobals()
 6 SYSTEMPATH/Config/BaseService.php(258): CodeIgniter\Config\Services::uri()
 7 SYSTEMPATH/Config/BaseService.php(199): CodeIgniter\Config\BaseService::__callStatic()
 8 SYSTEMPATH/Config/Services.php(791): CodeIgniter\Config\BaseService::getSharedInstance()
 9 SYSTEMPATH/Config/BaseService.php(258): CodeIgniter\Config\Services::uri()
10 SYSTEMPATH/Config/Services.php(565): CodeIgniter\Config\BaseService::__callStatic()
11 SYSTEMPATH/Config/Services.php(523): CodeIgniter\Config\Services::incomingrequest()
12 SYSTEMPATH/Config/BaseService.php(258): CodeIgniter\Config\Services::request()
13 SYSTEMPATH/Config/BaseService.php(199): CodeIgniter\Config\BaseService::__callStatic()
14 SYSTEMPATH/Config/Services.php(558): CodeIgniter\Config\BaseService::getSharedInstance()
15 SYSTEMPATH/Config/BaseService.php(258): CodeIgniter\Config\Services::incomingrequest()
16 SYSTEMPATH/Config/Services.php(538): CodeIgniter\Config\BaseService::__callStatic()
17 SYSTEMPATH/Config/BaseService.php(258): CodeIgniter\Config\Services::createRequest()
18 SYSTEMPATH/CodeIgniter.php(639): CodeIgniter\Config\BaseService::__callStatic()
19 SYSTEMPATH/CodeIgniter.php(347): CodeIgniter\CodeIgniter->getRequestObject()
20 FCPATH/index.php(79): CodeIgniter\CodeIgniter->run()
CRITICAL - 2025-04-24 13:58:26 --> Uncaught CodeIgniter\Exceptions\ConfigException: Config\App::$baseURL is invalid. in /app/myapp/system/HTTP/SiteURI.php:197
Stack trace:
#0 /app/myapp/system/HTTP/SiteURI.php(143): CodeIgniter\HTTP\SiteURI->normalizeBaseURL()
#1 /app/myapp/system/HTTP/SiteURI.php(98): CodeIgniter\HTTP\SiteURI->determineBaseURL()
#2 /app/myapp/system/HTTP/SiteURIFactory.php(222): CodeIgniter\HTTP\SiteURI->__construct()
#3 /app/myapp/system/HTTP/SiteURIFactory.php(43): CodeIgniter\HTTP\SiteURIFactory->createURIFromRoutePath()
#4 /app/myapp/system/Config/Services.php(798): CodeIgniter\HTTP\SiteURIFactory->createFromGlobals()
#5 /app/myapp/system/Config/BaseService.php(258): CodeIgniter\Config\Services::uri()
#6 /app/myapp/system/Config/BaseService.php(199): CodeIgniter\Config\BaseService::__callStatic()
#7 /app/myapp/system/Config/Services.php(791): CodeIgniter\Config\BaseService::getSharedInstance()
#8 /app/myapp/system/Config/BaseService.php(258): CodeIgniter\Config\Services::uri()
#9 /app/myapp/system/Config/Services.php(565): CodeIgniter\Config\BaseService::__callStatic()
#10 /app/myapp/system/Config/Services.php(523): CodeIgniter\Config\Services::incomingrequest()
#11 /app/myapp/system/Config/BaseService.php(258): CodeIgniter\Config\Services::request()
#12 /app/myapp/system/Config/BaseService.php(199): CodeIgniter\Config\BaseService::__callStatic()
#13 /app/myapp/system/Config/Services.php(519): CodeIgniter\Config\BaseService::getSharedInstance()
#14 /app/myapp/system/Config/BaseService.php(258): CodeIgniter\Config\Services::request()
#15 /app/myapp/system/Debug/Exceptions.php(135): CodeIgniter\Config\BaseService::__callStatic()
#16 [internal function]: CodeIgniter\Debug\Exceptions->exceptionHandler()
#17 {main}
  thrown
【Previous Exception】
CodeIgniter\Exceptions\ConfigException
Config\App::$baseURL is invalid.
#0 /app/myapp/system/HTTP/SiteURI.php(143): CodeIgniter\HTTP\SiteURI->normalizeBaseURL()
#1 /app/myapp/system/HTTP/SiteURI.php(98): CodeIgniter\HTTP\SiteURI->determineBaseURL()
#2 /app/myapp/system/HTTP/SiteURIFactory.php(222): CodeIgniter\HTTP\SiteURI->__construct()
#3 /app/myapp/system/HTTP/SiteURIFactory.php(43): CodeIgniter\HTTP\SiteURIFactory->createURIFromRoutePath()
#4 /app/myapp/system/Config/Services.php(798): CodeIgniter\HTTP\SiteURIFactory->createFromGlobals()
#5 /app/myapp/system/Config/BaseService.php(258): CodeIgniter\Config\Services::uri()
#6 /app/myapp/system/Config/BaseService.php(199): CodeIgniter\Config\BaseService::__callStatic()
#7 /app/myapp/system/Config/Services.php(791): CodeIgniter\Config\BaseService::getSharedInstance()
#8 /app/myapp/system/Config/BaseService.php(258): CodeIgniter\Config\Services::uri()
#9 /app/myapp/system/Config/Services.php(565): CodeIgniter\Config\BaseService::__callStatic()
#10 /app/myapp/system/Config/Services.php(523): CodeIgniter\Config\Services::incomingrequest()
#11 /app/myapp/system/Config/BaseService.php(258): CodeIgniter\Config\Services::request()
#12 /app/myapp/system/Config/BaseService.php(199): CodeIgniter\Config\BaseService::__callStatic()
#13 /app/myapp/system/Config/Services.php(558): CodeIgniter\Config\BaseService::getSharedInstance()
#14 /app/myapp/system/Config/BaseService.php(258): CodeIgniter\Config\Services::incomingrequest()
#15 /app/myapp/system/Config/Services.php(538): CodeIgniter\Config\BaseService::__callStatic()
#16 /app/myapp/system/Config/BaseService.php(258): CodeIgniter\Config\Services::createRequest()
#17 /app/myapp/system/CodeIgniter.php(639): CodeIgniter\Config\BaseService::__callStatic()
#18 /app/myapp/system/CodeIgniter.php(347): CodeIgniter\CodeIgniter->getRequestObject()
#19 /app/myapp/public/index.php(79): CodeIgniter\CodeIgniter->run()
#20 {main}
in SYSTEMPATH/HTTP/SiteURI.php on line 197.
 1 [internal function]: CodeIgniter\Debug\Exceptions->shutdownHandler()
CRITICAL - 2025-04-24 13:58:32 --> Config\App::$baseURL is invalid.
in SYSTEMPATH/HTTP/SiteURI.php on line 197.
 1 SYSTEMPATH/HTTP/SiteURI.php(143): CodeIgniter\HTTP\SiteURI->normalizeBaseURL()
 2 SYSTEMPATH/HTTP/SiteURI.php(98): CodeIgniter\HTTP\SiteURI->determineBaseURL()
 3 SYSTEMPATH/HTTP/SiteURIFactory.php(222): CodeIgniter\HTTP\SiteURI->__construct()
 4 SYSTEMPATH/HTTP/SiteURIFactory.php(43): CodeIgniter\HTTP\SiteURIFactory->createURIFromRoutePath()
 5 SYSTEMPATH/Config/Services.php(798): CodeIgniter\HTTP\SiteURIFactory->createFromGlobals()
 6 SYSTEMPATH/Config/BaseService.php(258): CodeIgniter\Config\Services::uri()
 7 SYSTEMPATH/Config/BaseService.php(199): CodeIgniter\Config\BaseService::__callStatic()
 8 SYSTEMPATH/Config/Services.php(791): CodeIgniter\Config\BaseService::getSharedInstance()
 9 SYSTEMPATH/Config/BaseService.php(258): CodeIgniter\Config\Services::uri()
10 SYSTEMPATH/Config/Services.php(565): CodeIgniter\Config\BaseService::__callStatic()
11 SYSTEMPATH/Config/Services.php(523): CodeIgniter\Config\Services::incomingrequest()
12 SYSTEMPATH/Config/BaseService.php(258): CodeIgniter\Config\Services::request()
13 SYSTEMPATH/Config/BaseService.php(199): CodeIgniter\Config\BaseService::__callStatic()
14 SYSTEMPATH/Config/Services.php(558): CodeIgniter\Config\BaseService::getSharedInstance()
15 SYSTEMPATH/Config/BaseService.php(258): CodeIgniter\Config\Services::incomingrequest()
16 SYSTEMPATH/Config/Services.php(538): CodeIgniter\Config\BaseService::__callStatic()
17 SYSTEMPATH/Config/BaseService.php(258): CodeIgniter\Config\Services::createRequest()
18 SYSTEMPATH/CodeIgniter.php(639): CodeIgniter\Config\BaseService::__callStatic()
19 SYSTEMPATH/CodeIgniter.php(347): CodeIgniter\CodeIgniter->getRequestObject()
20 FCPATH/index.php(79): CodeIgniter\CodeIgniter->run()
CRITICAL - 2025-04-24 13:58:32 --> Uncaught CodeIgniter\Exceptions\ConfigException: Config\App::$baseURL is invalid. in /app/myapp/system/HTTP/SiteURI.php:197
Stack trace:
#0 /app/myapp/system/HTTP/SiteURI.php(143): CodeIgniter\HTTP\SiteURI->normalizeBaseURL()
#1 /app/myapp/system/HTTP/SiteURI.php(98): CodeIgniter\HTTP\SiteURI->determineBaseURL()
#2 /app/myapp/system/HTTP/SiteURIFactory.php(222): CodeIgniter\HTTP\SiteURI->__construct()
#3 /app/myapp/system/HTTP/SiteURIFactory.php(43): CodeIgniter\HTTP\SiteURIFactory->createURIFromRoutePath()
#4 /app/myapp/system/Config/Services.php(798): CodeIgniter\HTTP\SiteURIFactory->createFromGlobals()
#5 /app/myapp/system/Config/BaseService.php(258): CodeIgniter\Config\Services::uri()
#6 /app/myapp/system/Config/BaseService.php(199): CodeIgniter\Config\BaseService::__callStatic()
#7 /app/myapp/system/Config/Services.php(791): CodeIgniter\Config\BaseService::getSharedInstance()
#8 /app/myapp/system/Config/BaseService.php(258): CodeIgniter\Config\Services::uri()
#9 /app/myapp/system/Config/Services.php(565): CodeIgniter\Config\BaseService::__callStatic()
#10 /app/myapp/system/Config/Services.php(523): CodeIgniter\Config\Services::incomingrequest()
#11 /app/myapp/system/Config/BaseService.php(258): CodeIgniter\Config\Services::request()
#12 /app/myapp/system/Config/BaseService.php(199): CodeIgniter\Config\BaseService::__callStatic()
#13 /app/myapp/system/Config/Services.php(519): CodeIgniter\Config\BaseService::getSharedInstance()
#14 /app/myapp/system/Config/BaseService.php(258): CodeIgniter\Config\Services::request()
#15 /app/myapp/system/Debug/Exceptions.php(135): CodeIgniter\Config\BaseService::__callStatic()
#16 [internal function]: CodeIgniter\Debug\Exceptions->exceptionHandler()
#17 {main}
  thrown
【Previous Exception】
CodeIgniter\Exceptions\ConfigException
Config\App::$baseURL is invalid.
#0 /app/myapp/system/HTTP/SiteURI.php(143): CodeIgniter\HTTP\SiteURI->normalizeBaseURL()
#1 /app/myapp/system/HTTP/SiteURI.php(98): CodeIgniter\HTTP\SiteURI->determineBaseURL()
#2 /app/myapp/system/HTTP/SiteURIFactory.php(222): CodeIgniter\HTTP\SiteURI->__construct()
#3 /app/myapp/system/HTTP/SiteURIFactory.php(43): CodeIgniter\HTTP\SiteURIFactory->createURIFromRoutePath()
#4 /app/myapp/system/Config/Services.php(798): CodeIgniter\HTTP\SiteURIFactory->createFromGlobals()
#5 /app/myapp/system/Config/BaseService.php(258): CodeIgniter\Config\Services::uri()
#6 /app/myapp/system/Config/BaseService.php(199): CodeIgniter\Config\BaseService::__callStatic()
#7 /app/myapp/system/Config/Services.php(791): CodeIgniter\Config\BaseService::getSharedInstance()
#8 /app/myapp/system/Config/BaseService.php(258): CodeIgniter\Config\Services::uri()
#9 /app/myapp/system/Config/Services.php(565): CodeIgniter\Config\BaseService::__callStatic()
#10 /app/myapp/system/Config/Services.php(523): CodeIgniter\Config\Services::incomingrequest()
#11 /app/myapp/system/Config/BaseService.php(258): CodeIgniter\Config\Services::request()
#12 /app/myapp/system/Config/BaseService.php(199): CodeIgniter\Config\BaseService::__callStatic()
#13 /app/myapp/system/Config/Services.php(558): CodeIgniter\Config\BaseService::getSharedInstance()
#14 /app/myapp/system/Config/BaseService.php(258): CodeIgniter\Config\Services::incomingrequest()
#15 /app/myapp/system/Config/Services.php(538): CodeIgniter\Config\BaseService::__callStatic()
#16 /app/myapp/system/Config/BaseService.php(258): CodeIgniter\Config\Services::createRequest()
#17 /app/myapp/system/CodeIgniter.php(639): CodeIgniter\Config\BaseService::__callStatic()
#18 /app/myapp/system/CodeIgniter.php(347): CodeIgniter\CodeIgniter->getRequestObject()
#19 /app/myapp/public/index.php(79): CodeIgniter\CodeIgniter->run()
#20 {main}
in SYSTEMPATH/HTTP/SiteURI.php on line 197.
 1 [internal function]: CodeIgniter\Debug\Exceptions->shutdownHandler()
CRITICAL - 2025-04-24 13:58:41 --> Config\App::$baseURL is invalid.
in SYSTEMPATH/HTTP/SiteURI.php on line 197.
 1 SYSTEMPATH/HTTP/SiteURI.php(143): CodeIgniter\HTTP\SiteURI->normalizeBaseURL()
 2 SYSTEMPATH/HTTP/SiteURI.php(98): CodeIgniter\HTTP\SiteURI->determineBaseURL()
 3 SYSTEMPATH/HTTP/SiteURIFactory.php(222): CodeIgniter\HTTP\SiteURI->__construct()
 4 SYSTEMPATH/HTTP/SiteURIFactory.php(43): CodeIgniter\HTTP\SiteURIFactory->createURIFromRoutePath()
 5 SYSTEMPATH/Config/Services.php(798): CodeIgniter\HTTP\SiteURIFactory->createFromGlobals()
 6 SYSTEMPATH/Config/BaseService.php(258): CodeIgniter\Config\Services::uri()
 7 SYSTEMPATH/Config/BaseService.php(199): CodeIgniter\Config\BaseService::__callStatic()
 8 SYSTEMPATH/Config/Services.php(791): CodeIgniter\Config\BaseService::getSharedInstance()
 9 SYSTEMPATH/Config/BaseService.php(258): CodeIgniter\Config\Services::uri()
10 SYSTEMPATH/Config/Services.php(565): CodeIgniter\Config\BaseService::__callStatic()
11 SYSTEMPATH/Config/Services.php(523): CodeIgniter\Config\Services::incomingrequest()
12 SYSTEMPATH/Config/BaseService.php(258): CodeIgniter\Config\Services::request()
13 SYSTEMPATH/Config/BaseService.php(199): CodeIgniter\Config\BaseService::__callStatic()
14 SYSTEMPATH/Config/Services.php(558): CodeIgniter\Config\BaseService::getSharedInstance()
15 SYSTEMPATH/Config/BaseService.php(258): CodeIgniter\Config\Services::incomingrequest()
16 SYSTEMPATH/Config/Services.php(538): CodeIgniter\Config\BaseService::__callStatic()
17 SYSTEMPATH/Config/BaseService.php(258): CodeIgniter\Config\Services::createRequest()
18 SYSTEMPATH/CodeIgniter.php(639): CodeIgniter\Config\BaseService::__callStatic()
19 SYSTEMPATH/CodeIgniter.php(347): CodeIgniter\CodeIgniter->getRequestObject()
20 FCPATH/index.php(79): CodeIgniter\CodeIgniter->run()
CRITICAL - 2025-04-24 13:58:41 --> Uncaught CodeIgniter\Exceptions\ConfigException: Config\App::$baseURL is invalid. in /app/myapp/system/HTTP/SiteURI.php:197
Stack trace:
#0 /app/myapp/system/HTTP/SiteURI.php(143): CodeIgniter\HTTP\SiteURI->normalizeBaseURL()
#1 /app/myapp/system/HTTP/SiteURI.php(98): CodeIgniter\HTTP\SiteURI->determineBaseURL()
#2 /app/myapp/system/HTTP/SiteURIFactory.php(222): CodeIgniter\HTTP\SiteURI->__construct()
#3 /app/myapp/system/HTTP/SiteURIFactory.php(43): CodeIgniter\HTTP\SiteURIFactory->createURIFromRoutePath()
#4 /app/myapp/system/Config/Services.php(798): CodeIgniter\HTTP\SiteURIFactory->createFromGlobals()
#5 /app/myapp/system/Config/BaseService.php(258): CodeIgniter\Config\Services::uri()
#6 /app/myapp/system/Config/BaseService.php(199): CodeIgniter\Config\BaseService::__callStatic()
#7 /app/myapp/system/Config/Services.php(791): CodeIgniter\Config\BaseService::getSharedInstance()
#8 /app/myapp/system/Config/BaseService.php(258): CodeIgniter\Config\Services::uri()
#9 /app/myapp/system/Config/Services.php(565): CodeIgniter\Config\BaseService::__callStatic()
#10 /app/myapp/system/Config/Services.php(523): CodeIgniter\Config\Services::incomingrequest()
#11 /app/myapp/system/Config/BaseService.php(258): CodeIgniter\Config\Services::request()
#12 /app/myapp/system/Config/BaseService.php(199): CodeIgniter\Config\BaseService::__callStatic()
#13 /app/myapp/system/Config/Services.php(519): CodeIgniter\Config\BaseService::getSharedInstance()
#14 /app/myapp/system/Config/BaseService.php(258): CodeIgniter\Config\Services::request()
#15 /app/myapp/system/Debug/Exceptions.php(135): CodeIgniter\Config\BaseService::__callStatic()
#16 [internal function]: CodeIgniter\Debug\Exceptions->exceptionHandler()
#17 {main}
  thrown
【Previous Exception】
CodeIgniter\Exceptions\ConfigException
Config\App::$baseURL is invalid.
#0 /app/myapp/system/HTTP/SiteURI.php(143): CodeIgniter\HTTP\SiteURI->normalizeBaseURL()
#1 /app/myapp/system/HTTP/SiteURI.php(98): CodeIgniter\HTTP\SiteURI->determineBaseURL()
#2 /app/myapp/system/HTTP/SiteURIFactory.php(222): CodeIgniter\HTTP\SiteURI->__construct()
#3 /app/myapp/system/HTTP/SiteURIFactory.php(43): CodeIgniter\HTTP\SiteURIFactory->createURIFromRoutePath()
#4 /app/myapp/system/Config/Services.php(798): CodeIgniter\HTTP\SiteURIFactory->createFromGlobals()
#5 /app/myapp/system/Config/BaseService.php(258): CodeIgniter\Config\Services::uri()
#6 /app/myapp/system/Config/BaseService.php(199): CodeIgniter\Config\BaseService::__callStatic()
#7 /app/myapp/system/Config/Services.php(791): CodeIgniter\Config\BaseService::getSharedInstance()
#8 /app/myapp/system/Config/BaseService.php(258): CodeIgniter\Config\Services::uri()
#9 /app/myapp/system/Config/Services.php(565): CodeIgniter\Config\BaseService::__callStatic()
#10 /app/myapp/system/Config/Services.php(523): CodeIgniter\Config\Services::incomingrequest()
#11 /app/myapp/system/Config/BaseService.php(258): CodeIgniter\Config\Services::request()
#12 /app/myapp/system/Config/BaseService.php(199): CodeIgniter\Config\BaseService::__callStatic()
#13 /app/myapp/system/Config/Services.php(558): CodeIgniter\Config\BaseService::getSharedInstance()
#14 /app/myapp/system/Config/BaseService.php(258): CodeIgniter\Config\Services::incomingrequest()
#15 /app/myapp/system/Config/Services.php(538): CodeIgniter\Config\BaseService::__callStatic()
#16 /app/myapp/system/Config/BaseService.php(258): CodeIgniter\Config\Services::createRequest()
#17 /app/myapp/system/CodeIgniter.php(639): CodeIgniter\Config\BaseService::__callStatic()
#18 /app/myapp/system/CodeIgniter.php(347): CodeIgniter\CodeIgniter->getRequestObject()
#19 /app/myapp/public/index.php(79): CodeIgniter\CodeIgniter->run()
#20 {main}
in SYSTEMPATH/HTTP/SiteURI.php on line 197.
 1 [internal function]: CodeIgniter\Debug\Exceptions->shutdownHandler()
CRITICAL - 2025-04-24 13:58:47 --> Config\App::$baseURL is invalid.
in SYSTEMPATH/HTTP/SiteURI.php on line 197.
 1 SYSTEMPATH/HTTP/SiteURI.php(143): CodeIgniter\HTTP\SiteURI->normalizeBaseURL()
 2 SYSTEMPATH/HTTP/SiteURI.php(98): CodeIgniter\HTTP\SiteURI->determineBaseURL()
 3 SYSTEMPATH/HTTP/SiteURIFactory.php(222): CodeIgniter\HTTP\SiteURI->__construct()
 4 SYSTEMPATH/HTTP/SiteURIFactory.php(43): CodeIgniter\HTTP\SiteURIFactory->createURIFromRoutePath()
 5 SYSTEMPATH/Config/Services.php(798): CodeIgniter\HTTP\SiteURIFactory->createFromGlobals()
 6 SYSTEMPATH/Config/BaseService.php(258): CodeIgniter\Config\Services::uri()
 7 SYSTEMPATH/Config/BaseService.php(199): CodeIgniter\Config\BaseService::__callStatic()
 8 SYSTEMPATH/Config/Services.php(791): CodeIgniter\Config\BaseService::getSharedInstance()
 9 SYSTEMPATH/Config/BaseService.php(258): CodeIgniter\Config\Services::uri()
10 SYSTEMPATH/Config/Services.php(565): CodeIgniter\Config\BaseService::__callStatic()
11 SYSTEMPATH/Config/Services.php(523): CodeIgniter\Config\Services::incomingrequest()
12 SYSTEMPATH/Config/BaseService.php(258): CodeIgniter\Config\Services::request()
13 SYSTEMPATH/Config/BaseService.php(199): CodeIgniter\Config\BaseService::__callStatic()
14 SYSTEMPATH/Config/Services.php(558): CodeIgniter\Config\BaseService::getSharedInstance()
15 SYSTEMPATH/Config/BaseService.php(258): CodeIgniter\Config\Services::incomingrequest()
16 SYSTEMPATH/Config/Services.php(538): CodeIgniter\Config\BaseService::__callStatic()
17 SYSTEMPATH/Config/BaseService.php(258): CodeIgniter\Config\Services::createRequest()
18 SYSTEMPATH/CodeIgniter.php(639): CodeIgniter\Config\BaseService::__callStatic()
19 SYSTEMPATH/CodeIgniter.php(347): CodeIgniter\CodeIgniter->getRequestObject()
20 FCPATH/index.php(79): CodeIgniter\CodeIgniter->run()
CRITICAL - 2025-04-24 13:58:47 --> Uncaught CodeIgniter\Exceptions\ConfigException: Config\App::$baseURL is invalid. in /app/myapp/system/HTTP/SiteURI.php:197
Stack trace:
#0 /app/myapp/system/HTTP/SiteURI.php(143): CodeIgniter\HTTP\SiteURI->normalizeBaseURL()
#1 /app/myapp/system/HTTP/SiteURI.php(98): CodeIgniter\HTTP\SiteURI->determineBaseURL()
#2 /app/myapp/system/HTTP/SiteURIFactory.php(222): CodeIgniter\HTTP\SiteURI->__construct()
#3 /app/myapp/system/HTTP/SiteURIFactory.php(43): CodeIgniter\HTTP\SiteURIFactory->createURIFromRoutePath()
#4 /app/myapp/system/Config/Services.php(798): CodeIgniter\HTTP\SiteURIFactory->createFromGlobals()
#5 /app/myapp/system/Config/BaseService.php(258): CodeIgniter\Config\Services::uri()
#6 /app/myapp/system/Config/BaseService.php(199): CodeIgniter\Config\BaseService::__callStatic()
#7 /app/myapp/system/Config/Services.php(791): CodeIgniter\Config\BaseService::getSharedInstance()
#8 /app/myapp/system/Config/BaseService.php(258): CodeIgniter\Config\Services::uri()
#9 /app/myapp/system/Config/Services.php(565): CodeIgniter\Config\BaseService::__callStatic()
#10 /app/myapp/system/Config/Services.php(523): CodeIgniter\Config\Services::incomingrequest()
#11 /app/myapp/system/Config/BaseService.php(258): CodeIgniter\Config\Services::request()
#12 /app/myapp/system/Config/BaseService.php(199): CodeIgniter\Config\BaseService::__callStatic()
#13 /app/myapp/system/Config/Services.php(519): CodeIgniter\Config\BaseService::getSharedInstance()
#14 /app/myapp/system/Config/BaseService.php(258): CodeIgniter\Config\Services::request()
#15 /app/myapp/system/Debug/Exceptions.php(135): CodeIgniter\Config\BaseService::__callStatic()
#16 [internal function]: CodeIgniter\Debug\Exceptions->exceptionHandler()
#17 {main}
  thrown
【Previous Exception】
CodeIgniter\Exceptions\ConfigException
Config\App::$baseURL is invalid.
#0 /app/myapp/system/HTTP/SiteURI.php(143): CodeIgniter\HTTP\SiteURI->normalizeBaseURL()
#1 /app/myapp/system/HTTP/SiteURI.php(98): CodeIgniter\HTTP\SiteURI->determineBaseURL()
#2 /app/myapp/system/HTTP/SiteURIFactory.php(222): CodeIgniter\HTTP\SiteURI->__construct()
#3 /app/myapp/system/HTTP/SiteURIFactory.php(43): CodeIgniter\HTTP\SiteURIFactory->createURIFromRoutePath()
#4 /app/myapp/system/Config/Services.php(798): CodeIgniter\HTTP\SiteURIFactory->createFromGlobals()
#5 /app/myapp/system/Config/BaseService.php(258): CodeIgniter\Config\Services::uri()
#6 /app/myapp/system/Config/BaseService.php(199): CodeIgniter\Config\BaseService::__callStatic()
#7 /app/myapp/system/Config/Services.php(791): CodeIgniter\Config\BaseService::getSharedInstance()
#8 /app/myapp/system/Config/BaseService.php(258): CodeIgniter\Config\Services::uri()
#9 /app/myapp/system/Config/Services.php(565): CodeIgniter\Config\BaseService::__callStatic()
#10 /app/myapp/system/Config/Services.php(523): CodeIgniter\Config\Services::incomingrequest()
#11 /app/myapp/system/Config/BaseService.php(258): CodeIgniter\Config\Services::request()
#12 /app/myapp/system/Config/BaseService.php(199): CodeIgniter\Config\BaseService::__callStatic()
#13 /app/myapp/system/Config/Services.php(558): CodeIgniter\Config\BaseService::getSharedInstance()
#14 /app/myapp/system/Config/BaseService.php(258): CodeIgniter\Config\Services::incomingrequest()
#15 /app/myapp/system/Config/Services.php(538): CodeIgniter\Config\BaseService::__callStatic()
#16 /app/myapp/system/Config/BaseService.php(258): CodeIgniter\Config\Services::createRequest()
#17 /app/myapp/system/CodeIgniter.php(639): CodeIgniter\Config\BaseService::__callStatic()
#18 /app/myapp/system/CodeIgniter.php(347): CodeIgniter\CodeIgniter->getRequestObject()
#19 /app/myapp/public/index.php(79): CodeIgniter\CodeIgniter->run()
#20 {main}
in SYSTEMPATH/HTTP/SiteURI.php on line 197.
 1 [internal function]: CodeIgniter\Debug\Exceptions->shutdownHandler()
