CRITICAL - 2024-07-10 21:59:22 --> syntax error, unexpected single-quoted string "postData", expecting "]"
in APPPATH/Controllers/Home.php on line 277.
 1 SYSTEMPATH/Router/Router.php(512): CodeIgniter\Router\AutoRouter->getRoute()
 2 SYSTEMPATH/Router/Router.php(208): CodeIgniter\Router\Router->autoRoute()
 3 SYSTEMPATH/CodeIgniter.php(800): CodeIgniter\Router\Router->handle()
 4 SYSTEMPATH/CodeIgniter.php(442): CodeIgniter\CodeIgniter->tryToRouteIt()
 5 SYSTEMPATH/CodeIgniter.php(353): CodeIgniter\CodeIgniter->handleRequest()
 6 FCPATH/index.php(79): CodeIgniter\CodeIgniter->run()
CRITICAL - 2024-07-10 21:59:27 --> syntax error, unexpected single-quoted string "postData", expecting "]"
in APPPATH/Controllers/Home.php on line 277.
 1 SYSTEMPATH/Autoloader/Autoloader.php(285): CodeIgniter\Autoloader\Autoloader->includeFile()
 2 SYSTEMPATH/Autoloader/Autoloader.php(263): CodeIgniter\Autoloader\Autoloader->loadInNamespace()
 3 [internal function]: CodeIgniter\Autoloader\Autoloader->loadClass()
 4 SYSTEMPATH/CodeIgniter.php(877): class_exists()
 5 SYSTEMPATH/CodeIgniter.php(481): CodeIgniter\CodeIgniter->startController()
 6 SYSTEMPATH/CodeIgniter.php(353): CodeIgniter\CodeIgniter->handleRequest()
 7 FCPATH/index.php(79): CodeIgniter\CodeIgniter->run()
ERROR - 2024-07-10 23:56:28 --> mysqli_sql_exception: Table 'ADMIN.GU_TMENPTIENEPER_' doesn't exist in /app/myapp/system/Database/MySQLi/Connection.php:306
Stack trace:
#0 /app/myapp/system/Database/MySQLi/Connection.php(306): mysqli->query()
#1 /app/myapp/system/Database/BaseConnection.php(692): CodeIgniter\Database\MySQLi\Connection->execute()
#2 /app/myapp/system/Database/BaseConnection.php(606): CodeIgniter\Database\BaseConnection->simpleQuery()
#3 /app/myapp/app/Models/UserModel.php(315): CodeIgniter\Database\BaseConnection->query()
#4 /app/myapp/app/Controllers/Home.php(260): App\Models\UserModel->buscaExtEdit()
#5 /app/myapp/system/CodeIgniter.php(919): App\Controllers\Home->buscaEditar()
#6 /app/myapp/system/CodeIgniter.php(494): CodeIgniter\CodeIgniter->runController()
#7 /app/myapp/system/CodeIgniter.php(353): CodeIgniter\CodeIgniter->handleRequest()
#8 /app/myapp/public/index.php(79): CodeIgniter\CodeIgniter->run()
#9 {main}
CRITICAL - 2024-07-10 23:56:28 --> Table 'ADMIN.GU_TMENPTIENEPER_' doesn't exist
in SYSTEMPATH/Database/BaseConnection.php on line 646.
 1 APPPATH/Models/UserModel.php(315): CodeIgniter\Database\BaseConnection->query()
 2 APPPATH/Controllers/Home.php(260): App\Models\UserModel->buscaExtEdit()
 3 SYSTEMPATH/CodeIgniter.php(919): App\Controllers\Home->buscaEditar()
 4 SYSTEMPATH/CodeIgniter.php(494): CodeIgniter\CodeIgniter->runController()
 5 SYSTEMPATH/CodeIgniter.php(353): CodeIgniter\CodeIgniter->handleRequest()
 6 FCPATH/index.php(79): CodeIgniter\CodeIgniter->run()
