ERROR - 2024-07-11 00:12:50 --> mysqli_sql_exception: You have an error in your SQL syntax; check the manual that corresponds to your MySQL server version for the right syntax to use near '' at line 13 in /app/myapp/system/Database/MySQLi/Connection.php:306
Stack trace:
#0 /app/myapp/system/Database/MySQLi/Connection.php(306): mysqli->query()
#1 /app/myapp/system/Database/BaseConnection.php(692): CodeIgniter\Database\MySQLi\Connection->execute()
#2 /app/myapp/system/Database/BaseConnection.php(606): CodeIgniter\Database\BaseConnection->simpleQuery()
#3 /app/myapp/app/Models/UserModel.php(320): CodeIgniter\Database\BaseConnection->query()
#4 /app/myapp/app/Controllers/Home.php(260): App\Models\UserModel->buscaExtEdit()
#5 /app/myapp/system/CodeIgniter.php(919): App\Controllers\Home->buscaEditar()
#6 /app/myapp/system/CodeIgniter.php(494): CodeIgniter\CodeIgniter->runController()
#7 /app/myapp/system/CodeIgniter.php(353): CodeIgniter\CodeIgniter->handleRequest()
#8 /app/myapp/public/index.php(79): CodeIgniter\CodeIgniter->run()
#9 {main}
CRITICAL - 2024-07-11 00:12:50 --> You have an error in your SQL syntax; check the manual that corresponds to your MySQL server version for the right syntax to use near '' at line 13
in SYSTEMPATH/Database/BaseConnection.php on line 646.
 1 APPPATH/Models/UserModel.php(320): CodeIgniter\Database\BaseConnection->query()
 2 APPPATH/Controllers/Home.php(260): App\Models\UserModel->buscaExtEdit()
 3 SYSTEMPATH/CodeIgniter.php(919): App\Controllers\Home->buscaEditar()
 4 SYSTEMPATH/CodeIgniter.php(494): CodeIgniter\CodeIgniter->runController()
 5 SYSTEMPATH/CodeIgniter.php(353): CodeIgniter\CodeIgniter->handleRequest()
 6 FCPATH/index.php(79): CodeIgniter\CodeIgniter->run()
ERROR - 2024-07-11 00:13:24 --> mysqli_sql_exception: You have an error in your SQL syntax; check the manual that corresponds to your MySQL server version for the right syntax to use near '' at line 11 in /app/myapp/system/Database/MySQLi/Connection.php:306
Stack trace:
#0 /app/myapp/system/Database/MySQLi/Connection.php(306): mysqli->query()
#1 /app/myapp/system/Database/BaseConnection.php(692): CodeIgniter\Database\MySQLi\Connection->execute()
#2 /app/myapp/system/Database/BaseConnection.php(606): CodeIgniter\Database\BaseConnection->simpleQuery()
#3 /app/myapp/app/Models/UserModel.php(301): CodeIgniter\Database\BaseConnection->query()
#4 /app/myapp/app/Controllers/Home.php(260): App\Models\UserModel->buscaExtEdit()
#5 /app/myapp/system/CodeIgniter.php(919): App\Controllers\Home->buscaEditar()
#6 /app/myapp/system/CodeIgniter.php(494): CodeIgniter\CodeIgniter->runController()
#7 /app/myapp/system/CodeIgniter.php(353): CodeIgniter\CodeIgniter->handleRequest()
#8 /app/myapp/public/index.php(79): CodeIgniter\CodeIgniter->run()
#9 {main}
CRITICAL - 2024-07-11 00:13:25 --> You have an error in your SQL syntax; check the manual that corresponds to your MySQL server version for the right syntax to use near '' at line 11
in SYSTEMPATH/Database/BaseConnection.php on line 646.
 1 APPPATH/Models/UserModel.php(301): CodeIgniter\Database\BaseConnection->query()
 2 APPPATH/Controllers/Home.php(260): App\Models\UserModel->buscaExtEdit()
 3 SYSTEMPATH/CodeIgniter.php(919): App\Controllers\Home->buscaEditar()
 4 SYSTEMPATH/CodeIgniter.php(494): CodeIgniter\CodeIgniter->runController()
 5 SYSTEMPATH/CodeIgniter.php(353): CodeIgniter\CodeIgniter->handleRequest()
 6 FCPATH/index.php(79): CodeIgniter\CodeIgniter->run()
ERROR - 2024-07-11 00:58:15 --> mysqli_sql_exception: Table 'ADMIN.FE_USERS_' doesn't exist in /app/myapp/system/Database/MySQLi/Connection.php:306
Stack trace:
#0 /app/myapp/system/Database/MySQLi/Connection.php(306): mysqli->query()
#1 /app/myapp/system/Database/BaseConnection.php(692): CodeIgniter\Database\MySQLi\Connection->execute()
#2 /app/myapp/system/Database/BaseConnection.php(606): CodeIgniter\Database\BaseConnection->simpleQuery()
#3 /app/myapp/app/Models/UserModel.php(216): CodeIgniter\Database\BaseConnection->query()
#4 /app/myapp/app/Controllers/Home.php(247): App\Models\UserModel->grabaUsu()
#5 /app/myapp/system/CodeIgniter.php(919): App\Controllers\Home->fn_gestion_perfil()
#6 /app/myapp/system/CodeIgniter.php(494): CodeIgniter\CodeIgniter->runController()
#7 /app/myapp/system/CodeIgniter.php(353): CodeIgniter\CodeIgniter->handleRequest()
#8 /app/myapp/public/index.php(79): CodeIgniter\CodeIgniter->run()
#9 {main}
CRITICAL - 2024-07-11 00:58:15 --> Call to a member function getResultArray() on bool
in APPPATH/Models/UserModel.php on line 216.
 1 APPPATH/Controllers/Home.php(247): App\Models\UserModel->grabaUsu()
 2 SYSTEMPATH/CodeIgniter.php(919): App\Controllers\Home->fn_gestion_perfil()
 3 SYSTEMPATH/CodeIgniter.php(494): CodeIgniter\CodeIgniter->runController()
 4 SYSTEMPATH/CodeIgniter.php(353): CodeIgniter\CodeIgniter->handleRequest()
 5 FCPATH/index.php(79): CodeIgniter\CodeIgniter->run()
