CRITICAL - 2023-12-07 15:22:58 --> Undefined variable $arr_empresas
in APPPATH/Views/administrador.php on line 285.
 1 APPPATH/Views/administrador.php(285): CodeIgniter\Debug\Exceptions->errorHandler()
 2 SYSTEMPATH/View/View.php(226): include('/app/myapp/app/Views/administrador.php')
 3 SYSTEMPATH/View/View.php(229): CodeIgniter\View\View->CodeIgniter\View\{closure}()
 4 SYSTEMPATH/Common.php(1188): CodeIgniter\View\View->render()
 5 APPPATH/Controllers/Home.php(28): view()
 6 SYSTEMPATH/CodeIgniter.php(919): App\Controllers\Home->administrador()
 7 SYSTEMPATH/CodeIgniter.php(494): CodeIgniter\CodeIgniter->runController()
 8 SYSTEMPATH/CodeIgniter.php(353): CodeIgniter\CodeIgniter->handleRequest()
 9 FCPATH/index.php(79): CodeIgniter\CodeIgniter->run()
CRITICAL - 2023-12-07 15:23:00 --> Undefined variable $arr_empresas
in APPPATH/Views/administrador.php on line 285.
 1 APPPATH/Views/administrador.php(285): CodeIgniter\Debug\Exceptions->errorHandler()
 2 SYSTEMPATH/View/View.php(226): include('/app/myapp/app/Views/administrador.php')
 3 SYSTEMPATH/View/View.php(229): CodeIgniter\View\View->CodeIgniter\View\{closure}()
 4 SYSTEMPATH/Common.php(1188): CodeIgniter\View\View->render()
 5 APPPATH/Controllers/Home.php(28): view()
 6 SYSTEMPATH/CodeIgniter.php(919): App\Controllers\Home->administrador()
 7 SYSTEMPATH/CodeIgniter.php(494): CodeIgniter\CodeIgniter->runController()
 8 SYSTEMPATH/CodeIgniter.php(353): CodeIgniter\CodeIgniter->handleRequest()
 9 FCPATH/index.php(79): CodeIgniter\CodeIgniter->run()
CRITICAL - 2023-12-07 15:24:22 --> Undefined variable $arr_empresas
in APPPATH/Views/administrador.php on line 285.
 1 APPPATH/Views/administrador.php(285): CodeIgniter\Debug\Exceptions->errorHandler()
 2 SYSTEMPATH/View/View.php(226): include('/app/myapp/app/Views/administrador.php')
 3 SYSTEMPATH/View/View.php(229): CodeIgniter\View\View->CodeIgniter\View\{closure}()
 4 SYSTEMPATH/Common.php(1188): CodeIgniter\View\View->render()
 5 APPPATH/Controllers/Home.php(28): view()
 6 SYSTEMPATH/CodeIgniter.php(919): App\Controllers\Home->administrador()
 7 SYSTEMPATH/CodeIgniter.php(494): CodeIgniter\CodeIgniter->runController()
 8 SYSTEMPATH/CodeIgniter.php(353): CodeIgniter\CodeIgniter->handleRequest()
 9 FCPATH/index.php(79): CodeIgniter\CodeIgniter->run()
CRITICAL - 2023-12-07 15:24:24 --> Undefined variable $arr_empresas
in APPPATH/Views/administrador.php on line 285.
 1 APPPATH/Views/administrador.php(285): CodeIgniter\Debug\Exceptions->errorHandler()
 2 SYSTEMPATH/View/View.php(226): include('/app/myapp/app/Views/administrador.php')
 3 SYSTEMPATH/View/View.php(229): CodeIgniter\View\View->CodeIgniter\View\{closure}()
 4 SYSTEMPATH/Common.php(1188): CodeIgniter\View\View->render()
 5 APPPATH/Controllers/Home.php(28): view()
 6 SYSTEMPATH/CodeIgniter.php(919): App\Controllers\Home->administrador()
 7 SYSTEMPATH/CodeIgniter.php(494): CodeIgniter\CodeIgniter->runController()
 8 SYSTEMPATH/CodeIgniter.php(353): CodeIgniter\CodeIgniter->handleRequest()
 9 FCPATH/index.php(79): CodeIgniter\CodeIgniter->run()
CRITICAL - 2023-12-07 15:24:42 --> Undefined variable $arr_empresas
in APPPATH/Views/administrador.php on line 285.
 1 APPPATH/Views/administrador.php(285): CodeIgniter\Debug\Exceptions->errorHandler()
 2 SYSTEMPATH/View/View.php(226): include('/app/myapp/app/Views/administrador.php')
 3 SYSTEMPATH/View/View.php(229): CodeIgniter\View\View->CodeIgniter\View\{closure}()
 4 SYSTEMPATH/Common.php(1188): CodeIgniter\View\View->render()
 5 APPPATH/Controllers/Home.php(28): view()
 6 SYSTEMPATH/CodeIgniter.php(919): App\Controllers\Home->administrador()
 7 SYSTEMPATH/CodeIgniter.php(494): CodeIgniter\CodeIgniter->runController()
 8 SYSTEMPATH/CodeIgniter.php(353): CodeIgniter\CodeIgniter->handleRequest()
 9 FCPATH/index.php(79): CodeIgniter\CodeIgniter->run()
CRITICAL - 2023-12-07 15:24:44 --> Undefined variable $arr_empresas
in APPPATH/Views/administrador.php on line 285.
 1 APPPATH/Views/administrador.php(285): CodeIgniter\Debug\Exceptions->errorHandler()
 2 SYSTEMPATH/View/View.php(226): include('/app/myapp/app/Views/administrador.php')
 3 SYSTEMPATH/View/View.php(229): CodeIgniter\View\View->CodeIgniter\View\{closure}()
 4 SYSTEMPATH/Common.php(1188): CodeIgniter\View\View->render()
 5 APPPATH/Controllers/Home.php(28): view()
 6 SYSTEMPATH/CodeIgniter.php(919): App\Controllers\Home->administrador()
 7 SYSTEMPATH/CodeIgniter.php(494): CodeIgniter\CodeIgniter->runController()
 8 SYSTEMPATH/CodeIgniter.php(353): CodeIgniter\CodeIgniter->handleRequest()
 9 FCPATH/index.php(79): CodeIgniter\CodeIgniter->run()
CRITICAL - 2023-12-07 15:31:43 --> Undefined variable $arr_empresas
in APPPATH/Views/administrador.php on line 284.
 1 APPPATH/Views/administrador.php(284): CodeIgniter\Debug\Exceptions->errorHandler()
 2 SYSTEMPATH/View/View.php(226): include('/app/myapp/app/Views/administrador.php')
 3 SYSTEMPATH/View/View.php(229): CodeIgniter\View\View->CodeIgniter\View\{closure}()
 4 SYSTEMPATH/Common.php(1188): CodeIgniter\View\View->render()
 5 APPPATH/Controllers/Home.php(28): view()
 6 SYSTEMPATH/CodeIgniter.php(919): App\Controllers\Home->administrador()
 7 SYSTEMPATH/CodeIgniter.php(494): CodeIgniter\CodeIgniter->runController()
 8 SYSTEMPATH/CodeIgniter.php(353): CodeIgniter\CodeIgniter->handleRequest()
 9 FCPATH/index.php(79): CodeIgniter\CodeIgniter->run()
CRITICAL - 2023-12-07 15:32:05 --> Undefined variable $arr_empresas
in APPPATH/Views/administrador.php on line 284.
 1 APPPATH/Views/administrador.php(284): CodeIgniter\Debug\Exceptions->errorHandler()
 2 SYSTEMPATH/View/View.php(226): include('/app/myapp/app/Views/administrador.php')
 3 SYSTEMPATH/View/View.php(229): CodeIgniter\View\View->CodeIgniter\View\{closure}()
 4 SYSTEMPATH/Common.php(1188): CodeIgniter\View\View->render()
 5 APPPATH/Controllers/Home.php(28): view()
 6 SYSTEMPATH/CodeIgniter.php(919): App\Controllers\Home->administrador()
 7 SYSTEMPATH/CodeIgniter.php(494): CodeIgniter\CodeIgniter->runController()
 8 SYSTEMPATH/CodeIgniter.php(353): CodeIgniter\CodeIgniter->handleRequest()
 9 FCPATH/index.php(79): CodeIgniter\CodeIgniter->run()
